2016-05-26 13:02:12 ERROR ControllerLogin:69 - Login fehlgeschlagen'
com.sun.xml.internal.ws.fault.ServerSOAPFaultException: Client received SOAP Fault from server: error unmarshalling return; nested exception is: 
	java.io.InvalidClassException: projekt.feukora.server.model.User; local class incompatible: stream classdesc serialVersionUID = -1981895962123340690, local class serialVersionUID = -5119078152944184588 Please see the server log to find more detail regarding exact cause of the failure.
	at com.sun.xml.internal.ws.fault.SOAP11Fault.getProtocolException(Unknown Source)
	at com.sun.xml.internal.ws.fault.SOAPFaultBuilder.createException(Unknown Source)
	at com.sun.xml.internal.ws.client.sei.StubHandler.readResponse(Unknown Source)
	at com.sun.xml.internal.ws.db.DatabindingImpl.deserializeResponse(Unknown Source)
	at com.sun.xml.internal.ws.db.DatabindingImpl.deserializeResponse(Unknown Source)
	at com.sun.xml.internal.ws.client.sei.SyncMethodHandler.invoke(Unknown Source)
	at com.sun.xml.internal.ws.client.sei.SyncMethodHandler.invoke(Unknown Source)
	at com.sun.xml.internal.ws.client.sei.SEIStub.invoke(Unknown Source)
	at com.sun.proxy.$Proxy35.login(Unknown Source)
	at login.controller.ControllerLogin.ActionPasswordLoginTextfield(ControllerLogin.java:50)
	at sun.reflect.NativeMethodAccessorImpl.invoke0(Native Method)
	at sun.reflect.NativeMethodAccessorImpl.invoke(Unknown Source)
	at sun.reflect.DelegatingMethodAccessorImpl.invoke(Unknown Source)
	at java.lang.reflect.Method.invoke(Unknown Source)
	at sun.reflect.misc.Trampoline.invoke(Unknown Source)
	at sun.reflect.GeneratedMethodAccessor1.invoke(Unknown Source)
	at sun.reflect.DelegatingMethodAccessorImpl.invoke(Unknown Source)
	at java.lang.reflect.Method.invoke(Unknown Source)
	at sun.reflect.misc.MethodUtil.invoke(Unknown Source)
	at javafx.fxml.FXMLLoader$MethodHandler.invoke(Unknown Source)
	at javafx.fxml.FXMLLoader$ControllerMethodEventHandler.handle(Unknown Source)
	at com.sun.javafx.event.CompositeEventHandler.dispatchBubblingEvent(Unknown Source)
	at com.sun.javafx.event.EventHandlerManager.dispatchBubblingEvent(Unknown Source)
	at com.sun.javafx.event.EventHandlerManager.dispatchBubblingEvent(Unknown Source)
	at com.sun.javafx.event.CompositeEventDispatcher.dispatchBubblingEvent(Unknown Source)
	at com.sun.javafx.event.BasicEventDispatcher.dispatchEvent(Unknown Source)
	at com.sun.javafx.event.EventDispatchChainImpl.dispatchEvent(Unknown Source)
	at com.sun.javafx.event.BasicEventDispatcher.dispatchEvent(Unknown Source)
	at com.sun.javafx.event.EventDispatchChainImpl.dispatchEvent(Unknown Source)
	at com.sun.javafx.event.BasicEventDispatcher.dispatchEvent(Unknown Source)
	at com.sun.javafx.event.EventDispatchChainImpl.dispatchEvent(Unknown Source)
	at com.sun.javafx.event.EventUtil.fireEventImpl(Unknown Source)
	at com.sun.javafx.event.EventUtil.fireEvent(Unknown Source)
	at javafx.event.Event.fireEvent(Unknown Source)
	at javafx.scene.Node.fireEvent(Unknown Source)
	at com.sun.javafx.scene.control.behavior.TextFieldBehavior.fire(Unknown Source)
	at com.sun.javafx.scene.control.behavior.TextInputControlBehavior.callAction(Unknown Source)
	at com.sun.javafx.scene.control.behavior.BehaviorBase.callActionForEvent(Unknown Source)
	at com.sun.javafx.scene.control.behavior.TextInputControlBehavior.callActionForEvent(Unknown Source)
	at com.sun.javafx.scene.control.behavior.BehaviorBase.lambda$new$74(Unknown Source)
	at com.sun.javafx.event.CompositeEventHandler$NormalEventHandlerRecord.handleBubblingEvent(Unknown Source)
	at com.sun.javafx.event.CompositeEventHandler.dispatchBubblingEvent(Unknown Source)
	at com.sun.javafx.event.EventHandlerManager.dispatchBubblingEvent(Unknown Source)
	at com.sun.javafx.event.EventHandlerManager.dispatchBubblingEvent(Unknown Source)
	at com.sun.javafx.event.CompositeEventDispatcher.dispatchBubblingEvent(Unknown Source)
	at com.sun.javafx.event.BasicEventDispatcher.dispatchEvent(Unknown Source)
	at com.sun.javafx.event.EventDispatchChainImpl.dispatchEvent(Unknown Source)
	at com.sun.javafx.event.BasicEventDispatcher.dispatchEvent(Unknown Source)
	at com.sun.javafx.event.EventDispatchChainImpl.dispatchEvent(Unknown Source)
	at com.sun.javafx.event.BasicEventDispatcher.dispatchEvent(Unknown Source)
	at com.sun.javafx.event.EventDispatchChainImpl.dispatchEvent(Unknown Source)
	at com.sun.javafx.event.EventUtil.fireEventImpl(Unknown Source)
	at com.sun.javafx.event.EventUtil.fireEvent(Unknown Source)
	at javafx.event.Event.fireEvent(Unknown Source)
	at javafx.scene.Scene$KeyHandler.process(Unknown Source)
	at javafx.scene.Scene$KeyHandler.access$1800(Unknown Source)
	at javafx.scene.Scene.impl_processKeyEvent(Unknown Source)
	at javafx.scene.Scene$ScenePeerListener.keyEvent(Unknown Source)
	at com.sun.javafx.tk.quantum.GlassViewEventHandler$KeyEventNotification.run(Unknown Source)
	at com.sun.javafx.tk.quantum.GlassViewEventHandler$KeyEventNotification.run(Unknown Source)
	at java.security.AccessController.doPrivileged(Native Method)
	at com.sun.javafx.tk.quantum.GlassViewEventHandler.lambda$handleKeyEvent$353(Unknown Source)
	at com.sun.javafx.tk.quantum.QuantumToolkit.runWithoutRenderLock(Unknown Source)
	at com.sun.javafx.tk.quantum.GlassViewEventHandler.handleKeyEvent(Unknown Source)
	at com.sun.glass.ui.View.handleKeyEvent(Unknown Source)
	at com.sun.glass.ui.View.notifyKey(Unknown Source)
	at com.sun.glass.ui.win.WinApplication._runLoop(Native Method)
	at com.sun.glass.ui.win.WinApplication.lambda$null$148(Unknown Source)
	at java.lang.Thread.run(Unknown Source)
2016-05-26 13:02:53 ERROR ControllerLogin:69 - Login fehlgeschlagen'
com.sun.xml.internal.ws.fault.ServerSOAPFaultException: Client received SOAP Fault from server: error unmarshalling return; nested exception is: 
	java.io.InvalidClassException: projekt.feukora.server.model.User; local class incompatible: stream classdesc serialVersionUID = -1981895962123340690, local class serialVersionUID = -5119078152944184588 Please see the server log to find more detail regarding exact cause of the failure.
	at com.sun.xml.internal.ws.fault.SOAP11Fault.getProtocolException(Unknown Source)
	at com.sun.xml.internal.ws.fault.SOAPFaultBuilder.createException(Unknown Source)
	at com.sun.xml.internal.ws.client.sei.StubHandler.readResponse(Unknown Source)
	at com.sun.xml.internal.ws.db.DatabindingImpl.deserializeResponse(Unknown Source)
	at com.sun.xml.internal.ws.db.DatabindingImpl.deserializeResponse(Unknown Source)
	at com.sun.xml.internal.ws.client.sei.SyncMethodHandler.invoke(Unknown Source)
	at com.sun.xml.internal.ws.client.sei.SyncMethodHandler.invoke(Unknown Source)
	at com.sun.xml.internal.ws.client.sei.SEIStub.invoke(Unknown Source)
	at com.sun.proxy.$Proxy35.login(Unknown Source)
	at login.controller.ControllerLogin.ActionPasswordLoginTextfield(ControllerLogin.java:50)
	at sun.reflect.NativeMethodAccessorImpl.invoke0(Native Method)
	at sun.reflect.NativeMethodAccessorImpl.invoke(Unknown Source)
	at sun.reflect.DelegatingMethodAccessorImpl.invoke(Unknown Source)
	at java.lang.reflect.Method.invoke(Unknown Source)
	at sun.reflect.misc.Trampoline.invoke(Unknown Source)
	at sun.reflect.GeneratedMethodAccessor1.invoke(Unknown Source)
	at sun.reflect.DelegatingMethodAccessorImpl.invoke(Unknown Source)
	at java.lang.reflect.Method.invoke(Unknown Source)
	at sun.reflect.misc.MethodUtil.invoke(Unknown Source)
	at javafx.fxml.FXMLLoader$MethodHandler.invoke(Unknown Source)
	at javafx.fxml.FXMLLoader$ControllerMethodEventHandler.handle(Unknown Source)
	at com.sun.javafx.event.CompositeEventHandler.dispatchBubblingEvent(Unknown Source)
	at com.sun.javafx.event.EventHandlerManager.dispatchBubblingEvent(Unknown Source)
	at com.sun.javafx.event.EventHandlerManager.dispatchBubblingEvent(Unknown Source)
	at com.sun.javafx.event.CompositeEventDispatcher.dispatchBubblingEvent(Unknown Source)
	at com.sun.javafx.event.BasicEventDispatcher.dispatchEvent(Unknown Source)
	at com.sun.javafx.event.EventDispatchChainImpl.dispatchEvent(Unknown Source)
	at com.sun.javafx.event.BasicEventDispatcher.dispatchEvent(Unknown Source)
	at com.sun.javafx.event.EventDispatchChainImpl.dispatchEvent(Unknown Source)
	at com.sun.javafx.event.BasicEventDispatcher.dispatchEvent(Unknown Source)
	at com.sun.javafx.event.EventDispatchChainImpl.dispatchEvent(Unknown Source)
	at com.sun.javafx.event.EventUtil.fireEventImpl(Unknown Source)
	at com.sun.javafx.event.EventUtil.fireEvent(Unknown Source)
	at javafx.event.Event.fireEvent(Unknown Source)
	at javafx.scene.Node.fireEvent(Unknown Source)
	at com.sun.javafx.scene.control.behavior.TextFieldBehavior.fire(Unknown Source)
	at com.sun.javafx.scene.control.behavior.TextInputControlBehavior.callAction(Unknown Source)
	at com.sun.javafx.scene.control.behavior.BehaviorBase.callActionForEvent(Unknown Source)
	at com.sun.javafx.scene.control.behavior.TextInputControlBehavior.callActionForEvent(Unknown Source)
	at com.sun.javafx.scene.control.behavior.BehaviorBase.lambda$new$74(Unknown Source)
	at com.sun.javafx.event.CompositeEventHandler$NormalEventHandlerRecord.handleBubblingEvent(Unknown Source)
	at com.sun.javafx.event.CompositeEventHandler.dispatchBubblingEvent(Unknown Source)
	at com.sun.javafx.event.EventHandlerManager.dispatchBubblingEvent(Unknown Source)
	at com.sun.javafx.event.EventHandlerManager.dispatchBubblingEvent(Unknown Source)
	at com.sun.javafx.event.CompositeEventDispatcher.dispatchBubblingEvent(Unknown Source)
	at com.sun.javafx.event.BasicEventDispatcher.dispatchEvent(Unknown Source)
	at com.sun.javafx.event.EventDispatchChainImpl.dispatchEvent(Unknown Source)
	at com.sun.javafx.event.BasicEventDispatcher.dispatchEvent(Unknown Source)
	at com.sun.javafx.event.EventDispatchChainImpl.dispatchEvent(Unknown Source)
	at com.sun.javafx.event.BasicEventDispatcher.dispatchEvent(Unknown Source)
	at com.sun.javafx.event.EventDispatchChainImpl.dispatchEvent(Unknown Source)
	at com.sun.javafx.event.EventUtil.fireEventImpl(Unknown Source)
	at com.sun.javafx.event.EventUtil.fireEvent(Unknown Source)
	at javafx.event.Event.fireEvent(Unknown Source)
	at javafx.scene.Scene$KeyHandler.process(Unknown Source)
	at javafx.scene.Scene$KeyHandler.access$1800(Unknown Source)
	at javafx.scene.Scene.impl_processKeyEvent(Unknown Source)
	at javafx.scene.Scene$ScenePeerListener.keyEvent(Unknown Source)
	at com.sun.javafx.tk.quantum.GlassViewEventHandler$KeyEventNotification.run(Unknown Source)
	at com.sun.javafx.tk.quantum.GlassViewEventHandler$KeyEventNotification.run(Unknown Source)
	at java.security.AccessController.doPrivileged(Native Method)
	at com.sun.javafx.tk.quantum.GlassViewEventHandler.lambda$handleKeyEvent$353(Unknown Source)
	at com.sun.javafx.tk.quantum.QuantumToolkit.runWithoutRenderLock(Unknown Source)
	at com.sun.javafx.tk.quantum.GlassViewEventHandler.handleKeyEvent(Unknown Source)
	at com.sun.glass.ui.View.handleKeyEvent(Unknown Source)
	at com.sun.glass.ui.View.notifyKey(Unknown Source)
	at com.sun.glass.ui.win.WinApplication._runLoop(Native Method)
	at com.sun.glass.ui.win.WinApplication.lambda$null$148(Unknown Source)
	at java.lang.Thread.run(Unknown Source)
2016-05-26 13:04:19 ERROR ControllerLogin:105 - Login fehlgeschlagen'
javax.xml.ws.WebServiceException: Kein Zugriff auf WSDL bei: http://localhost:9090/project.feukora.webservice?wsdl. Zugriff nicht erfolgreich mit: 
	Connection refused: connect.
	at com.sun.xml.internal.ws.wsdl.parser.RuntimeWSDLParser.tryWithMex(Unknown Source)
	at com.sun.xml.internal.ws.wsdl.parser.RuntimeWSDLParser.parse(Unknown Source)
	at com.sun.xml.internal.ws.wsdl.parser.RuntimeWSDLParser.parse(Unknown Source)
	at com.sun.xml.internal.ws.wsdl.parser.RuntimeWSDLParser.parse(Unknown Source)
	at com.sun.xml.internal.ws.client.WSServiceDelegate.parseWSDL(Unknown Source)
	at com.sun.xml.internal.ws.client.WSServiceDelegate.<init>(Unknown Source)
	at com.sun.xml.internal.ws.client.WSServiceDelegate.<init>(Unknown Source)
	at com.sun.xml.internal.ws.client.WSServiceDelegate.<init>(Unknown Source)
	at com.sun.xml.internal.ws.client.WSServiceDelegate.<init>(Unknown Source)
	at com.sun.xml.internal.ws.spi.ProviderImpl.createServiceDelegate(Unknown Source)
	at javax.xml.ws.Service.<init>(Unknown Source)
	at project.feukora.webservice.model.FeukoraServiceService.<init>(FeukoraServiceService.java:42)
	at login.controller.ControllerLogin.ActionLoginLogin(ControllerLogin.java:84)
	at sun.reflect.NativeMethodAccessorImpl.invoke0(Native Method)
	at sun.reflect.NativeMethodAccessorImpl.invoke(Unknown Source)
	at sun.reflect.DelegatingMethodAccessorImpl.invoke(Unknown Source)
	at java.lang.reflect.Method.invoke(Unknown Source)
	at sun.reflect.misc.Trampoline.invoke(Unknown Source)
	at sun.reflect.GeneratedMethodAccessor1.invoke(Unknown Source)
	at sun.reflect.DelegatingMethodAccessorImpl.invoke(Unknown Source)
	at java.lang.reflect.Method.invoke(Unknown Source)
	at sun.reflect.misc.MethodUtil.invoke(Unknown Source)
	at javafx.fxml.FXMLLoader$MethodHandler.invoke(Unknown Source)
	at javafx.fxml.FXMLLoader$ControllerMethodEventHandler.handle(Unknown Source)
	at com.sun.javafx.event.CompositeEventHandler.dispatchBubblingEvent(Unknown Source)
	at com.sun.javafx.event.EventHandlerManager.dispatchBubblingEvent(Unknown Source)
	at com.sun.javafx.event.EventHandlerManager.dispatchBubblingEvent(Unknown Source)
	at com.sun.javafx.event.CompositeEventDispatcher.dispatchBubblingEvent(Unknown Source)
	at com.sun.javafx.event.BasicEventDispatcher.dispatchEvent(Unknown Source)
	at com.sun.javafx.event.EventDispatchChainImpl.dispatchEvent(Unknown Source)
	at com.sun.javafx.event.BasicEventDispatcher.dispatchEvent(Unknown Source)
	at com.sun.javafx.event.EventDispatchChainImpl.dispatchEvent(Unknown Source)
	at com.sun.javafx.event.BasicEventDispatcher.dispatchEvent(Unknown Source)
	at com.sun.javafx.event.EventDispatchChainImpl.dispatchEvent(Unknown Source)
	at com.sun.javafx.event.EventUtil.fireEventImpl(Unknown Source)
	at com.sun.javafx.event.EventUtil.fireEvent(Unknown Source)
	at javafx.event.Event.fireEvent(Unknown Source)
	at javafx.scene.Node.fireEvent(Unknown Source)
	at javafx.scene.control.Button.fire(Unknown Source)
	at com.sun.javafx.scene.control.behavior.ButtonBehavior.mouseReleased(Unknown Source)
	at com.sun.javafx.scene.control.skin.BehaviorSkinBase$1.handle(Unknown Source)
	at com.sun.javafx.scene.control.skin.BehaviorSkinBase$1.handle(Unknown Source)
	at com.sun.javafx.event.CompositeEventHandler$NormalEventHandlerRecord.handleBubblingEvent(Unknown Source)
	at com.sun.javafx.event.CompositeEventHandler.dispatchBubblingEvent(Unknown Source)
	at com.sun.javafx.event.EventHandlerManager.dispatchBubblingEvent(Unknown Source)
	at com.sun.javafx.event.EventHandlerManager.dispatchBubblingEvent(Unknown Source)
	at com.sun.javafx.event.CompositeEventDispatcher.dispatchBubblingEvent(Unknown Source)
	at com.sun.javafx.event.BasicEventDispatcher.dispatchEvent(Unknown Source)
	at com.sun.javafx.event.EventDispatchChainImpl.dispatchEvent(Unknown Source)
	at com.sun.javafx.event.BasicEventDispatcher.dispatchEvent(Unknown Source)
	at com.sun.javafx.event.EventDispatchChainImpl.dispatchEvent(Unknown Source)
	at com.sun.javafx.event.BasicEventDispatcher.dispatchEvent(Unknown Source)
	at com.sun.javafx.event.EventDispatchChainImpl.dispatchEvent(Unknown Source)
	at com.sun.javafx.event.EventUtil.fireEventImpl(Unknown Source)
	at com.sun.javafx.event.EventUtil.fireEvent(Unknown Source)
	at javafx.event.Event.fireEvent(Unknown Source)
	at javafx.scene.Scene$MouseHandler.process(Unknown Source)
	at javafx.scene.Scene$MouseHandler.access$1500(Unknown Source)
	at javafx.scene.Scene.impl_processMouseEvent(Unknown Source)
	at javafx.scene.Scene$ScenePeerListener.mouseEvent(Unknown Source)
	at com.sun.javafx.tk.quantum.GlassViewEventHandler$MouseEventNotification.run(Unknown Source)
	at com.sun.javafx.tk.quantum.GlassViewEventHandler$MouseEventNotification.run(Unknown Source)
	at java.security.AccessController.doPrivileged(Native Method)
	at com.sun.javafx.tk.quantum.GlassViewEventHandler.lambda$handleMouseEvent$354(Unknown Source)
	at com.sun.javafx.tk.quantum.QuantumToolkit.runWithoutRenderLock(Unknown Source)
	at com.sun.javafx.tk.quantum.GlassViewEventHandler.handleMouseEvent(Unknown Source)
	at com.sun.glass.ui.View.handleMouseEvent(Unknown Source)
	at com.sun.glass.ui.View.notifyMouse(Unknown Source)
	at com.sun.glass.ui.win.WinApplication._runLoop(Native Method)
	at com.sun.glass.ui.win.WinApplication.lambda$null$148(Unknown Source)
	at java.lang.Thread.run(Unknown Source)
Caused by: java.net.ConnectException: Connection refused: connect
	at java.net.DualStackPlainSocketImpl.connect0(Native Method)
	at java.net.DualStackPlainSocketImpl.socketConnect(Unknown Source)
	at java.net.AbstractPlainSocketImpl.doConnect(Unknown Source)
	at java.net.AbstractPlainSocketImpl.connectToAddress(Unknown Source)
	at java.net.AbstractPlainSocketImpl.connect(Unknown Source)
	at java.net.PlainSocketImpl.connect(Unknown Source)
	at java.net.SocksSocketImpl.connect(Unknown Source)
	at java.net.Socket.connect(Unknown Source)
	at java.net.Socket.connect(Unknown Source)
	at sun.net.NetworkClient.doConnect(Unknown Source)
	at sun.net.www.http.HttpClient.openServer(Unknown Source)
	at sun.net.www.http.HttpClient.openServer(Unknown Source)
	at sun.net.www.http.HttpClient.<init>(Unknown Source)
	at sun.net.www.http.HttpClient.New(Unknown Source)
	at sun.net.www.http.HttpClient.New(Unknown Source)
	at sun.net.www.protocol.http.HttpURLConnection.getNewHttpClient(Unknown Source)
	at sun.net.www.protocol.http.HttpURLConnection.plainConnect0(Unknown Source)
	at sun.net.www.protocol.http.HttpURLConnection.plainConnect(Unknown Source)
	at sun.net.www.protocol.http.HttpURLConnection.connect(Unknown Source)
	at sun.net.www.protocol.http.HttpURLConnection.getInputStream0(Unknown Source)
	at sun.net.www.protocol.http.HttpURLConnection.getInputStream(Unknown Source)
	at java.net.URL.openStream(Unknown Source)
	at com.sun.xml.internal.ws.wsdl.parser.RuntimeWSDLParser.createReader(Unknown Source)
	at com.sun.xml.internal.ws.wsdl.parser.RuntimeWSDLParser.resolveWSDL(Unknown Source)
	... 70 more
