2016-05-08 16:56:40 ERROR GenericPersisterImpl:44 - Fehler beim Speichern der Entity vom Typ 'projekt.feukora.server.model.Customer': [projekt.feukora.server.model.Customer@38018b62]
javax.persistence.RollbackException: Exception [EclipseLink-4002] (Eclipse Persistence Services - 2.3.3.v20120629-r11760): org.eclipse.persistence.exceptions.DatabaseException
Internal Exception: org.postgresql.util.PSQLException: FEHLER: doppelter Schlüsselwert verletzt Unique-Constraint „customer_pkey“
  Detail: Schlüssel „(customerid)=(0)“ existiert bereits.
Error Code: 0
Call: INSERT INTO CUSTOMER (CUSTOMERID, ADRESS, COMPANYNAME, EMAIL, FIRSTNAME, LASTNAME, PHONE) VALUES (?, ?, ?, ?, ?, ?, ?)
	bind => [7 parameters bound]
Query: InsertObjectQuery(projekt.feukora.server.model.Customer@38018b62)
	at org.eclipse.persistence.internal.jpa.transaction.EntityTransactionImpl.commitInternal(EntityTransactionImpl.java:102)
	at org.eclipse.persistence.internal.jpa.transaction.EntityTransactionImpl.commit(EntityTransactionImpl.java:63)
	at projekt.feukora.server.persister.GenericPersisterImpl.save(GenericPersisterImpl.java:39)
	at projekt.feukora.server.persister.CustomerPersisterImpl.saveCustomer(CustomerPersisterImpl.java:15)
	at test.project.feukora.server.persister.CustomerPersisterTest.init(CustomerPersisterTest.java:147)
	at test.project.feukora.server.persister.CustomerPersisterTest.setUp(CustomerPersisterTest.java:22)
	at sun.reflect.NativeMethodAccessorImpl.invoke0(Native Method)
	at sun.reflect.NativeMethodAccessorImpl.invoke(Unknown Source)
	at sun.reflect.DelegatingMethodAccessorImpl.invoke(Unknown Source)
	at java.lang.reflect.Method.invoke(Unknown Source)
	at org.junit.runners.model.FrameworkMethod$1.runReflectiveCall(FrameworkMethod.java:50)
	at org.junit.internal.runners.model.ReflectiveCallable.run(ReflectiveCallable.java:12)
	at org.junit.runners.model.FrameworkMethod.invokeExplosively(FrameworkMethod.java:47)
	at org.junit.internal.runners.statements.RunBefores.evaluate(RunBefores.java:24)
	at org.junit.internal.runners.statements.RunAfters.evaluate(RunAfters.java:27)
	at org.junit.runners.ParentRunner.runLeaf(ParentRunner.java:325)
	at org.junit.runners.BlockJUnit4ClassRunner.runChild(BlockJUnit4ClassRunner.java:78)
	at org.junit.runners.BlockJUnit4ClassRunner.runChild(BlockJUnit4ClassRunner.java:57)
	at org.junit.runners.ParentRunner$3.run(ParentRunner.java:290)
	at org.junit.runners.ParentRunner$1.schedule(ParentRunner.java:71)
	at org.junit.runners.ParentRunner.runChildren(ParentRunner.java:288)
	at org.junit.runners.ParentRunner.access$000(ParentRunner.java:58)
	at org.junit.runners.ParentRunner$2.evaluate(ParentRunner.java:268)
	at org.junit.runners.ParentRunner.run(ParentRunner.java:363)
	at org.eclipse.jdt.internal.junit4.runner.JUnit4TestReference.run(JUnit4TestReference.java:86)
	at org.eclipse.jdt.internal.junit.runner.TestExecution.run(TestExecution.java:38)
	at org.eclipse.jdt.internal.junit.runner.RemoteTestRunner.runTests(RemoteTestRunner.java:459)
	at org.eclipse.jdt.internal.junit.runner.RemoteTestRunner.runTests(RemoteTestRunner.java:675)
	at org.eclipse.jdt.internal.junit.runner.RemoteTestRunner.run(RemoteTestRunner.java:382)
	at org.eclipse.jdt.internal.junit.runner.RemoteTestRunner.main(RemoteTestRunner.java:192)
Caused by: Exception [EclipseLink-4002] (Eclipse Persistence Services - 2.3.3.v20120629-r11760): org.eclipse.persistence.exceptions.DatabaseException
Internal Exception: org.postgresql.util.PSQLException: FEHLER: doppelter Schlüsselwert verletzt Unique-Constraint „customer_pkey“
  Detail: Schlüssel „(customerid)=(0)“ existiert bereits.
Error Code: 0
Call: INSERT INTO CUSTOMER (CUSTOMERID, ADRESS, COMPANYNAME, EMAIL, FIRSTNAME, LASTNAME, PHONE) VALUES (?, ?, ?, ?, ?, ?, ?)
	bind => [7 parameters bound]
Query: InsertObjectQuery(projekt.feukora.server.model.Customer@38018b62)
	at org.eclipse.persistence.exceptions.DatabaseException.sqlException(DatabaseException.java:333)
	at org.eclipse.persistence.internal.databaseaccess.DatabaseAccessor.processExceptionForCommError(DatabaseAccessor.java:1494)
	at org.eclipse.persistence.internal.databaseaccess.DatabaseAccessor.executeDirectNoSelect(DatabaseAccessor.java:838)
	at org.eclipse.persistence.internal.databaseaccess.DatabaseAccessor.executeNoSelect(DatabaseAccessor.java:906)
	at org.eclipse.persistence.internal.databaseaccess.DatabaseAccessor.basicExecuteCall(DatabaseAccessor.java:592)
	at org.eclipse.persistence.internal.databaseaccess.DatabaseAccessor.executeCall(DatabaseAccessor.java:535)
	at org.eclipse.persistence.internal.sessions.AbstractSession.basicExecuteCall(AbstractSession.java:1717)
	at org.eclipse.persistence.sessions.server.ClientSession.executeCall(ClientSession.java:253)
	at org.eclipse.persistence.internal.queries.DatasourceCallQueryMechanism.executeCall(DatasourceCallQueryMechanism.java:207)
	at org.eclipse.persistence.internal.queries.DatasourceCallQueryMechanism.executeCall(DatasourceCallQueryMechanism.java:193)
	at org.eclipse.persistence.internal.queries.DatasourceCallQueryMechanism.insertObject(DatasourceCallQueryMechanism.java:342)
	at org.eclipse.persistence.internal.queries.StatementQueryMechanism.insertObject(StatementQueryMechanism.java:162)
	at org.eclipse.persistence.internal.queries.StatementQueryMechanism.insertObject(StatementQueryMechanism.java:177)
	at org.eclipse.persistence.internal.queries.DatabaseQueryMechanism.insertObjectForWrite(DatabaseQueryMechanism.java:472)
	at org.eclipse.persistence.queries.InsertObjectQuery.executeCommit(InsertObjectQuery.java:80)
	at org.eclipse.persistence.queries.InsertObjectQuery.executeCommitWithChangeSet(InsertObjectQuery.java:90)
	at org.eclipse.persistence.internal.queries.DatabaseQueryMechanism.executeWriteWithChangeSet(DatabaseQueryMechanism.java:287)
	at org.eclipse.persistence.queries.WriteObjectQuery.executeDatabaseQuery(WriteObjectQuery.java:58)
	at org.eclipse.persistence.queries.DatabaseQuery.execute(DatabaseQuery.java:844)
	at org.eclipse.persistence.queries.DatabaseQuery.executeInUnitOfWork(DatabaseQuery.java:743)
	at org.eclipse.persistence.queries.ObjectLevelModifyQuery.executeInUnitOfWorkObjectLevelModifyQuery(ObjectLevelModifyQuery.java:108)
	at org.eclipse.persistence.queries.ObjectLevelModifyQuery.executeInUnitOfWork(ObjectLevelModifyQuery.java:85)
	at org.eclipse.persistence.internal.sessions.UnitOfWorkImpl.internalExecuteQuery(UnitOfWorkImpl.java:2871)
	at org.eclipse.persistence.internal.sessions.AbstractSession.executeQuery(AbstractSession.java:1516)
	at org.eclipse.persistence.internal.sessions.AbstractSession.executeQuery(AbstractSession.java:1498)
	at org.eclipse.persistence.internal.sessions.AbstractSession.executeQuery(AbstractSession.java:1449)
	at org.eclipse.persistence.internal.sessions.CommitManager.commitNewObjectsForClassWithChangeSet(CommitManager.java:224)
	at org.eclipse.persistence.internal.sessions.CommitManager.commitAllObjectsWithChangeSet(CommitManager.java:123)
	at org.eclipse.persistence.internal.sessions.AbstractSession.writeAllObjectsWithChangeSet(AbstractSession.java:3799)
	at org.eclipse.persistence.internal.sessions.UnitOfWorkImpl.commitToDatabase(UnitOfWorkImpl.java:1415)
	at org.eclipse.persistence.internal.sessions.RepeatableWriteUnitOfWork.commitToDatabase(RepeatableWriteUnitOfWork.java:636)
	at org.eclipse.persistence.internal.sessions.UnitOfWorkImpl.commitToDatabaseWithChangeSet(UnitOfWorkImpl.java:1505)
	at org.eclipse.persistence.internal.sessions.RepeatableWriteUnitOfWork.commitRootUnitOfWork(RepeatableWriteUnitOfWork.java:267)
	at org.eclipse.persistence.internal.sessions.UnitOfWorkImpl.commitAndResume(UnitOfWorkImpl.java:1143)
	at org.eclipse.persistence.internal.jpa.transaction.EntityTransactionImpl.commitInternal(EntityTransactionImpl.java:84)
	... 29 more
Caused by: org.postgresql.util.PSQLException: FEHLER: doppelter Schlüsselwert verletzt Unique-Constraint „customer_pkey“
  Detail: Schlüssel „(customerid)=(0)“ existiert bereits.
	at org.postgresql.core.v3.QueryExecutorImpl.receiveErrorResponse(QueryExecutorImpl.java:2101)
	at org.postgresql.core.v3.QueryExecutorImpl.processResults(QueryExecutorImpl.java:1834)
	at org.postgresql.core.v3.QueryExecutorImpl.execute(QueryExecutorImpl.java:255)
	at org.postgresql.jdbc2.AbstractJdbc2Statement.execute(AbstractJdbc2Statement.java:510)
	at org.postgresql.jdbc2.AbstractJdbc2Statement.executeWithFlags(AbstractJdbc2Statement.java:386)
	at org.postgresql.jdbc2.AbstractJdbc2Statement.executeUpdate(AbstractJdbc2Statement.java:332)
	at org.eclipse.persistence.internal.databaseaccess.DatabaseAccessor.executeDirectNoSelect(DatabaseAccessor.java:831)
	... 61 more
2016-05-08 16:56:40 INFO  GenericPersisterImpl:99 - Entity vom Typ Customer [projekt.feukora.server.model.Customer@7f92b990]  wird gelöscht
2016-05-08 16:56:40 ERROR GenericPersisterImpl:44 - Fehler beim Speichern der Entity vom Typ 'projekt.feukora.server.model.Customer': [projekt.feukora.server.model.Customer@6e8a9c30]
javax.persistence.RollbackException: Exception [EclipseLink-4002] (Eclipse Persistence Services - 2.3.3.v20120629-r11760): org.eclipse.persistence.exceptions.DatabaseException
Internal Exception: org.postgresql.util.PSQLException: FEHLER: doppelter Schlüsselwert verletzt Unique-Constraint „customer_pkey“
  Detail: Schlüssel „(customerid)=(0)“ existiert bereits.
Error Code: 0
Call: INSERT INTO CUSTOMER (CUSTOMERID, ADRESS, COMPANYNAME, EMAIL, FIRSTNAME, LASTNAME, PHONE) VALUES (?, ?, ?, ?, ?, ?, ?)
	bind => [7 parameters bound]
Query: InsertObjectQuery(projekt.feukora.server.model.Customer@6e8a9c30)
	at org.eclipse.persistence.internal.jpa.transaction.EntityTransactionImpl.commitInternal(EntityTransactionImpl.java:102)
	at org.eclipse.persistence.internal.jpa.transaction.EntityTransactionImpl.commit(EntityTransactionImpl.java:63)
	at projekt.feukora.server.persister.GenericPersisterImpl.save(GenericPersisterImpl.java:39)
	at projekt.feukora.server.persister.CustomerPersisterImpl.saveCustomer(CustomerPersisterImpl.java:15)
	at test.project.feukora.server.persister.CustomerPersisterTest.init(CustomerPersisterTest.java:146)
	at test.project.feukora.server.persister.CustomerPersisterTest.setUp(CustomerPersisterTest.java:22)
	at sun.reflect.NativeMethodAccessorImpl.invoke0(Native Method)
	at sun.reflect.NativeMethodAccessorImpl.invoke(Unknown Source)
	at sun.reflect.DelegatingMethodAccessorImpl.invoke(Unknown Source)
	at java.lang.reflect.Method.invoke(Unknown Source)
	at org.junit.runners.model.FrameworkMethod$1.runReflectiveCall(FrameworkMethod.java:50)
	at org.junit.internal.runners.model.ReflectiveCallable.run(ReflectiveCallable.java:12)
	at org.junit.runners.model.FrameworkMethod.invokeExplosively(FrameworkMethod.java:47)
	at org.junit.internal.runners.statements.RunBefores.evaluate(RunBefores.java:24)
	at org.junit.internal.runners.statements.RunAfters.evaluate(RunAfters.java:27)
	at org.junit.runners.ParentRunner.runLeaf(ParentRunner.java:325)
	at org.junit.runners.BlockJUnit4ClassRunner.runChild(BlockJUnit4ClassRunner.java:78)
	at org.junit.runners.BlockJUnit4ClassRunner.runChild(BlockJUnit4ClassRunner.java:57)
	at org.junit.runners.ParentRunner$3.run(ParentRunner.java:290)
	at org.junit.runners.ParentRunner$1.schedule(ParentRunner.java:71)
	at org.junit.runners.ParentRunner.runChildren(ParentRunner.java:288)
	at org.junit.runners.ParentRunner.access$000(ParentRunner.java:58)
	at org.junit.runners.ParentRunner$2.evaluate(ParentRunner.java:268)
	at org.junit.runners.ParentRunner.run(ParentRunner.java:363)
	at org.eclipse.jdt.internal.junit4.runner.JUnit4TestReference.run(JUnit4TestReference.java:86)
	at org.eclipse.jdt.internal.junit.runner.TestExecution.run(TestExecution.java:38)
	at org.eclipse.jdt.internal.junit.runner.RemoteTestRunner.runTests(RemoteTestRunner.java:459)
	at org.eclipse.jdt.internal.junit.runner.RemoteTestRunner.runTests(RemoteTestRunner.java:675)
	at org.eclipse.jdt.internal.junit.runner.RemoteTestRunner.run(RemoteTestRunner.java:382)
	at org.eclipse.jdt.internal.junit.runner.RemoteTestRunner.main(RemoteTestRunner.java:192)
Caused by: Exception [EclipseLink-4002] (Eclipse Persistence Services - 2.3.3.v20120629-r11760): org.eclipse.persistence.exceptions.DatabaseException
Internal Exception: org.postgresql.util.PSQLException: FEHLER: doppelter Schlüsselwert verletzt Unique-Constraint „customer_pkey“
  Detail: Schlüssel „(customerid)=(0)“ existiert bereits.
Error Code: 0
Call: INSERT INTO CUSTOMER (CUSTOMERID, ADRESS, COMPANYNAME, EMAIL, FIRSTNAME, LASTNAME, PHONE) VALUES (?, ?, ?, ?, ?, ?, ?)
	bind => [7 parameters bound]
Query: InsertObjectQuery(projekt.feukora.server.model.Customer@6e8a9c30)
	at org.eclipse.persistence.exceptions.DatabaseException.sqlException(DatabaseException.java:333)
	at org.eclipse.persistence.internal.databaseaccess.DatabaseAccessor.processExceptionForCommError(DatabaseAccessor.java:1494)
	at org.eclipse.persistence.internal.databaseaccess.DatabaseAccessor.executeDirectNoSelect(DatabaseAccessor.java:838)
	at org.eclipse.persistence.internal.databaseaccess.DatabaseAccessor.executeNoSelect(DatabaseAccessor.java:906)
	at org.eclipse.persistence.internal.databaseaccess.DatabaseAccessor.basicExecuteCall(DatabaseAccessor.java:592)
	at org.eclipse.persistence.internal.databaseaccess.DatabaseAccessor.executeCall(DatabaseAccessor.java:535)
	at org.eclipse.persistence.internal.sessions.AbstractSession.basicExecuteCall(AbstractSession.java:1717)
	at org.eclipse.persistence.sessions.server.ClientSession.executeCall(ClientSession.java:253)
	at org.eclipse.persistence.internal.queries.DatasourceCallQueryMechanism.executeCall(DatasourceCallQueryMechanism.java:207)
	at org.eclipse.persistence.internal.queries.DatasourceCallQueryMechanism.executeCall(DatasourceCallQueryMechanism.java:193)
	at org.eclipse.persistence.internal.queries.DatasourceCallQueryMechanism.insertObject(DatasourceCallQueryMechanism.java:342)
	at org.eclipse.persistence.internal.queries.StatementQueryMechanism.insertObject(StatementQueryMechanism.java:162)
	at org.eclipse.persistence.internal.queries.StatementQueryMechanism.insertObject(StatementQueryMechanism.java:177)
	at org.eclipse.persistence.internal.queries.DatabaseQueryMechanism.insertObjectForWrite(DatabaseQueryMechanism.java:472)
	at org.eclipse.persistence.queries.InsertObjectQuery.executeCommit(InsertObjectQuery.java:80)
	at org.eclipse.persistence.queries.InsertObjectQuery.executeCommitWithChangeSet(InsertObjectQuery.java:90)
	at org.eclipse.persistence.internal.queries.DatabaseQueryMechanism.executeWriteWithChangeSet(DatabaseQueryMechanism.java:287)
	at org.eclipse.persistence.queries.WriteObjectQuery.executeDatabaseQuery(WriteObjectQuery.java:58)
	at org.eclipse.persistence.queries.DatabaseQuery.execute(DatabaseQuery.java:844)
	at org.eclipse.persistence.queries.DatabaseQuery.executeInUnitOfWork(DatabaseQuery.java:743)
	at org.eclipse.persistence.queries.ObjectLevelModifyQuery.executeInUnitOfWorkObjectLevelModifyQuery(ObjectLevelModifyQuery.java:108)
	at org.eclipse.persistence.queries.ObjectLevelModifyQuery.executeInUnitOfWork(ObjectLevelModifyQuery.java:85)
	at org.eclipse.persistence.internal.sessions.UnitOfWorkImpl.internalExecuteQuery(UnitOfWorkImpl.java:2871)
	at org.eclipse.persistence.internal.sessions.AbstractSession.executeQuery(AbstractSession.java:1516)
	at org.eclipse.persistence.internal.sessions.AbstractSession.executeQuery(AbstractSession.java:1498)
	at org.eclipse.persistence.internal.sessions.AbstractSession.executeQuery(AbstractSession.java:1449)
	at org.eclipse.persistence.internal.sessions.CommitManager.commitNewObjectsForClassWithChangeSet(CommitManager.java:224)
	at org.eclipse.persistence.internal.sessions.CommitManager.commitAllObjectsWithChangeSet(CommitManager.java:123)
	at org.eclipse.persistence.internal.sessions.AbstractSession.writeAllObjectsWithChangeSet(AbstractSession.java:3799)
	at org.eclipse.persistence.internal.sessions.UnitOfWorkImpl.commitToDatabase(UnitOfWorkImpl.java:1415)
	at org.eclipse.persistence.internal.sessions.RepeatableWriteUnitOfWork.commitToDatabase(RepeatableWriteUnitOfWork.java:636)
	at org.eclipse.persistence.internal.sessions.UnitOfWorkImpl.commitToDatabaseWithChangeSet(UnitOfWorkImpl.java:1505)
	at org.eclipse.persistence.internal.sessions.RepeatableWriteUnitOfWork.commitRootUnitOfWork(RepeatableWriteUnitOfWork.java:267)
	at org.eclipse.persistence.internal.sessions.UnitOfWorkImpl.commitAndResume(UnitOfWorkImpl.java:1143)
	at org.eclipse.persistence.internal.jpa.transaction.EntityTransactionImpl.commitInternal(EntityTransactionImpl.java:84)
	... 29 more
Caused by: org.postgresql.util.PSQLException: FEHLER: doppelter Schlüsselwert verletzt Unique-Constraint „customer_pkey“
  Detail: Schlüssel „(customerid)=(0)“ existiert bereits.
	at org.postgresql.core.v3.QueryExecutorImpl.receiveErrorResponse(QueryExecutorImpl.java:2101)
	at org.postgresql.core.v3.QueryExecutorImpl.processResults(QueryExecutorImpl.java:1834)
	at org.postgresql.core.v3.QueryExecutorImpl.execute(QueryExecutorImpl.java:255)
	at org.postgresql.jdbc2.AbstractJdbc2Statement.execute(AbstractJdbc2Statement.java:510)
	at org.postgresql.jdbc2.AbstractJdbc2Statement.executeWithFlags(AbstractJdbc2Statement.java:386)
	at org.postgresql.jdbc2.AbstractJdbc2Statement.executeUpdate(AbstractJdbc2Statement.java:332)
	at org.eclipse.persistence.internal.databaseaccess.DatabaseAccessor.executeDirectNoSelect(DatabaseAccessor.java:831)
	... 61 more
2016-05-08 16:56:40 INFO  GenericPersisterImpl:99 - Entity vom Typ Customer [projekt.feukora.server.model.Customer@33364212]  wird gelöscht
2016-05-08 16:56:40 ERROR GenericPersisterImpl:44 - Fehler beim Speichern der Entity vom Typ 'projekt.feukora.server.model.Customer': [projekt.feukora.server.model.Customer@12010fd1]
javax.persistence.RollbackException: Exception [EclipseLink-4002] (Eclipse Persistence Services - 2.3.3.v20120629-r11760): org.eclipse.persistence.exceptions.DatabaseException
Internal Exception: org.postgresql.util.PSQLException: FEHLER: doppelter Schlüsselwert verletzt Unique-Constraint „customer_pkey“
  Detail: Schlüssel „(customerid)=(0)“ existiert bereits.
Error Code: 0
Call: INSERT INTO CUSTOMER (CUSTOMERID, ADRESS, COMPANYNAME, EMAIL, FIRSTNAME, LASTNAME, PHONE) VALUES (?, ?, ?, ?, ?, ?, ?)
	bind => [7 parameters bound]
Query: InsertObjectQuery(projekt.feukora.server.model.Customer@12010fd1)
	at org.eclipse.persistence.internal.jpa.transaction.EntityTransactionImpl.commitInternal(EntityTransactionImpl.java:102)
	at org.eclipse.persistence.internal.jpa.transaction.EntityTransactionImpl.commit(EntityTransactionImpl.java:63)
	at projekt.feukora.server.persister.GenericPersisterImpl.save(GenericPersisterImpl.java:39)
	at projekt.feukora.server.persister.CustomerPersisterImpl.saveCustomer(CustomerPersisterImpl.java:15)
	at test.project.feukora.server.persister.CustomerPersisterTest.init(CustomerPersisterTest.java:146)
	at test.project.feukora.server.persister.CustomerPersisterTest.setUp(CustomerPersisterTest.java:22)
	at sun.reflect.NativeMethodAccessorImpl.invoke0(Native Method)
	at sun.reflect.NativeMethodAccessorImpl.invoke(Unknown Source)
	at sun.reflect.DelegatingMethodAccessorImpl.invoke(Unknown Source)
	at java.lang.reflect.Method.invoke(Unknown Source)
	at org.junit.runners.model.FrameworkMethod$1.runReflectiveCall(FrameworkMethod.java:50)
	at org.junit.internal.runners.model.ReflectiveCallable.run(ReflectiveCallable.java:12)
	at org.junit.runners.model.FrameworkMethod.invokeExplosively(FrameworkMethod.java:47)
	at org.junit.internal.runners.statements.RunBefores.evaluate(RunBefores.java:24)
	at org.junit.internal.runners.statements.RunAfters.evaluate(RunAfters.java:27)
	at org.junit.runners.ParentRunner.runLeaf(ParentRunner.java:325)
	at org.junit.runners.BlockJUnit4ClassRunner.runChild(BlockJUnit4ClassRunner.java:78)
	at org.junit.runners.BlockJUnit4ClassRunner.runChild(BlockJUnit4ClassRunner.java:57)
	at org.junit.runners.ParentRunner$3.run(ParentRunner.java:290)
	at org.junit.runners.ParentRunner$1.schedule(ParentRunner.java:71)
	at org.junit.runners.ParentRunner.runChildren(ParentRunner.java:288)
	at org.junit.runners.ParentRunner.access$000(ParentRunner.java:58)
	at org.junit.runners.ParentRunner$2.evaluate(ParentRunner.java:268)
	at org.junit.runners.ParentRunner.run(ParentRunner.java:363)
	at org.eclipse.jdt.internal.junit4.runner.JUnit4TestReference.run(JUnit4TestReference.java:86)
	at org.eclipse.jdt.internal.junit.runner.TestExecution.run(TestExecution.java:38)
	at org.eclipse.jdt.internal.junit.runner.RemoteTestRunner.runTests(RemoteTestRunner.java:459)
	at org.eclipse.jdt.internal.junit.runner.RemoteTestRunner.runTests(RemoteTestRunner.java:675)
	at org.eclipse.jdt.internal.junit.runner.RemoteTestRunner.run(RemoteTestRunner.java:382)
	at org.eclipse.jdt.internal.junit.runner.RemoteTestRunner.main(RemoteTestRunner.java:192)
Caused by: Exception [EclipseLink-4002] (Eclipse Persistence Services - 2.3.3.v20120629-r11760): org.eclipse.persistence.exceptions.DatabaseException
Internal Exception: org.postgresql.util.PSQLException: FEHLER: doppelter Schlüsselwert verletzt Unique-Constraint „customer_pkey“
  Detail: Schlüssel „(customerid)=(0)“ existiert bereits.
Error Code: 0
Call: INSERT INTO CUSTOMER (CUSTOMERID, ADRESS, COMPANYNAME, EMAIL, FIRSTNAME, LASTNAME, PHONE) VALUES (?, ?, ?, ?, ?, ?, ?)
	bind => [7 parameters bound]
Query: InsertObjectQuery(projekt.feukora.server.model.Customer@12010fd1)
	at org.eclipse.persistence.exceptions.DatabaseException.sqlException(DatabaseException.java:333)
	at org.eclipse.persistence.internal.databaseaccess.DatabaseAccessor.processExceptionForCommError(DatabaseAccessor.java:1494)
	at org.eclipse.persistence.internal.databaseaccess.DatabaseAccessor.executeDirectNoSelect(DatabaseAccessor.java:838)
	at org.eclipse.persistence.internal.databaseaccess.DatabaseAccessor.executeNoSelect(DatabaseAccessor.java:906)
	at org.eclipse.persistence.internal.databaseaccess.DatabaseAccessor.basicExecuteCall(DatabaseAccessor.java:592)
	at org.eclipse.persistence.internal.databaseaccess.DatabaseAccessor.executeCall(DatabaseAccessor.java:535)
	at org.eclipse.persistence.internal.sessions.AbstractSession.basicExecuteCall(AbstractSession.java:1717)
	at org.eclipse.persistence.sessions.server.ClientSession.executeCall(ClientSession.java:253)
	at org.eclipse.persistence.internal.queries.DatasourceCallQueryMechanism.executeCall(DatasourceCallQueryMechanism.java:207)
	at org.eclipse.persistence.internal.queries.DatasourceCallQueryMechanism.executeCall(DatasourceCallQueryMechanism.java:193)
	at org.eclipse.persistence.internal.queries.DatasourceCallQueryMechanism.insertObject(DatasourceCallQueryMechanism.java:342)
	at org.eclipse.persistence.internal.queries.StatementQueryMechanism.insertObject(StatementQueryMechanism.java:162)
	at org.eclipse.persistence.internal.queries.StatementQueryMechanism.insertObject(StatementQueryMechanism.java:177)
	at org.eclipse.persistence.internal.queries.DatabaseQueryMechanism.insertObjectForWrite(DatabaseQueryMechanism.java:472)
	at org.eclipse.persistence.queries.InsertObjectQuery.executeCommit(InsertObjectQuery.java:80)
	at org.eclipse.persistence.queries.InsertObjectQuery.executeCommitWithChangeSet(InsertObjectQuery.java:90)
	at org.eclipse.persistence.internal.queries.DatabaseQueryMechanism.executeWriteWithChangeSet(DatabaseQueryMechanism.java:287)
	at org.eclipse.persistence.queries.WriteObjectQuery.executeDatabaseQuery(WriteObjectQuery.java:58)
	at org.eclipse.persistence.queries.DatabaseQuery.execute(DatabaseQuery.java:844)
	at org.eclipse.persistence.queries.DatabaseQuery.executeInUnitOfWork(DatabaseQuery.java:743)
	at org.eclipse.persistence.queries.ObjectLevelModifyQuery.executeInUnitOfWorkObjectLevelModifyQuery(ObjectLevelModifyQuery.java:108)
	at org.eclipse.persistence.queries.ObjectLevelModifyQuery.executeInUnitOfWork(ObjectLevelModifyQuery.java:85)
	at org.eclipse.persistence.internal.sessions.UnitOfWorkImpl.internalExecuteQuery(UnitOfWorkImpl.java:2871)
	at org.eclipse.persistence.internal.sessions.AbstractSession.executeQuery(AbstractSession.java:1516)
	at org.eclipse.persistence.internal.sessions.AbstractSession.executeQuery(AbstractSession.java:1498)
	at org.eclipse.persistence.internal.sessions.AbstractSession.executeQuery(AbstractSession.java:1449)
	at org.eclipse.persistence.internal.sessions.CommitManager.commitNewObjectsForClassWithChangeSet(CommitManager.java:224)
	at org.eclipse.persistence.internal.sessions.CommitManager.commitAllObjectsWithChangeSet(CommitManager.java:123)
	at org.eclipse.persistence.internal.sessions.AbstractSession.writeAllObjectsWithChangeSet(AbstractSession.java:3799)
	at org.eclipse.persistence.internal.sessions.UnitOfWorkImpl.commitToDatabase(UnitOfWorkImpl.java:1415)
	at org.eclipse.persistence.internal.sessions.RepeatableWriteUnitOfWork.commitToDatabase(RepeatableWriteUnitOfWork.java:636)
	at org.eclipse.persistence.internal.sessions.UnitOfWorkImpl.commitToDatabaseWithChangeSet(UnitOfWorkImpl.java:1505)
	at org.eclipse.persistence.internal.sessions.RepeatableWriteUnitOfWork.commitRootUnitOfWork(RepeatableWriteUnitOfWork.java:267)
	at org.eclipse.persistence.internal.sessions.UnitOfWorkImpl.commitAndResume(UnitOfWorkImpl.java:1143)
	at org.eclipse.persistence.internal.jpa.transaction.EntityTransactionImpl.commitInternal(EntityTransactionImpl.java:84)
	... 29 more
Caused by: org.postgresql.util.PSQLException: FEHLER: doppelter Schlüsselwert verletzt Unique-Constraint „customer_pkey“
  Detail: Schlüssel „(customerid)=(0)“ existiert bereits.
	at org.postgresql.core.v3.QueryExecutorImpl.receiveErrorResponse(QueryExecutorImpl.java:2101)
	at org.postgresql.core.v3.QueryExecutorImpl.processResults(QueryExecutorImpl.java:1834)
	at org.postgresql.core.v3.QueryExecutorImpl.execute(QueryExecutorImpl.java:255)
	at org.postgresql.jdbc2.AbstractJdbc2Statement.execute(AbstractJdbc2Statement.java:510)
	at org.postgresql.jdbc2.AbstractJdbc2Statement.executeWithFlags(AbstractJdbc2Statement.java:386)
	at org.postgresql.jdbc2.AbstractJdbc2Statement.executeUpdate(AbstractJdbc2Statement.java:332)
	at org.eclipse.persistence.internal.databaseaccess.DatabaseAccessor.executeDirectNoSelect(DatabaseAccessor.java:831)
	... 61 more
2016-05-08 17:00:31 INFO  GenericPersisterImpl:99 - Entity vom Typ Customer [projekt.feukora.server.model.Customer@1a480135]  wird gelöscht
2016-05-08 17:00:31 INFO  GenericPersisterImpl:99 - Entity vom Typ Customer [projekt.feukora.server.model.Customer@778db7c5]  wird gelöscht
2016-05-08 17:00:31 INFO  GenericPersisterImpl:99 - Entity vom Typ Customer [projekt.feukora.server.model.Customer@681e144]  wird gelöscht
2016-05-08 17:00:31 INFO  GenericPersisterImpl:99 - Entity vom Typ Customer [projekt.feukora.server.model.Customer@7318daf8]  wird gelöscht
2016-05-08 17:00:31 INFO  GenericPersisterImpl:99 - Entity vom Typ Customer [projekt.feukora.server.model.Customer@70f31322]  wird gelöscht
2016-05-08 17:03:52 INFO  GenericPersisterImpl:99 - Entity vom Typ Customer [projekt.feukora.server.model.Customer@64355120]  wird gelöscht
2016-05-08 17:03:52 INFO  GenericPersisterImpl:99 - Entity vom Typ Customer [projekt.feukora.server.model.Customer@64b7225f]  wird gelöscht
2016-05-08 17:03:52 INFO  GenericPersisterImpl:99 - Entity vom Typ Customer [projekt.feukora.server.model.Customer@33db72bd]  wird gelöscht
2016-05-08 17:05:41 INFO  GenericPersisterImpl:99 - Entity vom Typ Customer [projekt.feukora.server.model.Customer@64355120]  wird gelöscht
2016-05-08 17:05:41 INFO  GenericPersisterImpl:99 - Entity vom Typ Customer [projekt.feukora.server.model.Customer@64b7225f]  wird gelöscht
2016-05-08 17:05:41 INFO  GenericPersisterImpl:99 - Entity vom Typ Customer [projekt.feukora.server.model.Customer@33db72bd]  wird gelöscht
2016-05-08 17:05:41 INFO  GenericPersisterImpl:65 - Entity vom Typ Customer wird updatet: projekt.feukora.server.model.Customer@3971f0fe
2016-05-08 17:08:01 INFO  GenericPersisterImpl:99 - Entity vom Typ Customer [projekt.feukora.server.model.Customer@64355120]  wird gelöscht
2016-05-08 17:08:01 INFO  GenericPersisterImpl:99 - Entity vom Typ Customer [projekt.feukora.server.model.Customer@64b7225f]  wird gelöscht
2016-05-08 17:08:01 INFO  GenericPersisterImpl:99 - Entity vom Typ Customer [projekt.feukora.server.model.Customer@33db72bd]  wird gelöscht
2016-05-08 17:08:01 INFO  GenericPersisterImpl:65 - Entity vom Typ Customer wird updatet: projekt.feukora.server.model.Customer@3971f0fe
2016-05-08 17:08:40 INFO  GenericPersisterImpl:99 - Entity vom Typ Customer [projekt.feukora.server.model.Customer@64355120]  wird gelöscht
2016-05-08 17:08:40 INFO  GenericPersisterImpl:99 - Entity vom Typ Customer [projekt.feukora.server.model.Customer@64b7225f]  wird gelöscht
2016-05-08 17:08:40 INFO  GenericPersisterImpl:99 - Entity vom Typ Customer [projekt.feukora.server.model.Customer@33db72bd]  wird gelöscht
2016-05-08 17:08:40 INFO  GenericPersisterImpl:99 - Entity vom Typ Customer [projekt.feukora.server.model.Customer@7c84195]  wird gelöscht
2016-05-08 17:08:40 INFO  GenericPersisterImpl:99 - Entity vom Typ Customer [projekt.feukora.server.model.Customer@7318daf8]  wird gelöscht
2016-05-08 17:08:40 INFO  GenericPersisterImpl:65 - Entity vom Typ Customer wird updatet: projekt.feukora.server.model.Customer@557eb543
2016-05-08 17:15:31 INFO  GenericPersisterImpl:99 - Entity vom Typ Customer [projekt.feukora.server.model.Customer@681e144]  wird gelöscht
2016-05-08 17:15:31 INFO  GenericPersisterImpl:99 - Entity vom Typ Customer [projekt.feukora.server.model.Customer@2875b016]  wird gelöscht
2016-05-08 17:15:31 INFO  GenericPersisterImpl:99 - Entity vom Typ Customer [projekt.feukora.server.model.Customer@12010fd1]  wird gelöscht
2016-05-08 17:15:31 INFO  GenericPersisterImpl:99 - Entity vom Typ Customer [projekt.feukora.server.model.Customer@7c84195]  wird gelöscht
2016-05-08 17:15:31 INFO  GenericPersisterImpl:99 - Entity vom Typ Customer [projekt.feukora.server.model.Customer@552ed807]  wird gelöscht
2016-05-08 17:15:31 INFO  GenericPersisterImpl:99 - Entity vom Typ Customer [projekt.feukora.server.model.Customer@99407c2]  wird gelöscht
2016-05-08 17:15:31 INFO  GenericPersisterImpl:99 - Entity vom Typ Customer [projekt.feukora.server.model.Customer@6c796cc1]  wird gelöscht
2016-05-08 17:15:31 INFO  GenericPersisterImpl:99 - Entity vom Typ Customer [projekt.feukora.server.model.Customer@422b8438]  wird gelöscht
2016-05-08 17:15:31 INFO  GenericPersisterImpl:99 - Entity vom Typ Customer [projekt.feukora.server.model.Customer@30669dac]  wird gelöscht
2016-05-08 17:15:31 INFO  GenericPersisterImpl:99 - Entity vom Typ Customer [projekt.feukora.server.model.Customer@71f96dfb]  wird gelöscht
2016-05-08 17:15:31 INFO  GenericPersisterImpl:99 - Entity vom Typ Customer [projekt.feukora.server.model.Customer@5d1b9c3d]  wird gelöscht
2016-05-08 17:15:31 INFO  GenericPersisterImpl:99 - Entity vom Typ Customer [projekt.feukora.server.model.Customer@dab48d3]  wird gelöscht
2016-05-08 17:15:31 INFO  GenericPersisterImpl:99 - Entity vom Typ Customer [projekt.feukora.server.model.Customer@7063686f]  wird gelöscht
2016-05-08 17:15:31 INFO  GenericPersisterImpl:65 - Entity vom Typ Customer wird updatet: projekt.feukora.server.model.Customer@68f32020
2016-05-08 17:15:31 INFO  GenericPersisterImpl:99 - Entity vom Typ Customer [projekt.feukora.server.model.Customer@34819867]  wird gelöscht
2016-05-08 17:15:31 INFO  GenericPersisterImpl:99 - Entity vom Typ Customer [projekt.feukora.server.model.Customer@118102ee]  wird gelöscht
2016-05-08 17:15:31 INFO  GenericPersisterImpl:99 - Entity vom Typ Customer [projekt.feukora.server.model.Customer@48cd9a2c]  wird gelöscht
2016-05-08 17:16:30 INFO  GenericPersisterImpl:99 - Entity vom Typ Customer [projekt.feukora.server.model.Customer@681e144]  wird gelöscht
2016-05-08 17:16:30 INFO  GenericPersisterImpl:99 - Entity vom Typ Customer [projekt.feukora.server.model.Customer@2875b016]  wird gelöscht
2016-05-08 17:16:30 INFO  GenericPersisterImpl:99 - Entity vom Typ Customer [projekt.feukora.server.model.Customer@12010fd1]  wird gelöscht
2016-05-08 17:16:30 INFO  GenericPersisterImpl:99 - Entity vom Typ Customer [projekt.feukora.server.model.Customer@7c84195]  wird gelöscht
2016-05-08 17:16:30 INFO  GenericPersisterImpl:99 - Entity vom Typ Customer [projekt.feukora.server.model.Customer@552ed807]  wird gelöscht
2016-05-08 17:16:30 INFO  GenericPersisterImpl:99 - Entity vom Typ Customer [projekt.feukora.server.model.Customer@3fbfbf84]  wird gelöscht
2016-05-08 17:16:30 INFO  GenericPersisterImpl:99 - Entity vom Typ Customer [projekt.feukora.server.model.Customer@23f72d88]  wird gelöscht
2016-05-08 17:16:30 INFO  GenericPersisterImpl:99 - Entity vom Typ Customer [projekt.feukora.server.model.Customer@7123be6c]  wird gelöscht
2016-05-08 17:16:30 INFO  GenericPersisterImpl:99 - Entity vom Typ Customer [projekt.feukora.server.model.Customer@1de9d54]  wird gelöscht
2016-05-08 17:16:30 INFO  GenericPersisterImpl:99 - Entity vom Typ Customer [projekt.feukora.server.model.Customer@71f96dfb]  wird gelöscht
2016-05-08 17:16:30 INFO  GenericPersisterImpl:99 - Entity vom Typ Customer [projekt.feukora.server.model.Customer@5d1b9c3d]  wird gelöscht
2016-05-08 17:16:30 INFO  GenericPersisterImpl:99 - Entity vom Typ Customer [projekt.feukora.server.model.Customer@dab48d3]  wird gelöscht
2016-05-08 17:16:30 INFO  GenericPersisterImpl:99 - Entity vom Typ Customer [projekt.feukora.server.model.Customer@7063686f]  wird gelöscht
2016-05-08 17:16:31 INFO  GenericPersisterImpl:65 - Entity vom Typ Customer wird updatet: projekt.feukora.server.model.Customer@68f32020
2016-05-08 17:16:31 INFO  GenericPersisterImpl:99 - Entity vom Typ Customer [projekt.feukora.server.model.Customer@34819867]  wird gelöscht
2016-05-08 17:16:31 INFO  GenericPersisterImpl:99 - Entity vom Typ Customer [projekt.feukora.server.model.Customer@118102ee]  wird gelöscht
2016-05-08 17:16:31 INFO  GenericPersisterImpl:99 - Entity vom Typ Customer [projekt.feukora.server.model.Customer@48cd9a2c]  wird gelöscht
2016-05-08 17:20:19 INFO  GenericPersisterImpl:99 - Entity vom Typ Customer [projekt.feukora.server.model.Customer@681e144]  wird gelöscht
2016-05-08 17:20:19 INFO  GenericPersisterImpl:99 - Entity vom Typ Customer [projekt.feukora.server.model.Customer@2875b016]  wird gelöscht
2016-05-08 17:20:19 INFO  GenericPersisterImpl:99 - Entity vom Typ Customer [projekt.feukora.server.model.Customer@12010fd1]  wird gelöscht
2016-05-08 17:20:19 INFO  GenericPersisterImpl:99 - Entity vom Typ Customer [projekt.feukora.server.model.Customer@7c84195]  wird gelöscht
2016-05-08 17:20:19 INFO  GenericPersisterImpl:99 - Entity vom Typ Customer [projekt.feukora.server.model.Customer@552ed807]  wird gelöscht
2016-05-08 17:20:19 INFO  GenericPersisterImpl:99 - Entity vom Typ Customer [projekt.feukora.server.model.Customer@3fbfbf84]  wird gelöscht
2016-05-08 17:20:19 INFO  GenericPersisterImpl:99 - Entity vom Typ Customer [projekt.feukora.server.model.Customer@23f72d88]  wird gelöscht
2016-05-08 17:20:19 INFO  GenericPersisterImpl:99 - Entity vom Typ Customer [projekt.feukora.server.model.Customer@7123be6c]  wird gelöscht
2016-05-08 17:20:19 INFO  GenericPersisterImpl:99 - Entity vom Typ Customer [projekt.feukora.server.model.Customer@1de9d54]  wird gelöscht
2016-05-08 17:20:19 INFO  GenericPersisterImpl:99 - Entity vom Typ Customer [projekt.feukora.server.model.Customer@69e05f61]  wird gelöscht
2016-05-08 17:20:19 INFO  GenericPersisterImpl:99 - Entity vom Typ Customer [projekt.feukora.server.model.Customer@49a26d19]  wird gelöscht
2016-05-08 17:20:19 INFO  GenericPersisterImpl:99 - Entity vom Typ Customer [projekt.feukora.server.model.Customer@7159a5cd]  wird gelöscht
2016-05-08 17:20:19 INFO  GenericPersisterImpl:99 - Entity vom Typ Customer [projekt.feukora.server.model.Customer@76f856a8]  wird gelöscht
2016-05-08 17:20:19 INFO  GenericPersisterImpl:65 - Entity vom Typ Customer wird updatet: projekt.feukora.server.model.Customer@19b047fe
2016-05-08 17:20:19 INFO  GenericPersisterImpl:99 - Entity vom Typ Customer [projekt.feukora.server.model.Customer@48cd9a2c]  wird gelöscht
2016-05-08 17:20:19 INFO  GenericPersisterImpl:99 - Entity vom Typ Customer [projekt.feukora.server.model.Customer@771d1ffb]  wird gelöscht
2016-05-08 17:20:19 INFO  GenericPersisterImpl:99 - Entity vom Typ Customer [projekt.feukora.server.model.Customer@4f67e3df]  wird gelöscht
2016-05-08 17:23:09 INFO  GenericPersisterImpl:99 - Entity vom Typ Customer [projekt.feukora.server.model.Customer@681e144]  wird gelöscht
2016-05-08 17:23:09 INFO  GenericPersisterImpl:99 - Entity vom Typ Customer [projekt.feukora.server.model.Customer@2875b016]  wird gelöscht
2016-05-08 17:23:09 INFO  GenericPersisterImpl:99 - Entity vom Typ Customer [projekt.feukora.server.model.Customer@12010fd1]  wird gelöscht
2016-05-08 17:23:09 INFO  GenericPersisterImpl:99 - Entity vom Typ Customer [projekt.feukora.server.model.Customer@7c84195]  wird gelöscht
2016-05-08 17:23:09 INFO  GenericPersisterImpl:99 - Entity vom Typ Customer [projekt.feukora.server.model.Customer@552ed807]  wird gelöscht
2016-05-08 17:23:09 INFO  GenericPersisterImpl:99 - Entity vom Typ Customer [projekt.feukora.server.model.Customer@3fbfbf84]  wird gelöscht
2016-05-08 17:23:09 INFO  GenericPersisterImpl:99 - Entity vom Typ Customer [projekt.feukora.server.model.Customer@23f72d88]  wird gelöscht
2016-05-08 17:23:09 INFO  GenericPersisterImpl:99 - Entity vom Typ Customer [projekt.feukora.server.model.Customer@7123be6c]  wird gelöscht
2016-05-08 17:23:09 INFO  GenericPersisterImpl:99 - Entity vom Typ Customer [projekt.feukora.server.model.Customer@1de9d54]  wird gelöscht
2016-05-08 17:23:09 INFO  GenericPersisterImpl:99 - Entity vom Typ Customer [projekt.feukora.server.model.Customer@69e05f61]  wird gelöscht
2016-05-08 17:23:09 INFO  GenericPersisterImpl:99 - Entity vom Typ Customer [projekt.feukora.server.model.Customer@49a26d19]  wird gelöscht
2016-05-08 17:23:09 INFO  GenericPersisterImpl:99 - Entity vom Typ Customer [projekt.feukora.server.model.Customer@7159a5cd]  wird gelöscht
2016-05-08 17:23:09 INFO  GenericPersisterImpl:99 - Entity vom Typ Customer [projekt.feukora.server.model.Customer@76f856a8]  wird gelöscht
2016-05-08 17:23:09 INFO  GenericPersisterImpl:65 - Entity vom Typ Customer wird updatet: projekt.feukora.server.model.Customer@19b047fe
2016-05-08 17:23:09 INFO  GenericPersisterImpl:99 - Entity vom Typ Customer [projekt.feukora.server.model.Customer@48cd9a2c]  wird gelöscht
2016-05-08 17:23:09 INFO  GenericPersisterImpl:99 - Entity vom Typ Customer [projekt.feukora.server.model.Customer@771d1ffb]  wird gelöscht
2016-05-08 17:23:09 INFO  GenericPersisterImpl:99 - Entity vom Typ Customer [projekt.feukora.server.model.Customer@4f67e3df]  wird gelöscht
2016-05-08 17:27:15 INFO  GenericPersisterImpl:99 - Entity vom Typ Customer [projekt.feukora.server.model.Customer@681e144]  wird gelöscht
2016-05-08 17:27:15 INFO  GenericPersisterImpl:99 - Entity vom Typ Customer [projekt.feukora.server.model.Customer@2875b016]  wird gelöscht
2016-05-08 17:27:15 INFO  GenericPersisterImpl:99 - Entity vom Typ Customer [projekt.feukora.server.model.Customer@12010fd1]  wird gelöscht
2016-05-08 17:27:15 INFO  GenericPersisterImpl:99 - Entity vom Typ Customer [projekt.feukora.server.model.Customer@7c84195]  wird gelöscht
2016-05-08 17:27:15 INFO  GenericPersisterImpl:99 - Entity vom Typ Customer [projekt.feukora.server.model.Customer@552ed807]  wird gelöscht
2016-05-08 17:27:15 INFO  GenericPersisterImpl:99 - Entity vom Typ Customer [projekt.feukora.server.model.Customer@3fbfbf84]  wird gelöscht
2016-05-08 17:27:15 INFO  GenericPersisterImpl:99 - Entity vom Typ Customer [projekt.feukora.server.model.Customer@23f72d88]  wird gelöscht
2016-05-08 17:27:15 INFO  GenericPersisterImpl:99 - Entity vom Typ Customer [projekt.feukora.server.model.Customer@7123be6c]  wird gelöscht
2016-05-08 17:27:15 INFO  GenericPersisterImpl:99 - Entity vom Typ Customer [projekt.feukora.server.model.Customer@1de9d54]  wird gelöscht
2016-05-08 17:27:15 INFO  GenericPersisterImpl:99 - Entity vom Typ Customer [projekt.feukora.server.model.Customer@69e05f61]  wird gelöscht
2016-05-08 17:27:15 INFO  GenericPersisterImpl:99 - Entity vom Typ Customer [projekt.feukora.server.model.Customer@49a26d19]  wird gelöscht
2016-05-08 17:27:15 INFO  GenericPersisterImpl:99 - Entity vom Typ Customer [projekt.feukora.server.model.Customer@7159a5cd]  wird gelöscht
2016-05-08 17:27:15 INFO  GenericPersisterImpl:99 - Entity vom Typ Customer [projekt.feukora.server.model.Customer@76f856a8]  wird gelöscht
2016-05-08 17:27:15 INFO  GenericPersisterImpl:65 - Entity vom Typ Customer wird updatet: projekt.feukora.server.model.Customer@19b047fe
2016-05-08 17:27:15 INFO  GenericPersisterImpl:99 - Entity vom Typ Customer [projekt.feukora.server.model.Customer@48cd9a2c]  wird gelöscht
2016-05-08 17:27:15 INFO  GenericPersisterImpl:99 - Entity vom Typ Customer [projekt.feukora.server.model.Customer@771d1ffb]  wird gelöscht
2016-05-08 17:27:15 INFO  GenericPersisterImpl:99 - Entity vom Typ Customer [projekt.feukora.server.model.Customer@4f67e3df]  wird gelöscht
2016-05-08 17:27:48 INFO  GenericPersisterImpl:99 - Entity vom Typ Customer [projekt.feukora.server.model.Customer@681e144]  wird gelöscht
2016-05-08 17:27:48 INFO  GenericPersisterImpl:99 - Entity vom Typ Customer [projekt.feukora.server.model.Customer@2875b016]  wird gelöscht
2016-05-08 17:27:48 INFO  GenericPersisterImpl:99 - Entity vom Typ Customer [projekt.feukora.server.model.Customer@12010fd1]  wird gelöscht
2016-05-08 17:27:48 INFO  GenericPersisterImpl:99 - Entity vom Typ Customer [projekt.feukora.server.model.Customer@7c84195]  wird gelöscht
2016-05-08 17:27:48 INFO  GenericPersisterImpl:99 - Entity vom Typ Customer [projekt.feukora.server.model.Customer@552ed807]  wird gelöscht
2016-05-08 17:27:49 INFO  GenericPersisterImpl:99 - Entity vom Typ Customer [projekt.feukora.server.model.Customer@3fbfbf84]  wird gelöscht
2016-05-08 17:27:49 INFO  GenericPersisterImpl:99 - Entity vom Typ Customer [projekt.feukora.server.model.Customer@23f72d88]  wird gelöscht
2016-05-08 17:27:49 INFO  GenericPersisterImpl:99 - Entity vom Typ Customer [projekt.feukora.server.model.Customer@7123be6c]  wird gelöscht
2016-05-08 17:27:49 INFO  GenericPersisterImpl:99 - Entity vom Typ Customer [projekt.feukora.server.model.Customer@1de9d54]  wird gelöscht
2016-05-08 17:27:49 INFO  GenericPersisterImpl:99 - Entity vom Typ Customer [projekt.feukora.server.model.Customer@69e05f61]  wird gelöscht
2016-05-08 17:27:49 INFO  GenericPersisterImpl:99 - Entity vom Typ Customer [projekt.feukora.server.model.Customer@49a26d19]  wird gelöscht
2016-05-08 17:27:49 INFO  GenericPersisterImpl:99 - Entity vom Typ Customer [projekt.feukora.server.model.Customer@7159a5cd]  wird gelöscht
2016-05-08 17:27:49 INFO  GenericPersisterImpl:99 - Entity vom Typ Customer [projekt.feukora.server.model.Customer@76f856a8]  wird gelöscht
2016-05-08 17:27:49 INFO  GenericPersisterImpl:65 - Entity vom Typ Customer wird updatet: projekt.feukora.server.model.Customer@19b047fe
2016-05-08 17:27:49 INFO  GenericPersisterImpl:99 - Entity vom Typ Customer [projekt.feukora.server.model.Customer@48cd9a2c]  wird gelöscht
2016-05-08 17:27:49 INFO  GenericPersisterImpl:99 - Entity vom Typ Customer [projekt.feukora.server.model.Customer@771d1ffb]  wird gelöscht
2016-05-08 17:27:49 INFO  GenericPersisterImpl:99 - Entity vom Typ Customer [projekt.feukora.server.model.Customer@4f67e3df]  wird gelöscht
2016-05-08 17:31:28 INFO  GenericPersisterImpl:99 - Entity vom Typ Customer [projekt.feukora.server.model.Customer@7e94d093]  wird gelöscht
2016-05-08 17:31:28 INFO  GenericPersisterImpl:99 - Entity vom Typ Customer [projekt.feukora.server.model.Customer@7c6189d5]  wird gelöscht
2016-05-08 17:31:28 INFO  GenericPersisterImpl:99 - Entity vom Typ Customer [projekt.feukora.server.model.Customer@72ee5d84]  wird gelöscht
2016-05-08 17:31:28 INFO  GenericPersisterImpl:99 - Entity vom Typ Customer [projekt.feukora.server.model.Customer@68c7ef83]  wird gelöscht
2016-05-08 17:31:28 INFO  GenericPersisterImpl:99 - Entity vom Typ Customer [projekt.feukora.server.model.Customer@6145b81e]  wird gelöscht
2016-05-08 17:31:28 INFO  GenericPersisterImpl:99 - Entity vom Typ Customer [projekt.feukora.server.model.Customer@23940f86]  wird gelöscht
2016-05-08 17:31:28 INFO  GenericPersisterImpl:99 - Entity vom Typ Customer [projekt.feukora.server.model.Customer@66153688]  wird gelöscht
2016-05-08 17:31:28 INFO  GenericPersisterImpl:99 - Entity vom Typ Customer [projekt.feukora.server.model.Customer@6601cc93]  wird gelöscht
2016-05-08 17:31:28 INFO  GenericPersisterImpl:99 - Entity vom Typ Customer [projekt.feukora.server.model.Customer@54d901aa]  wird gelöscht
2016-05-08 17:31:28 INFO  GenericPersisterImpl:99 - Entity vom Typ Customer [projekt.feukora.server.model.Customer@743c6ce4]  wird gelöscht
2016-05-08 17:31:28 INFO  GenericPersisterImpl:99 - Entity vom Typ Customer [projekt.feukora.server.model.Customer@70331432]  wird gelöscht
2016-05-08 17:31:28 INFO  GenericPersisterImpl:99 - Entity vom Typ Customer [projekt.feukora.server.model.Customer@1128620c]  wird gelöscht
2016-05-08 17:31:28 INFO  GenericPersisterImpl:99 - Entity vom Typ Customer [projekt.feukora.server.model.Customer@31f20c9f]  wird gelöscht
2016-05-08 17:31:28 INFO  GenericPersisterImpl:65 - Entity vom Typ Customer wird updatet: projekt.feukora.server.model.Customer@19058533
2016-05-08 17:31:28 INFO  GenericPersisterImpl:99 - Entity vom Typ Customer [projekt.feukora.server.model.Customer@4f966719]  wird gelöscht
2016-05-08 17:31:28 INFO  GenericPersisterImpl:99 - Entity vom Typ Customer [projekt.feukora.server.model.Customer@18ac53e8]  wird gelöscht
2016-05-08 17:31:28 INFO  GenericPersisterImpl:99 - Entity vom Typ Customer [projekt.feukora.server.model.Customer@4ca8dbfa]  wird gelöscht
2016-05-08 17:34:51 INFO  GenericPersisterImpl:99 - Entity vom Typ Customer [projekt.feukora.server.model.Customer@3e6534e7]  wird gelöscht
2016-05-08 17:34:51 INFO  GenericPersisterImpl:99 - Entity vom Typ Customer [projekt.feukora.server.model.Customer@66ad7bf0]  wird gelöscht
2016-05-08 17:34:51 INFO  GenericPersisterImpl:99 - Entity vom Typ Customer [projekt.feukora.server.model.Customer@64355120]  wird gelöscht
2016-05-08 17:34:51 INFO  GenericPersisterImpl:99 - Entity vom Typ Customer [projekt.feukora.server.model.Customer@64b7225f]  wird gelöscht
2016-05-08 17:34:51 INFO  GenericPersisterImpl:99 - Entity vom Typ Customer [projekt.feukora.server.model.Customer@33db72bd]  wird gelöscht
2016-05-08 17:34:51 INFO  GenericPersisterImpl:99 - Entity vom Typ Customer [projekt.feukora.server.model.Customer@7318daf8]  wird gelöscht
2016-05-08 17:34:51 INFO  GenericPersisterImpl:99 - Entity vom Typ Customer [projekt.feukora.server.model.Customer@70f31322]  wird gelöscht
2016-05-08 17:34:51 INFO  GenericPersisterImpl:99 - Entity vom Typ Customer [projekt.feukora.server.model.Customer@573284a5]  wird gelöscht
2016-05-08 17:34:51 INFO  GenericPersisterImpl:99 - Entity vom Typ Customer [projekt.feukora.server.model.Customer@3fbfbf84]  wird gelöscht
2016-05-08 17:34:51 INFO  GenericPersisterImpl:99 - Entity vom Typ Customer [projekt.feukora.server.model.Customer@6c796cc1]  wird gelöscht
2016-05-08 17:34:51 INFO  GenericPersisterImpl:99 - Entity vom Typ Customer [projekt.feukora.server.model.Customer@65eabaab]  wird gelöscht
2016-05-08 17:34:51 INFO  GenericPersisterImpl:65 - Entity vom Typ Customer wird updatet: projekt.feukora.server.model.Customer@6d5037a9
2016-05-08 17:34:51 INFO  GenericPersisterImpl:99 - Entity vom Typ Customer [projekt.feukora.server.model.Customer@70e13fa]  wird gelöscht
2016-05-08 17:34:51 INFO  GenericPersisterImpl:99 - Entity vom Typ Customer [projekt.feukora.server.model.Customer@6ff415ad]  wird gelöscht
2016-05-08 17:34:51 INFO  GenericPersisterImpl:99 - Entity vom Typ Customer [projekt.feukora.server.model.Customer@280d9edc]  wird gelöscht
2016-05-11 11:13:20 ERROR GenericPersisterImpl:44 - Fehler beim Speichern der Entity vom Typ 'projekt.feukora.server.model.Customer': [projekt.feukora.server.model.Customer@5c20aab9]
javax.persistence.RollbackException: java.lang.IllegalStateException: During synchronization a new object was found through a relationship that was not marked cascade PERSIST: projekt.feukora.server.model.Town@6009bea.
	at org.eclipse.persistence.internal.jpa.transaction.EntityTransactionImpl.commitInternal(EntityTransactionImpl.java:102)
	at org.eclipse.persistence.internal.jpa.transaction.EntityTransactionImpl.commit(EntityTransactionImpl.java:63)
	at projekt.feukora.server.persister.GenericPersisterImpl.save(GenericPersisterImpl.java:39)
	at projekt.feukora.server.persister.CustomerPersisterImpl.saveCustomer(CustomerPersisterImpl.java:23)
	at test.project.feukora.server.persister.CustomerPersisterTest.init(CustomerPersisterTest.java:180)
	at test.project.feukora.server.persister.CustomerPersisterTest.setUp(CustomerPersisterTest.java:28)
	at sun.reflect.NativeMethodAccessorImpl.invoke0(Native Method)
	at sun.reflect.NativeMethodAccessorImpl.invoke(Unknown Source)
	at sun.reflect.DelegatingMethodAccessorImpl.invoke(Unknown Source)
	at java.lang.reflect.Method.invoke(Unknown Source)
	at org.junit.runners.model.FrameworkMethod$1.runReflectiveCall(FrameworkMethod.java:50)
	at org.junit.internal.runners.model.ReflectiveCallable.run(ReflectiveCallable.java:12)
	at org.junit.runners.model.FrameworkMethod.invokeExplosively(FrameworkMethod.java:47)
	at org.junit.internal.runners.statements.RunBefores.evaluate(RunBefores.java:24)
	at org.junit.internal.runners.statements.RunAfters.evaluate(RunAfters.java:27)
	at org.junit.runners.ParentRunner.runLeaf(ParentRunner.java:325)
	at org.junit.runners.BlockJUnit4ClassRunner.runChild(BlockJUnit4ClassRunner.java:78)
	at org.junit.runners.BlockJUnit4ClassRunner.runChild(BlockJUnit4ClassRunner.java:57)
	at org.junit.runners.ParentRunner$3.run(ParentRunner.java:290)
	at org.junit.runners.ParentRunner$1.schedule(ParentRunner.java:71)
	at org.junit.runners.ParentRunner.runChildren(ParentRunner.java:288)
	at org.junit.runners.ParentRunner.access$000(ParentRunner.java:58)
	at org.junit.runners.ParentRunner$2.evaluate(ParentRunner.java:268)
	at org.junit.runners.ParentRunner.run(ParentRunner.java:363)
	at org.eclipse.jdt.internal.junit4.runner.JUnit4TestReference.run(JUnit4TestReference.java:86)
	at org.eclipse.jdt.internal.junit.runner.TestExecution.run(TestExecution.java:38)
	at org.eclipse.jdt.internal.junit.runner.RemoteTestRunner.runTests(RemoteTestRunner.java:459)
	at org.eclipse.jdt.internal.junit.runner.RemoteTestRunner.runTests(RemoteTestRunner.java:675)
	at org.eclipse.jdt.internal.junit.runner.RemoteTestRunner.run(RemoteTestRunner.java:382)
	at org.eclipse.jdt.internal.junit.runner.RemoteTestRunner.main(RemoteTestRunner.java:192)
Caused by: java.lang.IllegalStateException: During synchronization a new object was found through a relationship that was not marked cascade PERSIST: projekt.feukora.server.model.Town@6009bea.
	at org.eclipse.persistence.internal.sessions.RepeatableWriteUnitOfWork.discoverUnregisteredNewObjects(RepeatableWriteUnitOfWork.java:304)
	at org.eclipse.persistence.internal.sessions.UnitOfWorkImpl.calculateChanges(UnitOfWorkImpl.java:702)
	at org.eclipse.persistence.internal.sessions.UnitOfWorkImpl.commitToDatabaseWithChangeSet(UnitOfWorkImpl.java:1490)
	at org.eclipse.persistence.internal.sessions.RepeatableWriteUnitOfWork.commitRootUnitOfWork(RepeatableWriteUnitOfWork.java:267)
	at org.eclipse.persistence.internal.sessions.UnitOfWorkImpl.commitAndResume(UnitOfWorkImpl.java:1143)
	at org.eclipse.persistence.internal.jpa.transaction.EntityTransactionImpl.commitInternal(EntityTransactionImpl.java:84)
	... 29 more
2016-05-11 11:17:30 ERROR GenericPersisterImpl:44 - Fehler beim Speichern der Entity vom Typ 'projekt.feukora.server.model.Customer': [projekt.feukora.server.model.Customer@62a4417]
javax.persistence.RollbackException: Exception [EclipseLink-4002] (Eclipse Persistence Services - 2.3.3.v20120629-r11760): org.eclipse.persistence.exceptions.DatabaseException
Internal Exception: org.postgresql.util.PSQLException: FEHLER: doppelter Schlüsselwert verletzt Unique-Constraint „town_pkey“
  Detail: Schlüssel „(zip)=(0)“ existiert bereits.
Error Code: 0
Call: INSERT INTO TOWN (ZIP, CANTON, NAME) VALUES (?, ?, ?)
	bind => [3 parameters bound]
Query: InsertObjectQuery(projekt.feukora.server.model.Town@43f61afb)
	at org.eclipse.persistence.internal.jpa.transaction.EntityTransactionImpl.commitInternal(EntityTransactionImpl.java:102)
	at org.eclipse.persistence.internal.jpa.transaction.EntityTransactionImpl.commit(EntityTransactionImpl.java:63)
	at projekt.feukora.server.persister.GenericPersisterImpl.save(GenericPersisterImpl.java:39)
	at projekt.feukora.server.persister.CustomerPersisterImpl.saveCustomer(CustomerPersisterImpl.java:23)
	at test.project.feukora.server.persister.CustomerPersisterTest.init(CustomerPersisterTest.java:181)
	at test.project.feukora.server.persister.CustomerPersisterTest.setUp(CustomerPersisterTest.java:28)
	at sun.reflect.NativeMethodAccessorImpl.invoke0(Native Method)
	at sun.reflect.NativeMethodAccessorImpl.invoke(Unknown Source)
	at sun.reflect.DelegatingMethodAccessorImpl.invoke(Unknown Source)
	at java.lang.reflect.Method.invoke(Unknown Source)
	at org.junit.runners.model.FrameworkMethod$1.runReflectiveCall(FrameworkMethod.java:50)
	at org.junit.internal.runners.model.ReflectiveCallable.run(ReflectiveCallable.java:12)
	at org.junit.runners.model.FrameworkMethod.invokeExplosively(FrameworkMethod.java:47)
	at org.junit.internal.runners.statements.RunBefores.evaluate(RunBefores.java:24)
	at org.junit.internal.runners.statements.RunAfters.evaluate(RunAfters.java:27)
	at org.junit.runners.ParentRunner.runLeaf(ParentRunner.java:325)
	at org.junit.runners.BlockJUnit4ClassRunner.runChild(BlockJUnit4ClassRunner.java:78)
	at org.junit.runners.BlockJUnit4ClassRunner.runChild(BlockJUnit4ClassRunner.java:57)
	at org.junit.runners.ParentRunner$3.run(ParentRunner.java:290)
	at org.junit.runners.ParentRunner$1.schedule(ParentRunner.java:71)
	at org.junit.runners.ParentRunner.runChildren(ParentRunner.java:288)
	at org.junit.runners.ParentRunner.access$000(ParentRunner.java:58)
	at org.junit.runners.ParentRunner$2.evaluate(ParentRunner.java:268)
	at org.junit.runners.ParentRunner.run(ParentRunner.java:363)
	at org.eclipse.jdt.internal.junit4.runner.JUnit4TestReference.run(JUnit4TestReference.java:86)
	at org.eclipse.jdt.internal.junit.runner.TestExecution.run(TestExecution.java:38)
	at org.eclipse.jdt.internal.junit.runner.RemoteTestRunner.runTests(RemoteTestRunner.java:459)
	at org.eclipse.jdt.internal.junit.runner.RemoteTestRunner.runTests(RemoteTestRunner.java:675)
	at org.eclipse.jdt.internal.junit.runner.RemoteTestRunner.run(RemoteTestRunner.java:382)
	at org.eclipse.jdt.internal.junit.runner.RemoteTestRunner.main(RemoteTestRunner.java:192)
Caused by: Exception [EclipseLink-4002] (Eclipse Persistence Services - 2.3.3.v20120629-r11760): org.eclipse.persistence.exceptions.DatabaseException
Internal Exception: org.postgresql.util.PSQLException: FEHLER: doppelter Schlüsselwert verletzt Unique-Constraint „town_pkey“
  Detail: Schlüssel „(zip)=(0)“ existiert bereits.
Error Code: 0
Call: INSERT INTO TOWN (ZIP, CANTON, NAME) VALUES (?, ?, ?)
	bind => [3 parameters bound]
Query: InsertObjectQuery(projekt.feukora.server.model.Town@43f61afb)
	at org.eclipse.persistence.exceptions.DatabaseException.sqlException(DatabaseException.java:333)
	at org.eclipse.persistence.internal.databaseaccess.DatabaseAccessor.processExceptionForCommError(DatabaseAccessor.java:1494)
	at org.eclipse.persistence.internal.databaseaccess.DatabaseAccessor.executeDirectNoSelect(DatabaseAccessor.java:838)
	at org.eclipse.persistence.internal.databaseaccess.DatabaseAccessor.executeNoSelect(DatabaseAccessor.java:906)
	at org.eclipse.persistence.internal.databaseaccess.DatabaseAccessor.basicExecuteCall(DatabaseAccessor.java:592)
	at org.eclipse.persistence.internal.databaseaccess.DatabaseAccessor.executeCall(DatabaseAccessor.java:535)
	at org.eclipse.persistence.internal.sessions.AbstractSession.basicExecuteCall(AbstractSession.java:1717)
	at org.eclipse.persistence.sessions.server.ClientSession.executeCall(ClientSession.java:253)
	at org.eclipse.persistence.internal.queries.DatasourceCallQueryMechanism.executeCall(DatasourceCallQueryMechanism.java:207)
	at org.eclipse.persistence.internal.queries.DatasourceCallQueryMechanism.executeCall(DatasourceCallQueryMechanism.java:193)
	at org.eclipse.persistence.internal.queries.DatasourceCallQueryMechanism.insertObject(DatasourceCallQueryMechanism.java:342)
	at org.eclipse.persistence.internal.queries.StatementQueryMechanism.insertObject(StatementQueryMechanism.java:162)
	at org.eclipse.persistence.internal.queries.StatementQueryMechanism.insertObject(StatementQueryMechanism.java:177)
	at org.eclipse.persistence.internal.queries.DatabaseQueryMechanism.insertObjectForWrite(DatabaseQueryMechanism.java:472)
	at org.eclipse.persistence.queries.InsertObjectQuery.executeCommit(InsertObjectQuery.java:80)
	at org.eclipse.persistence.queries.InsertObjectQuery.executeCommitWithChangeSet(InsertObjectQuery.java:90)
	at org.eclipse.persistence.internal.queries.DatabaseQueryMechanism.executeWriteWithChangeSet(DatabaseQueryMechanism.java:287)
	at org.eclipse.persistence.queries.WriteObjectQuery.executeDatabaseQuery(WriteObjectQuery.java:58)
	at org.eclipse.persistence.queries.DatabaseQuery.execute(DatabaseQuery.java:844)
	at org.eclipse.persistence.queries.DatabaseQuery.executeInUnitOfWork(DatabaseQuery.java:743)
	at org.eclipse.persistence.queries.ObjectLevelModifyQuery.executeInUnitOfWorkObjectLevelModifyQuery(ObjectLevelModifyQuery.java:108)
	at org.eclipse.persistence.queries.ObjectLevelModifyQuery.executeInUnitOfWork(ObjectLevelModifyQuery.java:85)
	at org.eclipse.persistence.internal.sessions.UnitOfWorkImpl.internalExecuteQuery(UnitOfWorkImpl.java:2871)
	at org.eclipse.persistence.internal.sessions.AbstractSession.executeQuery(AbstractSession.java:1516)
	at org.eclipse.persistence.internal.sessions.AbstractSession.executeQuery(AbstractSession.java:1498)
	at org.eclipse.persistence.internal.sessions.AbstractSession.executeQuery(AbstractSession.java:1449)
	at org.eclipse.persistence.internal.sessions.CommitManager.commitNewObjectsForClassWithChangeSet(CommitManager.java:224)
	at org.eclipse.persistence.internal.sessions.CommitManager.commitAllObjectsForClassWithChangeSet(CommitManager.java:191)
	at org.eclipse.persistence.internal.sessions.CommitManager.commitAllObjectsWithChangeSet(CommitManager.java:136)
	at org.eclipse.persistence.internal.sessions.AbstractSession.writeAllObjectsWithChangeSet(AbstractSession.java:3799)
	at org.eclipse.persistence.internal.sessions.UnitOfWorkImpl.commitToDatabase(UnitOfWorkImpl.java:1415)
	at org.eclipse.persistence.internal.sessions.RepeatableWriteUnitOfWork.commitToDatabase(RepeatableWriteUnitOfWork.java:636)
	at org.eclipse.persistence.internal.sessions.UnitOfWorkImpl.commitToDatabaseWithChangeSet(UnitOfWorkImpl.java:1505)
	at org.eclipse.persistence.internal.sessions.RepeatableWriteUnitOfWork.commitRootUnitOfWork(RepeatableWriteUnitOfWork.java:267)
	at org.eclipse.persistence.internal.sessions.UnitOfWorkImpl.commitAndResume(UnitOfWorkImpl.java:1143)
	at org.eclipse.persistence.internal.jpa.transaction.EntityTransactionImpl.commitInternal(EntityTransactionImpl.java:84)
	... 29 more
Caused by: org.postgresql.util.PSQLException: FEHLER: doppelter Schlüsselwert verletzt Unique-Constraint „town_pkey“
  Detail: Schlüssel „(zip)=(0)“ existiert bereits.
	at org.postgresql.core.v3.QueryExecutorImpl.receiveErrorResponse(QueryExecutorImpl.java:2101)
	at org.postgresql.core.v3.QueryExecutorImpl.processResults(QueryExecutorImpl.java:1834)
	at org.postgresql.core.v3.QueryExecutorImpl.execute(QueryExecutorImpl.java:255)
	at org.postgresql.jdbc2.AbstractJdbc2Statement.execute(AbstractJdbc2Statement.java:510)
	at org.postgresql.jdbc2.AbstractJdbc2Statement.executeWithFlags(AbstractJdbc2Statement.java:386)
	at org.postgresql.jdbc2.AbstractJdbc2Statement.executeUpdate(AbstractJdbc2Statement.java:332)
	at org.eclipse.persistence.internal.databaseaccess.DatabaseAccessor.executeDirectNoSelect(DatabaseAccessor.java:831)
	... 62 more
2016-05-11 11:43:47 ERROR GenericPersisterImpl:44 - Fehler beim Speichern der Entity vom Typ 'projekt.feukora.server.model.Customer': [projekt.feukora.server.model.Customer@6ab4ba9f]
javax.persistence.RollbackException: Exception [EclipseLink-4002] (Eclipse Persistence Services - 2.3.3.v20120629-r11760): org.eclipse.persistence.exceptions.DatabaseException
Internal Exception: org.postgresql.util.PSQLException: FEHLER: doppelter Schlüsselwert verletzt Unique-Constraint „town_pkey“
  Detail: Schlüssel „(zip)=(6000)“ existiert bereits.
Error Code: 0
Call: INSERT INTO TOWN (ZIP, CANTON, NAME) VALUES (?, ?, ?)
	bind => [3 parameters bound]
Query: InsertObjectQuery(projekt.feukora.server.model.Town@77a2aa4a)
	at org.eclipse.persistence.internal.jpa.transaction.EntityTransactionImpl.commitInternal(EntityTransactionImpl.java:102)
	at org.eclipse.persistence.internal.jpa.transaction.EntityTransactionImpl.commit(EntityTransactionImpl.java:63)
	at projekt.feukora.server.persister.GenericPersisterImpl.save(GenericPersisterImpl.java:39)
	at projekt.feukora.server.persister.CustomerPersisterImpl.saveCustomer(CustomerPersisterImpl.java:23)
	at test.project.feukora.server.persister.CustomerPersisterTest.init(CustomerPersisterTest.java:180)
	at test.project.feukora.server.persister.CustomerPersisterTest.setUp(CustomerPersisterTest.java:28)
	at sun.reflect.NativeMethodAccessorImpl.invoke0(Native Method)
	at sun.reflect.NativeMethodAccessorImpl.invoke(Unknown Source)
	at sun.reflect.DelegatingMethodAccessorImpl.invoke(Unknown Source)
	at java.lang.reflect.Method.invoke(Unknown Source)
	at org.junit.runners.model.FrameworkMethod$1.runReflectiveCall(FrameworkMethod.java:50)
	at org.junit.internal.runners.model.ReflectiveCallable.run(ReflectiveCallable.java:12)
	at org.junit.runners.model.FrameworkMethod.invokeExplosively(FrameworkMethod.java:47)
	at org.junit.internal.runners.statements.RunBefores.evaluate(RunBefores.java:24)
	at org.junit.internal.runners.statements.RunAfters.evaluate(RunAfters.java:27)
	at org.junit.runners.ParentRunner.runLeaf(ParentRunner.java:325)
	at org.junit.runners.BlockJUnit4ClassRunner.runChild(BlockJUnit4ClassRunner.java:78)
	at org.junit.runners.BlockJUnit4ClassRunner.runChild(BlockJUnit4ClassRunner.java:57)
	at org.junit.runners.ParentRunner$3.run(ParentRunner.java:290)
	at org.junit.runners.ParentRunner$1.schedule(ParentRunner.java:71)
	at org.junit.runners.ParentRunner.runChildren(ParentRunner.java:288)
	at org.junit.runners.ParentRunner.access$000(ParentRunner.java:58)
	at org.junit.runners.ParentRunner$2.evaluate(ParentRunner.java:268)
	at org.junit.runners.ParentRunner.run(ParentRunner.java:363)
	at org.eclipse.jdt.internal.junit4.runner.JUnit4TestReference.run(JUnit4TestReference.java:86)
	at org.eclipse.jdt.internal.junit.runner.TestExecution.run(TestExecution.java:38)
	at org.eclipse.jdt.internal.junit.runner.RemoteTestRunner.runTests(RemoteTestRunner.java:459)
	at org.eclipse.jdt.internal.junit.runner.RemoteTestRunner.runTests(RemoteTestRunner.java:675)
	at org.eclipse.jdt.internal.junit.runner.RemoteTestRunner.run(RemoteTestRunner.java:382)
	at org.eclipse.jdt.internal.junit.runner.RemoteTestRunner.main(RemoteTestRunner.java:192)
Caused by: Exception [EclipseLink-4002] (Eclipse Persistence Services - 2.3.3.v20120629-r11760): org.eclipse.persistence.exceptions.DatabaseException
Internal Exception: org.postgresql.util.PSQLException: FEHLER: doppelter Schlüsselwert verletzt Unique-Constraint „town_pkey“
  Detail: Schlüssel „(zip)=(6000)“ existiert bereits.
Error Code: 0
Call: INSERT INTO TOWN (ZIP, CANTON, NAME) VALUES (?, ?, ?)
	bind => [3 parameters bound]
Query: InsertObjectQuery(projekt.feukora.server.model.Town@77a2aa4a)
	at org.eclipse.persistence.exceptions.DatabaseException.sqlException(DatabaseException.java:333)
	at org.eclipse.persistence.internal.databaseaccess.DatabaseAccessor.processExceptionForCommError(DatabaseAccessor.java:1494)
	at org.eclipse.persistence.internal.databaseaccess.DatabaseAccessor.executeDirectNoSelect(DatabaseAccessor.java:838)
	at org.eclipse.persistence.internal.databaseaccess.DatabaseAccessor.executeNoSelect(DatabaseAccessor.java:906)
	at org.eclipse.persistence.internal.databaseaccess.DatabaseAccessor.basicExecuteCall(DatabaseAccessor.java:592)
	at org.eclipse.persistence.internal.databaseaccess.DatabaseAccessor.executeCall(DatabaseAccessor.java:535)
	at org.eclipse.persistence.internal.sessions.AbstractSession.basicExecuteCall(AbstractSession.java:1717)
	at org.eclipse.persistence.sessions.server.ClientSession.executeCall(ClientSession.java:253)
	at org.eclipse.persistence.internal.queries.DatasourceCallQueryMechanism.executeCall(DatasourceCallQueryMechanism.java:207)
	at org.eclipse.persistence.internal.queries.DatasourceCallQueryMechanism.executeCall(DatasourceCallQueryMechanism.java:193)
	at org.eclipse.persistence.internal.queries.DatasourceCallQueryMechanism.insertObject(DatasourceCallQueryMechanism.java:342)
	at org.eclipse.persistence.internal.queries.StatementQueryMechanism.insertObject(StatementQueryMechanism.java:162)
	at org.eclipse.persistence.internal.queries.StatementQueryMechanism.insertObject(StatementQueryMechanism.java:177)
	at org.eclipse.persistence.internal.queries.DatabaseQueryMechanism.insertObjectForWrite(DatabaseQueryMechanism.java:472)
	at org.eclipse.persistence.queries.InsertObjectQuery.executeCommit(InsertObjectQuery.java:80)
	at org.eclipse.persistence.queries.InsertObjectQuery.executeCommitWithChangeSet(InsertObjectQuery.java:90)
	at org.eclipse.persistence.internal.queries.DatabaseQueryMechanism.executeWriteWithChangeSet(DatabaseQueryMechanism.java:287)
	at org.eclipse.persistence.queries.WriteObjectQuery.executeDatabaseQuery(WriteObjectQuery.java:58)
	at org.eclipse.persistence.queries.DatabaseQuery.execute(DatabaseQuery.java:844)
	at org.eclipse.persistence.queries.DatabaseQuery.executeInUnitOfWork(DatabaseQuery.java:743)
	at org.eclipse.persistence.queries.ObjectLevelModifyQuery.executeInUnitOfWorkObjectLevelModifyQuery(ObjectLevelModifyQuery.java:108)
	at org.eclipse.persistence.queries.ObjectLevelModifyQuery.executeInUnitOfWork(ObjectLevelModifyQuery.java:85)
	at org.eclipse.persistence.internal.sessions.UnitOfWorkImpl.internalExecuteQuery(UnitOfWorkImpl.java:2871)
	at org.eclipse.persistence.internal.sessions.AbstractSession.executeQuery(AbstractSession.java:1516)
	at org.eclipse.persistence.internal.sessions.AbstractSession.executeQuery(AbstractSession.java:1498)
	at org.eclipse.persistence.internal.sessions.AbstractSession.executeQuery(AbstractSession.java:1449)
	at org.eclipse.persistence.internal.sessions.CommitManager.commitNewObjectsForClassWithChangeSet(CommitManager.java:224)
	at org.eclipse.persistence.internal.sessions.CommitManager.commitAllObjectsForClassWithChangeSet(CommitManager.java:191)
	at org.eclipse.persistence.internal.sessions.CommitManager.commitAllObjectsWithChangeSet(CommitManager.java:136)
	at org.eclipse.persistence.internal.sessions.AbstractSession.writeAllObjectsWithChangeSet(AbstractSession.java:3799)
	at org.eclipse.persistence.internal.sessions.UnitOfWorkImpl.commitToDatabase(UnitOfWorkImpl.java:1415)
	at org.eclipse.persistence.internal.sessions.RepeatableWriteUnitOfWork.commitToDatabase(RepeatableWriteUnitOfWork.java:636)
	at org.eclipse.persistence.internal.sessions.UnitOfWorkImpl.commitToDatabaseWithChangeSet(UnitOfWorkImpl.java:1505)
	at org.eclipse.persistence.internal.sessions.RepeatableWriteUnitOfWork.commitRootUnitOfWork(RepeatableWriteUnitOfWork.java:267)
	at org.eclipse.persistence.internal.sessions.UnitOfWorkImpl.commitAndResume(UnitOfWorkImpl.java:1143)
	at org.eclipse.persistence.internal.jpa.transaction.EntityTransactionImpl.commitInternal(EntityTransactionImpl.java:84)
	... 29 more
Caused by: org.postgresql.util.PSQLException: FEHLER: doppelter Schlüsselwert verletzt Unique-Constraint „town_pkey“
  Detail: Schlüssel „(zip)=(6000)“ existiert bereits.
	at org.postgresql.core.v3.QueryExecutorImpl.receiveErrorResponse(QueryExecutorImpl.java:2101)
	at org.postgresql.core.v3.QueryExecutorImpl.processResults(QueryExecutorImpl.java:1834)
	at org.postgresql.core.v3.QueryExecutorImpl.execute(QueryExecutorImpl.java:255)
	at org.postgresql.jdbc2.AbstractJdbc2Statement.execute(AbstractJdbc2Statement.java:510)
	at org.postgresql.jdbc2.AbstractJdbc2Statement.executeWithFlags(AbstractJdbc2Statement.java:386)
	at org.postgresql.jdbc2.AbstractJdbc2Statement.executeUpdate(AbstractJdbc2Statement.java:332)
	at org.eclipse.persistence.internal.databaseaccess.DatabaseAccessor.executeDirectNoSelect(DatabaseAccessor.java:831)
	... 62 more
2016-05-11 11:52:11 ERROR GenericPersisterImpl:44 - Fehler beim Speichern der Entity vom Typ 'projekt.feukora.server.model.Customer': [projekt.feukora.server.model.Customer@5626d18c]
javax.persistence.RollbackException: Exception [EclipseLink-4002] (Eclipse Persistence Services - 2.3.3.v20120629-r11760): org.eclipse.persistence.exceptions.DatabaseException
Internal Exception: org.postgresql.util.PSQLException: FEHLER: doppelter Schlüsselwert verletzt Unique-Constraint „town_pkey“
  Detail: Schlüssel „(zip)=(6000)“ existiert bereits.
Error Code: 0
Call: INSERT INTO TOWN (ZIP, CANTON, NAME) VALUES (?, ?, ?)
	bind => [3 parameters bound]
Query: InsertObjectQuery(projekt.feukora.server.model.Town@123d7057)
	at org.eclipse.persistence.internal.jpa.transaction.EntityTransactionImpl.commitInternal(EntityTransactionImpl.java:102)
	at org.eclipse.persistence.internal.jpa.transaction.EntityTransactionImpl.commit(EntityTransactionImpl.java:63)
	at projekt.feukora.server.persister.GenericPersisterImpl.save(GenericPersisterImpl.java:39)
	at projekt.feukora.server.persister.CustomerPersisterImpl.saveCustomer(CustomerPersisterImpl.java:23)
	at test.project.feukora.server.persister.CustomerPersisterTest.init(CustomerPersisterTest.java:180)
	at test.project.feukora.server.persister.CustomerPersisterTest.setUp(CustomerPersisterTest.java:28)
	at sun.reflect.NativeMethodAccessorImpl.invoke0(Native Method)
	at sun.reflect.NativeMethodAccessorImpl.invoke(Unknown Source)
	at sun.reflect.DelegatingMethodAccessorImpl.invoke(Unknown Source)
	at java.lang.reflect.Method.invoke(Unknown Source)
	at org.junit.runners.model.FrameworkMethod$1.runReflectiveCall(FrameworkMethod.java:50)
	at org.junit.internal.runners.model.ReflectiveCallable.run(ReflectiveCallable.java:12)
	at org.junit.runners.model.FrameworkMethod.invokeExplosively(FrameworkMethod.java:47)
	at org.junit.internal.runners.statements.RunBefores.evaluate(RunBefores.java:24)
	at org.junit.internal.runners.statements.RunAfters.evaluate(RunAfters.java:27)
	at org.junit.runners.ParentRunner.runLeaf(ParentRunner.java:325)
	at org.junit.runners.BlockJUnit4ClassRunner.runChild(BlockJUnit4ClassRunner.java:78)
	at org.junit.runners.BlockJUnit4ClassRunner.runChild(BlockJUnit4ClassRunner.java:57)
	at org.junit.runners.ParentRunner$3.run(ParentRunner.java:290)
	at org.junit.runners.ParentRunner$1.schedule(ParentRunner.java:71)
	at org.junit.runners.ParentRunner.runChildren(ParentRunner.java:288)
	at org.junit.runners.ParentRunner.access$000(ParentRunner.java:58)
	at org.junit.runners.ParentRunner$2.evaluate(ParentRunner.java:268)
	at org.junit.runners.ParentRunner.run(ParentRunner.java:363)
	at org.eclipse.jdt.internal.junit4.runner.JUnit4TestReference.run(JUnit4TestReference.java:86)
	at org.eclipse.jdt.internal.junit.runner.TestExecution.run(TestExecution.java:38)
	at org.eclipse.jdt.internal.junit.runner.RemoteTestRunner.runTests(RemoteTestRunner.java:459)
	at org.eclipse.jdt.internal.junit.runner.RemoteTestRunner.runTests(RemoteTestRunner.java:675)
	at org.eclipse.jdt.internal.junit.runner.RemoteTestRunner.run(RemoteTestRunner.java:382)
	at org.eclipse.jdt.internal.junit.runner.RemoteTestRunner.main(RemoteTestRunner.java:192)
Caused by: Exception [EclipseLink-4002] (Eclipse Persistence Services - 2.3.3.v20120629-r11760): org.eclipse.persistence.exceptions.DatabaseException
Internal Exception: org.postgresql.util.PSQLException: FEHLER: doppelter Schlüsselwert verletzt Unique-Constraint „town_pkey“
  Detail: Schlüssel „(zip)=(6000)“ existiert bereits.
Error Code: 0
Call: INSERT INTO TOWN (ZIP, CANTON, NAME) VALUES (?, ?, ?)
	bind => [3 parameters bound]
Query: InsertObjectQuery(projekt.feukora.server.model.Town@123d7057)
	at org.eclipse.persistence.exceptions.DatabaseException.sqlException(DatabaseException.java:333)
	at org.eclipse.persistence.internal.databaseaccess.DatabaseAccessor.processExceptionForCommError(DatabaseAccessor.java:1494)
	at org.eclipse.persistence.internal.databaseaccess.DatabaseAccessor.executeDirectNoSelect(DatabaseAccessor.java:838)
	at org.eclipse.persistence.internal.databaseaccess.DatabaseAccessor.executeNoSelect(DatabaseAccessor.java:906)
	at org.eclipse.persistence.internal.databaseaccess.DatabaseAccessor.basicExecuteCall(DatabaseAccessor.java:592)
	at org.eclipse.persistence.internal.databaseaccess.DatabaseAccessor.executeCall(DatabaseAccessor.java:535)
	at org.eclipse.persistence.internal.sessions.AbstractSession.basicExecuteCall(AbstractSession.java:1717)
	at org.eclipse.persistence.sessions.server.ClientSession.executeCall(ClientSession.java:253)
	at org.eclipse.persistence.internal.queries.DatasourceCallQueryMechanism.executeCall(DatasourceCallQueryMechanism.java:207)
	at org.eclipse.persistence.internal.queries.DatasourceCallQueryMechanism.executeCall(DatasourceCallQueryMechanism.java:193)
	at org.eclipse.persistence.internal.queries.DatasourceCallQueryMechanism.insertObject(DatasourceCallQueryMechanism.java:342)
	at org.eclipse.persistence.internal.queries.StatementQueryMechanism.insertObject(StatementQueryMechanism.java:162)
	at org.eclipse.persistence.internal.queries.StatementQueryMechanism.insertObject(StatementQueryMechanism.java:177)
	at org.eclipse.persistence.internal.queries.DatabaseQueryMechanism.insertObjectForWrite(DatabaseQueryMechanism.java:472)
	at org.eclipse.persistence.queries.InsertObjectQuery.executeCommit(InsertObjectQuery.java:80)
	at org.eclipse.persistence.queries.InsertObjectQuery.executeCommitWithChangeSet(InsertObjectQuery.java:90)
	at org.eclipse.persistence.internal.queries.DatabaseQueryMechanism.executeWriteWithChangeSet(DatabaseQueryMechanism.java:287)
	at org.eclipse.persistence.queries.WriteObjectQuery.executeDatabaseQuery(WriteObjectQuery.java:58)
	at org.eclipse.persistence.queries.DatabaseQuery.execute(DatabaseQuery.java:844)
	at org.eclipse.persistence.queries.DatabaseQuery.executeInUnitOfWork(DatabaseQuery.java:743)
	at org.eclipse.persistence.queries.ObjectLevelModifyQuery.executeInUnitOfWorkObjectLevelModifyQuery(ObjectLevelModifyQuery.java:108)
	at org.eclipse.persistence.queries.ObjectLevelModifyQuery.executeInUnitOfWork(ObjectLevelModifyQuery.java:85)
	at org.eclipse.persistence.internal.sessions.UnitOfWorkImpl.internalExecuteQuery(UnitOfWorkImpl.java:2871)
	at org.eclipse.persistence.internal.sessions.AbstractSession.executeQuery(AbstractSession.java:1516)
	at org.eclipse.persistence.internal.sessions.AbstractSession.executeQuery(AbstractSession.java:1498)
	at org.eclipse.persistence.internal.sessions.AbstractSession.executeQuery(AbstractSession.java:1449)
	at org.eclipse.persistence.internal.sessions.CommitManager.commitNewObjectsForClassWithChangeSet(CommitManager.java:224)
	at org.eclipse.persistence.internal.sessions.CommitManager.commitAllObjectsForClassWithChangeSet(CommitManager.java:191)
	at org.eclipse.persistence.internal.sessions.CommitManager.commitAllObjectsWithChangeSet(CommitManager.java:136)
	at org.eclipse.persistence.internal.sessions.AbstractSession.writeAllObjectsWithChangeSet(AbstractSession.java:3799)
	at org.eclipse.persistence.internal.sessions.UnitOfWorkImpl.commitToDatabase(UnitOfWorkImpl.java:1415)
	at org.eclipse.persistence.internal.sessions.RepeatableWriteUnitOfWork.commitToDatabase(RepeatableWriteUnitOfWork.java:636)
	at org.eclipse.persistence.internal.sessions.UnitOfWorkImpl.commitToDatabaseWithChangeSet(UnitOfWorkImpl.java:1505)
	at org.eclipse.persistence.internal.sessions.RepeatableWriteUnitOfWork.commitRootUnitOfWork(RepeatableWriteUnitOfWork.java:267)
	at org.eclipse.persistence.internal.sessions.UnitOfWorkImpl.commitAndResume(UnitOfWorkImpl.java:1143)
	at org.eclipse.persistence.internal.jpa.transaction.EntityTransactionImpl.commitInternal(EntityTransactionImpl.java:84)
	... 29 more
Caused by: org.postgresql.util.PSQLException: FEHLER: doppelter Schlüsselwert verletzt Unique-Constraint „town_pkey“
  Detail: Schlüssel „(zip)=(6000)“ existiert bereits.
	at org.postgresql.core.v3.QueryExecutorImpl.receiveErrorResponse(QueryExecutorImpl.java:2101)
	at org.postgresql.core.v3.QueryExecutorImpl.processResults(QueryExecutorImpl.java:1834)
	at org.postgresql.core.v3.QueryExecutorImpl.execute(QueryExecutorImpl.java:255)
	at org.postgresql.jdbc2.AbstractJdbc2Statement.execute(AbstractJdbc2Statement.java:510)
	at org.postgresql.jdbc2.AbstractJdbc2Statement.executeWithFlags(AbstractJdbc2Statement.java:386)
	at org.postgresql.jdbc2.AbstractJdbc2Statement.executeUpdate(AbstractJdbc2Statement.java:332)
	at org.eclipse.persistence.internal.databaseaccess.DatabaseAccessor.executeDirectNoSelect(DatabaseAccessor.java:831)
	... 62 more
2016-05-11 12:00:54 ERROR GenericPersisterImpl:44 - Fehler beim Speichern der Entity vom Typ 'projekt.feukora.server.model.Customer': [projekt.feukora.server.model.Customer@329548d0]
javax.persistence.RollbackException: Exception [EclipseLink-4002] (Eclipse Persistence Services - 2.3.3.v20120629-r11760): org.eclipse.persistence.exceptions.DatabaseException
Internal Exception: org.postgresql.util.PSQLException: FEHLER: doppelter Schlüsselwert verletzt Unique-Constraint „town_pkey“
  Detail: Schlüssel „(zip)=(6000)“ existiert bereits.
Error Code: 0
Call: INSERT INTO TOWN (ZIP, CANTON, NAME) VALUES (?, ?, ?)
	bind => [3 parameters bound]
Query: InsertObjectQuery(projekt.feukora.server.model.Town@123d7057)
	at org.eclipse.persistence.internal.jpa.transaction.EntityTransactionImpl.commitInternal(EntityTransactionImpl.java:102)
	at org.eclipse.persistence.internal.jpa.transaction.EntityTransactionImpl.commit(EntityTransactionImpl.java:63)
	at projekt.feukora.server.persister.GenericPersisterImpl.save(GenericPersisterImpl.java:39)
	at projekt.feukora.server.persister.CustomerPersisterImpl.saveCustomer(CustomerPersisterImpl.java:23)
	at test.project.feukora.server.persister.CustomerPersisterTest.init(CustomerPersisterTest.java:180)
	at test.project.feukora.server.persister.CustomerPersisterTest.setUp(CustomerPersisterTest.java:28)
	at sun.reflect.NativeMethodAccessorImpl.invoke0(Native Method)
	at sun.reflect.NativeMethodAccessorImpl.invoke(Unknown Source)
	at sun.reflect.DelegatingMethodAccessorImpl.invoke(Unknown Source)
	at java.lang.reflect.Method.invoke(Unknown Source)
	at org.junit.runners.model.FrameworkMethod$1.runReflectiveCall(FrameworkMethod.java:50)
	at org.junit.internal.runners.model.ReflectiveCallable.run(ReflectiveCallable.java:12)
	at org.junit.runners.model.FrameworkMethod.invokeExplosively(FrameworkMethod.java:47)
	at org.junit.internal.runners.statements.RunBefores.evaluate(RunBefores.java:24)
	at org.junit.internal.runners.statements.RunAfters.evaluate(RunAfters.java:27)
	at org.junit.runners.ParentRunner.runLeaf(ParentRunner.java:325)
	at org.junit.runners.BlockJUnit4ClassRunner.runChild(BlockJUnit4ClassRunner.java:78)
	at org.junit.runners.BlockJUnit4ClassRunner.runChild(BlockJUnit4ClassRunner.java:57)
	at org.junit.runners.ParentRunner$3.run(ParentRunner.java:290)
	at org.junit.runners.ParentRunner$1.schedule(ParentRunner.java:71)
	at org.junit.runners.ParentRunner.runChildren(ParentRunner.java:288)
	at org.junit.runners.ParentRunner.access$000(ParentRunner.java:58)
	at org.junit.runners.ParentRunner$2.evaluate(ParentRunner.java:268)
	at org.junit.runners.ParentRunner.run(ParentRunner.java:363)
	at org.eclipse.jdt.internal.junit4.runner.JUnit4TestReference.run(JUnit4TestReference.java:86)
	at org.eclipse.jdt.internal.junit.runner.TestExecution.run(TestExecution.java:38)
	at org.eclipse.jdt.internal.junit.runner.RemoteTestRunner.runTests(RemoteTestRunner.java:459)
	at org.eclipse.jdt.internal.junit.runner.RemoteTestRunner.runTests(RemoteTestRunner.java:675)
	at org.eclipse.jdt.internal.junit.runner.RemoteTestRunner.run(RemoteTestRunner.java:382)
	at org.eclipse.jdt.internal.junit.runner.RemoteTestRunner.main(RemoteTestRunner.java:192)
Caused by: Exception [EclipseLink-4002] (Eclipse Persistence Services - 2.3.3.v20120629-r11760): org.eclipse.persistence.exceptions.DatabaseException
Internal Exception: org.postgresql.util.PSQLException: FEHLER: doppelter Schlüsselwert verletzt Unique-Constraint „town_pkey“
  Detail: Schlüssel „(zip)=(6000)“ existiert bereits.
Error Code: 0
Call: INSERT INTO TOWN (ZIP, CANTON, NAME) VALUES (?, ?, ?)
	bind => [3 parameters bound]
Query: InsertObjectQuery(projekt.feukora.server.model.Town@123d7057)
	at org.eclipse.persistence.exceptions.DatabaseException.sqlException(DatabaseException.java:333)
	at org.eclipse.persistence.internal.databaseaccess.DatabaseAccessor.processExceptionForCommError(DatabaseAccessor.java:1494)
	at org.eclipse.persistence.internal.databaseaccess.DatabaseAccessor.executeDirectNoSelect(DatabaseAccessor.java:838)
	at org.eclipse.persistence.internal.databaseaccess.DatabaseAccessor.executeNoSelect(DatabaseAccessor.java:906)
	at org.eclipse.persistence.internal.databaseaccess.DatabaseAccessor.basicExecuteCall(DatabaseAccessor.java:592)
	at org.eclipse.persistence.internal.databaseaccess.DatabaseAccessor.executeCall(DatabaseAccessor.java:535)
	at org.eclipse.persistence.internal.sessions.AbstractSession.basicExecuteCall(AbstractSession.java:1717)
	at org.eclipse.persistence.sessions.server.ClientSession.executeCall(ClientSession.java:253)
	at org.eclipse.persistence.internal.queries.DatasourceCallQueryMechanism.executeCall(DatasourceCallQueryMechanism.java:207)
	at org.eclipse.persistence.internal.queries.DatasourceCallQueryMechanism.executeCall(DatasourceCallQueryMechanism.java:193)
	at org.eclipse.persistence.internal.queries.DatasourceCallQueryMechanism.insertObject(DatasourceCallQueryMechanism.java:342)
	at org.eclipse.persistence.internal.queries.StatementQueryMechanism.insertObject(StatementQueryMechanism.java:162)
	at org.eclipse.persistence.internal.queries.StatementQueryMechanism.insertObject(StatementQueryMechanism.java:177)
	at org.eclipse.persistence.internal.queries.DatabaseQueryMechanism.insertObjectForWrite(DatabaseQueryMechanism.java:472)
	at org.eclipse.persistence.queries.InsertObjectQuery.executeCommit(InsertObjectQuery.java:80)
	at org.eclipse.persistence.queries.InsertObjectQuery.executeCommitWithChangeSet(InsertObjectQuery.java:90)
	at org.eclipse.persistence.internal.queries.DatabaseQueryMechanism.executeWriteWithChangeSet(DatabaseQueryMechanism.java:287)
	at org.eclipse.persistence.queries.WriteObjectQuery.executeDatabaseQuery(WriteObjectQuery.java:58)
	at org.eclipse.persistence.queries.DatabaseQuery.execute(DatabaseQuery.java:844)
	at org.eclipse.persistence.queries.DatabaseQuery.executeInUnitOfWork(DatabaseQuery.java:743)
	at org.eclipse.persistence.queries.ObjectLevelModifyQuery.executeInUnitOfWorkObjectLevelModifyQuery(ObjectLevelModifyQuery.java:108)
	at org.eclipse.persistence.queries.ObjectLevelModifyQuery.executeInUnitOfWork(ObjectLevelModifyQuery.java:85)
	at org.eclipse.persistence.internal.sessions.UnitOfWorkImpl.internalExecuteQuery(UnitOfWorkImpl.java:2871)
	at org.eclipse.persistence.internal.sessions.AbstractSession.executeQuery(AbstractSession.java:1516)
	at org.eclipse.persistence.internal.sessions.AbstractSession.executeQuery(AbstractSession.java:1498)
	at org.eclipse.persistence.internal.sessions.AbstractSession.executeQuery(AbstractSession.java:1449)
	at org.eclipse.persistence.internal.sessions.CommitManager.commitNewObjectsForClassWithChangeSet(CommitManager.java:224)
	at org.eclipse.persistence.internal.sessions.CommitManager.commitAllObjectsForClassWithChangeSet(CommitManager.java:191)
	at org.eclipse.persistence.internal.sessions.CommitManager.commitAllObjectsWithChangeSet(CommitManager.java:136)
	at org.eclipse.persistence.internal.sessions.AbstractSession.writeAllObjectsWithChangeSet(AbstractSession.java:3799)
	at org.eclipse.persistence.internal.sessions.UnitOfWorkImpl.commitToDatabase(UnitOfWorkImpl.java:1415)
	at org.eclipse.persistence.internal.sessions.RepeatableWriteUnitOfWork.commitToDatabase(RepeatableWriteUnitOfWork.java:636)
	at org.eclipse.persistence.internal.sessions.UnitOfWorkImpl.commitToDatabaseWithChangeSet(UnitOfWorkImpl.java:1505)
	at org.eclipse.persistence.internal.sessions.RepeatableWriteUnitOfWork.commitRootUnitOfWork(RepeatableWriteUnitOfWork.java:267)
	at org.eclipse.persistence.internal.sessions.UnitOfWorkImpl.commitAndResume(UnitOfWorkImpl.java:1143)
	at org.eclipse.persistence.internal.jpa.transaction.EntityTransactionImpl.commitInternal(EntityTransactionImpl.java:84)
	... 29 more
Caused by: org.postgresql.util.PSQLException: FEHLER: doppelter Schlüsselwert verletzt Unique-Constraint „town_pkey“
  Detail: Schlüssel „(zip)=(6000)“ existiert bereits.
	at org.postgresql.core.v3.QueryExecutorImpl.receiveErrorResponse(QueryExecutorImpl.java:2101)
	at org.postgresql.core.v3.QueryExecutorImpl.processResults(QueryExecutorImpl.java:1834)
	at org.postgresql.core.v3.QueryExecutorImpl.execute(QueryExecutorImpl.java:255)
	at org.postgresql.jdbc2.AbstractJdbc2Statement.execute(AbstractJdbc2Statement.java:510)
	at org.postgresql.jdbc2.AbstractJdbc2Statement.executeWithFlags(AbstractJdbc2Statement.java:386)
	at org.postgresql.jdbc2.AbstractJdbc2Statement.executeUpdate(AbstractJdbc2Statement.java:332)
	at org.eclipse.persistence.internal.databaseaccess.DatabaseAccessor.executeDirectNoSelect(DatabaseAccessor.java:831)
	... 62 more
