2016-05-23 17:06:37 ERROR ControllerLogin:111 - Login fehlgeschlagen'
java.rmi.ServerException: RemoteException occurred in server thread; nested exception is: 
	java.rmi.UnmarshalException: unrecognized method hash: method not supported by remote object
	at sun.rmi.server.UnicastServerRef.dispatch(Unknown Source)
	at sun.rmi.transport.Transport$1.run(Unknown Source)
	at sun.rmi.transport.Transport$1.run(Unknown Source)
	at java.security.AccessController.doPrivileged(Native Method)
	at sun.rmi.transport.Transport.serviceCall(Unknown Source)
	at sun.rmi.transport.tcp.TCPTransport.handleMessages(Unknown Source)
	at sun.rmi.transport.tcp.TCPTransport$ConnectionHandler.run0(Unknown Source)
	at sun.rmi.transport.tcp.TCPTransport$ConnectionHandler.lambda$run$0(Unknown Source)
	at java.security.AccessController.doPrivileged(Native Method)
	at sun.rmi.transport.tcp.TCPTransport$ConnectionHandler.run(Unknown Source)
	at java.util.concurrent.ThreadPoolExecutor.runWorker(Unknown Source)
	at java.util.concurrent.ThreadPoolExecutor$Worker.run(Unknown Source)
	at java.lang.Thread.run(Unknown Source)
	at sun.rmi.transport.StreamRemoteCall.exceptionReceivedFromServer(Unknown Source)
	at sun.rmi.transport.StreamRemoteCall.executeCall(Unknown Source)
	at sun.rmi.server.UnicastRef.invoke(Unknown Source)
	at java.rmi.server.RemoteObjectInvocationHandler.invokeRemoteMethod(Unknown Source)
	at java.rmi.server.RemoteObjectInvocationHandler.invoke(Unknown Source)
	at com.sun.proxy.$Proxy12.findUsersByUsername(Unknown Source)
	at projekt.feukora.client.intern.ClientInternRMI.login(ClientInternRMI.java:135)
	at login.controller.ControllerLogin.ActionLoginLogin(ControllerLogin.java:92)
	at sun.reflect.NativeMethodAccessorImpl.invoke0(Native Method)
	at sun.reflect.NativeMethodAccessorImpl.invoke(Unknown Source)
	at sun.reflect.DelegatingMethodAccessorImpl.invoke(Unknown Source)
	at java.lang.reflect.Method.invoke(Unknown Source)
	at sun.reflect.misc.Trampoline.invoke(Unknown Source)
	at sun.reflect.GeneratedMethodAccessor1.invoke(Unknown Source)
	at sun.reflect.DelegatingMethodAccessorImpl.invoke(Unknown Source)
	at java.lang.reflect.Method.invoke(Unknown Source)
	at sun.reflect.misc.MethodUtil.invoke(Unknown Source)
	at javafx.fxml.FXMLLoader$MethodHandler.invoke(Unknown Source)
	at javafx.fxml.FXMLLoader$ControllerMethodEventHandler.handle(Unknown Source)
	at com.sun.javafx.event.CompositeEventHandler.dispatchBubblingEvent(Unknown Source)
	at com.sun.javafx.event.EventHandlerManager.dispatchBubblingEvent(Unknown Source)
	at com.sun.javafx.event.EventHandlerManager.dispatchBubblingEvent(Unknown Source)
	at com.sun.javafx.event.CompositeEventDispatcher.dispatchBubblingEvent(Unknown Source)
	at com.sun.javafx.event.BasicEventDispatcher.dispatchEvent(Unknown Source)
	at com.sun.javafx.event.EventDispatchChainImpl.dispatchEvent(Unknown Source)
	at com.sun.javafx.event.BasicEventDispatcher.dispatchEvent(Unknown Source)
	at com.sun.javafx.event.EventDispatchChainImpl.dispatchEvent(Unknown Source)
	at com.sun.javafx.event.BasicEventDispatcher.dispatchEvent(Unknown Source)
	at com.sun.javafx.event.EventDispatchChainImpl.dispatchEvent(Unknown Source)
	at com.sun.javafx.event.EventUtil.fireEventImpl(Unknown Source)
	at com.sun.javafx.event.EventUtil.fireEvent(Unknown Source)
	at javafx.event.Event.fireEvent(Unknown Source)
	at javafx.scene.Node.fireEvent(Unknown Source)
	at javafx.scene.control.Button.fire(Unknown Source)
	at com.sun.javafx.scene.control.behavior.ButtonBehavior.mouseReleased(Unknown Source)
	at com.sun.javafx.scene.control.skin.BehaviorSkinBase$1.handle(Unknown Source)
	at com.sun.javafx.scene.control.skin.BehaviorSkinBase$1.handle(Unknown Source)
	at com.sun.javafx.event.CompositeEventHandler$NormalEventHandlerRecord.handleBubblingEvent(Unknown Source)
	at com.sun.javafx.event.CompositeEventHandler.dispatchBubblingEvent(Unknown Source)
	at com.sun.javafx.event.EventHandlerManager.dispatchBubblingEvent(Unknown Source)
	at com.sun.javafx.event.EventHandlerManager.dispatchBubblingEvent(Unknown Source)
	at com.sun.javafx.event.CompositeEventDispatcher.dispatchBubblingEvent(Unknown Source)
	at com.sun.javafx.event.BasicEventDispatcher.dispatchEvent(Unknown Source)
	at com.sun.javafx.event.EventDispatchChainImpl.dispatchEvent(Unknown Source)
	at com.sun.javafx.event.BasicEventDispatcher.dispatchEvent(Unknown Source)
	at com.sun.javafx.event.EventDispatchChainImpl.dispatchEvent(Unknown Source)
	at com.sun.javafx.event.BasicEventDispatcher.dispatchEvent(Unknown Source)
	at com.sun.javafx.event.EventDispatchChainImpl.dispatchEvent(Unknown Source)
	at com.sun.javafx.event.EventUtil.fireEventImpl(Unknown Source)
	at com.sun.javafx.event.EventUtil.fireEvent(Unknown Source)
	at javafx.event.Event.fireEvent(Unknown Source)
	at javafx.scene.Scene$MouseHandler.process(Unknown Source)
	at javafx.scene.Scene$MouseHandler.access$1500(Unknown Source)
	at javafx.scene.Scene.impl_processMouseEvent(Unknown Source)
	at javafx.scene.Scene$ScenePeerListener.mouseEvent(Unknown Source)
	at com.sun.javafx.tk.quantum.GlassViewEventHandler$MouseEventNotification.run(Unknown Source)
	at com.sun.javafx.tk.quantum.GlassViewEventHandler$MouseEventNotification.run(Unknown Source)
	at java.security.AccessController.doPrivileged(Native Method)
	at com.sun.javafx.tk.quantum.GlassViewEventHandler.lambda$handleMouseEvent$354(Unknown Source)
	at com.sun.javafx.tk.quantum.QuantumToolkit.runWithoutRenderLock(Unknown Source)
	at com.sun.javafx.tk.quantum.GlassViewEventHandler.handleMouseEvent(Unknown Source)
	at com.sun.glass.ui.View.handleMouseEvent(Unknown Source)
	at com.sun.glass.ui.View.notifyMouse(Unknown Source)
	at com.sun.glass.ui.win.WinApplication._runLoop(Native Method)
	at com.sun.glass.ui.win.WinApplication.lambda$null$148(Unknown Source)
	at java.lang.Thread.run(Unknown Source)
Caused by: java.rmi.UnmarshalException: unrecognized method hash: method not supported by remote object
	at sun.rmi.server.UnicastServerRef.dispatch(Unknown Source)
	at sun.rmi.transport.Transport$1.run(Unknown Source)
	at sun.rmi.transport.Transport$1.run(Unknown Source)
	at java.security.AccessController.doPrivileged(Native Method)
	at sun.rmi.transport.Transport.serviceCall(Unknown Source)
	at sun.rmi.transport.tcp.TCPTransport.handleMessages(Unknown Source)
	at sun.rmi.transport.tcp.TCPTransport$ConnectionHandler.run0(Unknown Source)
	at sun.rmi.transport.tcp.TCPTransport$ConnectionHandler.lambda$run$0(Unknown Source)
	at java.security.AccessController.doPrivileged(Native Method)
	at sun.rmi.transport.tcp.TCPTransport$ConnectionHandler.run(Unknown Source)
	at java.util.concurrent.ThreadPoolExecutor.runWorker(Unknown Source)
	at java.util.concurrent.ThreadPoolExecutor$Worker.run(Unknown Source)
	... 1 more
2016-05-23 17:08:17 ERROR ControllerLogin:111 - Login fehlgeschlagen'
java.rmi.ServerException: RemoteException occurred in server thread; nested exception is: 
	java.rmi.UnmarshalException: unrecognized method hash: method not supported by remote object
	at sun.rmi.server.UnicastServerRef.dispatch(Unknown Source)
	at sun.rmi.transport.Transport$1.run(Unknown Source)
	at sun.rmi.transport.Transport$1.run(Unknown Source)
	at java.security.AccessController.doPrivileged(Native Method)
	at sun.rmi.transport.Transport.serviceCall(Unknown Source)
	at sun.rmi.transport.tcp.TCPTransport.handleMessages(Unknown Source)
	at sun.rmi.transport.tcp.TCPTransport$ConnectionHandler.run0(Unknown Source)
	at sun.rmi.transport.tcp.TCPTransport$ConnectionHandler.lambda$run$0(Unknown Source)
	at java.security.AccessController.doPrivileged(Native Method)
	at sun.rmi.transport.tcp.TCPTransport$ConnectionHandler.run(Unknown Source)
	at java.util.concurrent.ThreadPoolExecutor.runWorker(Unknown Source)
	at java.util.concurrent.ThreadPoolExecutor$Worker.run(Unknown Source)
	at java.lang.Thread.run(Unknown Source)
	at sun.rmi.transport.StreamRemoteCall.exceptionReceivedFromServer(Unknown Source)
	at sun.rmi.transport.StreamRemoteCall.executeCall(Unknown Source)
	at sun.rmi.server.UnicastRef.invoke(Unknown Source)
	at java.rmi.server.RemoteObjectInvocationHandler.invokeRemoteMethod(Unknown Source)
	at java.rmi.server.RemoteObjectInvocationHandler.invoke(Unknown Source)
	at com.sun.proxy.$Proxy12.findUsersByUsername(Unknown Source)
	at projekt.feukora.client.intern.ClientInternRMI.login(ClientInternRMI.java:135)
	at login.controller.ControllerLogin.ActionLoginLogin(ControllerLogin.java:92)
	at sun.reflect.NativeMethodAccessorImpl.invoke0(Native Method)
	at sun.reflect.NativeMethodAccessorImpl.invoke(Unknown Source)
	at sun.reflect.DelegatingMethodAccessorImpl.invoke(Unknown Source)
	at java.lang.reflect.Method.invoke(Unknown Source)
	at sun.reflect.misc.Trampoline.invoke(Unknown Source)
	at sun.reflect.GeneratedMethodAccessor1.invoke(Unknown Source)
	at sun.reflect.DelegatingMethodAccessorImpl.invoke(Unknown Source)
	at java.lang.reflect.Method.invoke(Unknown Source)
	at sun.reflect.misc.MethodUtil.invoke(Unknown Source)
	at javafx.fxml.FXMLLoader$MethodHandler.invoke(Unknown Source)
	at javafx.fxml.FXMLLoader$ControllerMethodEventHandler.handle(Unknown Source)
	at com.sun.javafx.event.CompositeEventHandler.dispatchBubblingEvent(Unknown Source)
	at com.sun.javafx.event.EventHandlerManager.dispatchBubblingEvent(Unknown Source)
	at com.sun.javafx.event.EventHandlerManager.dispatchBubblingEvent(Unknown Source)
	at com.sun.javafx.event.CompositeEventDispatcher.dispatchBubblingEvent(Unknown Source)
	at com.sun.javafx.event.BasicEventDispatcher.dispatchEvent(Unknown Source)
	at com.sun.javafx.event.EventDispatchChainImpl.dispatchEvent(Unknown Source)
	at com.sun.javafx.event.BasicEventDispatcher.dispatchEvent(Unknown Source)
	at com.sun.javafx.event.EventDispatchChainImpl.dispatchEvent(Unknown Source)
	at com.sun.javafx.event.BasicEventDispatcher.dispatchEvent(Unknown Source)
	at com.sun.javafx.event.EventDispatchChainImpl.dispatchEvent(Unknown Source)
	at com.sun.javafx.event.EventUtil.fireEventImpl(Unknown Source)
	at com.sun.javafx.event.EventUtil.fireEvent(Unknown Source)
	at javafx.event.Event.fireEvent(Unknown Source)
	at javafx.scene.Node.fireEvent(Unknown Source)
	at javafx.scene.control.Button.fire(Unknown Source)
	at com.sun.javafx.scene.control.behavior.ButtonBehavior.mouseReleased(Unknown Source)
	at com.sun.javafx.scene.control.skin.BehaviorSkinBase$1.handle(Unknown Source)
	at com.sun.javafx.scene.control.skin.BehaviorSkinBase$1.handle(Unknown Source)
	at com.sun.javafx.event.CompositeEventHandler$NormalEventHandlerRecord.handleBubblingEvent(Unknown Source)
	at com.sun.javafx.event.CompositeEventHandler.dispatchBubblingEvent(Unknown Source)
	at com.sun.javafx.event.EventHandlerManager.dispatchBubblingEvent(Unknown Source)
	at com.sun.javafx.event.EventHandlerManager.dispatchBubblingEvent(Unknown Source)
	at com.sun.javafx.event.CompositeEventDispatcher.dispatchBubblingEvent(Unknown Source)
	at com.sun.javafx.event.BasicEventDispatcher.dispatchEvent(Unknown Source)
	at com.sun.javafx.event.EventDispatchChainImpl.dispatchEvent(Unknown Source)
	at com.sun.javafx.event.BasicEventDispatcher.dispatchEvent(Unknown Source)
	at com.sun.javafx.event.EventDispatchChainImpl.dispatchEvent(Unknown Source)
	at com.sun.javafx.event.BasicEventDispatcher.dispatchEvent(Unknown Source)
	at com.sun.javafx.event.EventDispatchChainImpl.dispatchEvent(Unknown Source)
	at com.sun.javafx.event.EventUtil.fireEventImpl(Unknown Source)
	at com.sun.javafx.event.EventUtil.fireEvent(Unknown Source)
	at javafx.event.Event.fireEvent(Unknown Source)
	at javafx.scene.Scene$MouseHandler.process(Unknown Source)
	at javafx.scene.Scene$MouseHandler.access$1500(Unknown Source)
	at javafx.scene.Scene.impl_processMouseEvent(Unknown Source)
	at javafx.scene.Scene$ScenePeerListener.mouseEvent(Unknown Source)
	at com.sun.javafx.tk.quantum.GlassViewEventHandler$MouseEventNotification.run(Unknown Source)
	at com.sun.javafx.tk.quantum.GlassViewEventHandler$MouseEventNotification.run(Unknown Source)
	at java.security.AccessController.doPrivileged(Native Method)
	at com.sun.javafx.tk.quantum.GlassViewEventHandler.lambda$handleMouseEvent$354(Unknown Source)
	at com.sun.javafx.tk.quantum.QuantumToolkit.runWithoutRenderLock(Unknown Source)
	at com.sun.javafx.tk.quantum.GlassViewEventHandler.handleMouseEvent(Unknown Source)
	at com.sun.glass.ui.View.handleMouseEvent(Unknown Source)
	at com.sun.glass.ui.View.notifyMouse(Unknown Source)
	at com.sun.glass.ui.win.WinApplication._runLoop(Native Method)
	at com.sun.glass.ui.win.WinApplication.lambda$null$148(Unknown Source)
	at java.lang.Thread.run(Unknown Source)
Caused by: java.rmi.UnmarshalException: unrecognized method hash: method not supported by remote object
	at sun.rmi.server.UnicastServerRef.dispatch(Unknown Source)
	at sun.rmi.transport.Transport$1.run(Unknown Source)
	at sun.rmi.transport.Transport$1.run(Unknown Source)
	at java.security.AccessController.doPrivileged(Native Method)
	at sun.rmi.transport.Transport.serviceCall(Unknown Source)
	at sun.rmi.transport.tcp.TCPTransport.handleMessages(Unknown Source)
	at sun.rmi.transport.tcp.TCPTransport$ConnectionHandler.run0(Unknown Source)
	at sun.rmi.transport.tcp.TCPTransport$ConnectionHandler.lambda$run$0(Unknown Source)
	at java.security.AccessController.doPrivileged(Native Method)
	at sun.rmi.transport.tcp.TCPTransport$ConnectionHandler.run(Unknown Source)
	at java.util.concurrent.ThreadPoolExecutor.runWorker(Unknown Source)
	at java.util.concurrent.ThreadPoolExecutor$Worker.run(Unknown Source)
	... 1 more
2016-05-23 15:11:40 ERROR ControllerOverview:78 - Aktion konnte nicht durchgeführt werden'
java.rmi.UnmarshalException: error unmarshalling return; nested exception is: 
	java.io.WriteAbortedException: writing aborted; java.io.NotSerializableException: projekt.feukora.server.model.Fuel
	at sun.rmi.server.UnicastRef.invoke(Unknown Source)
	at java.rmi.server.RemoteObjectInvocationHandler.invokeRemoteMethod(Unknown Source)
	at java.rmi.server.RemoteObjectInvocationHandler.invoke(Unknown Source)
	at com.sun.proxy.$Proxy8.findAllBlowers(Unknown Source)
	at projekt.feukora.client.intern.ClientInternRMI.getBlowers(ClientInternRMI.java:334)
	at blower.controller.ControllerOverview.initialize(ControllerOverview.java:62)
	at sun.reflect.NativeMethodAccessorImpl.invoke0(Native Method)
	at sun.reflect.NativeMethodAccessorImpl.invoke(Unknown Source)
	at sun.reflect.DelegatingMethodAccessorImpl.invoke(Unknown Source)
	at java.lang.reflect.Method.invoke(Unknown Source)
	at sun.reflect.misc.Trampoline.invoke(Unknown Source)
	at sun.reflect.GeneratedMethodAccessor1.invoke(Unknown Source)
	at sun.reflect.DelegatingMethodAccessorImpl.invoke(Unknown Source)
	at java.lang.reflect.Method.invoke(Unknown Source)
	at sun.reflect.misc.MethodUtil.invoke(Unknown Source)
	at javafx.fxml.FXMLLoader.loadImpl(Unknown Source)
	at javafx.fxml.FXMLLoader.loadImpl(Unknown Source)
	at javafx.fxml.FXMLLoader.loadImpl(Unknown Source)
	at javafx.fxml.FXMLLoader.loadImpl(Unknown Source)
	at javafx.fxml.FXMLLoader.loadImpl(Unknown Source)
	at javafx.fxml.FXMLLoader.loadImpl(Unknown Source)
	at javafx.fxml.FXMLLoader.loadImpl(Unknown Source)
	at javafx.fxml.FXMLLoader.load(Unknown Source)
	at application.ControllerViewAdministrator.ActionBlowerWelcome(ControllerViewAdministrator.java:210)
	at sun.reflect.NativeMethodAccessorImpl.invoke0(Native Method)
	at sun.reflect.NativeMethodAccessorImpl.invoke(Unknown Source)
	at sun.reflect.DelegatingMethodAccessorImpl.invoke(Unknown Source)
	at java.lang.reflect.Method.invoke(Unknown Source)
	at sun.reflect.misc.Trampoline.invoke(Unknown Source)
	at sun.reflect.GeneratedMethodAccessor1.invoke(Unknown Source)
	at sun.reflect.DelegatingMethodAccessorImpl.invoke(Unknown Source)
	at java.lang.reflect.Method.invoke(Unknown Source)
	at sun.reflect.misc.MethodUtil.invoke(Unknown Source)
	at javafx.fxml.FXMLLoader$MethodHandler.invoke(Unknown Source)
	at javafx.fxml.FXMLLoader$ControllerMethodEventHandler.handle(Unknown Source)
	at com.sun.javafx.event.CompositeEventHandler.dispatchBubblingEvent(Unknown Source)
	at com.sun.javafx.event.EventHandlerManager.dispatchBubblingEvent(Unknown Source)
	at com.sun.javafx.event.EventHandlerManager.dispatchBubblingEvent(Unknown Source)
	at com.sun.javafx.event.CompositeEventDispatcher.dispatchBubblingEvent(Unknown Source)
	at com.sun.javafx.event.BasicEventDispatcher.dispatchEvent(Unknown Source)
	at com.sun.javafx.event.EventDispatchChainImpl.dispatchEvent(Unknown Source)
	at com.sun.javafx.event.BasicEventDispatcher.dispatchEvent(Unknown Source)
	at com.sun.javafx.event.EventDispatchChainImpl.dispatchEvent(Unknown Source)
	at com.sun.javafx.event.BasicEventDispatcher.dispatchEvent(Unknown Source)
	at com.sun.javafx.event.EventDispatchChainImpl.dispatchEvent(Unknown Source)
	at com.sun.javafx.event.EventUtil.fireEventImpl(Unknown Source)
	at com.sun.javafx.event.EventUtil.fireEvent(Unknown Source)
	at javafx.event.Event.fireEvent(Unknown Source)
	at javafx.scene.Node.fireEvent(Unknown Source)
	at javafx.scene.control.Button.fire(Unknown Source)
	at com.sun.javafx.scene.control.behavior.ButtonBehavior.mouseReleased(Unknown Source)
	at com.sun.javafx.scene.control.skin.BehaviorSkinBase$1.handle(Unknown Source)
	at com.sun.javafx.scene.control.skin.BehaviorSkinBase$1.handle(Unknown Source)
	at com.sun.javafx.event.CompositeEventHandler$NormalEventHandlerRecord.handleBubblingEvent(Unknown Source)
	at com.sun.javafx.event.CompositeEventHandler.dispatchBubblingEvent(Unknown Source)
	at com.sun.javafx.event.EventHandlerManager.dispatchBubblingEvent(Unknown Source)
	at com.sun.javafx.event.EventHandlerManager.dispatchBubblingEvent(Unknown Source)
	at com.sun.javafx.event.CompositeEventDispatcher.dispatchBubblingEvent(Unknown Source)
	at com.sun.javafx.event.BasicEventDispatcher.dispatchEvent(Unknown Source)
	at com.sun.javafx.event.EventDispatchChainImpl.dispatchEvent(Unknown Source)
	at com.sun.javafx.event.BasicEventDispatcher.dispatchEvent(Unknown Source)
	at com.sun.javafx.event.EventDispatchChainImpl.dispatchEvent(Unknown Source)
	at com.sun.javafx.event.BasicEventDispatcher.dispatchEvent(Unknown Source)
	at com.sun.javafx.event.EventDispatchChainImpl.dispatchEvent(Unknown Source)
	at com.sun.javafx.event.EventUtil.fireEventImpl(Unknown Source)
	at com.sun.javafx.event.EventUtil.fireEvent(Unknown Source)
	at javafx.event.Event.fireEvent(Unknown Source)
	at javafx.scene.Scene$MouseHandler.process(Unknown Source)
	at javafx.scene.Scene$MouseHandler.access$1500(Unknown Source)
	at javafx.scene.Scene.impl_processMouseEvent(Unknown Source)
	at javafx.scene.Scene$ScenePeerListener.mouseEvent(Unknown Source)
	at com.sun.javafx.tk.quantum.GlassViewEventHandler$MouseEventNotification.run(Unknown Source)
	at com.sun.javafx.tk.quantum.GlassViewEventHandler$MouseEventNotification.run(Unknown Source)
	at java.security.AccessController.doPrivileged(Native Method)
	at com.sun.javafx.tk.quantum.GlassViewEventHandler.lambda$handleMouseEvent$354(Unknown Source)
	at com.sun.javafx.tk.quantum.QuantumToolkit.runWithoutRenderLock(Unknown Source)
	at com.sun.javafx.tk.quantum.GlassViewEventHandler.handleMouseEvent(Unknown Source)
	at com.sun.glass.ui.View.handleMouseEvent(Unknown Source)
	at com.sun.glass.ui.View.notifyMouse(Unknown Source)
	at com.sun.glass.ui.win.WinApplication._runLoop(Native Method)
	at com.sun.glass.ui.win.WinApplication.lambda$null$148(Unknown Source)
	at java.lang.Thread.run(Unknown Source)
Caused by: java.io.WriteAbortedException: writing aborted; java.io.NotSerializableException: projekt.feukora.server.model.Fuel
	at java.io.ObjectInputStream.readObject0(Unknown Source)
	at java.io.ObjectInputStream.defaultReadFields(Unknown Source)
	at java.io.ObjectInputStream.readSerialData(Unknown Source)
	at java.io.ObjectInputStream.readOrdinaryObject(Unknown Source)
	at java.io.ObjectInputStream.readObject0(Unknown Source)
	at java.io.ObjectInputStream.readArray(Unknown Source)
	at java.io.ObjectInputStream.readObject0(Unknown Source)
	at java.io.ObjectInputStream.defaultReadFields(Unknown Source)
	at java.io.ObjectInputStream.readSerialData(Unknown Source)
	at java.io.ObjectInputStream.readOrdinaryObject(Unknown Source)
	at java.io.ObjectInputStream.readObject0(Unknown Source)
	at java.io.ObjectInputStream.readObject(Unknown Source)
	at sun.rmi.server.UnicastRef.unmarshalValue(Unknown Source)
	... 82 more
Caused by: java.io.NotSerializableException: projekt.feukora.server.model.Fuel
	at java.io.ObjectOutputStream.writeObject0(Unknown Source)
	at java.io.ObjectOutputStream.defaultWriteFields(Unknown Source)
	at java.io.ObjectOutputStream.writeSerialData(Unknown Source)
	at java.io.ObjectOutputStream.writeOrdinaryObject(Unknown Source)
	at java.io.ObjectOutputStream.writeObject0(Unknown Source)
	at java.io.ObjectOutputStream.writeArray(Unknown Source)
	at java.io.ObjectOutputStream.writeObject0(Unknown Source)
	at java.io.ObjectOutputStream.access$300(Unknown Source)
	at java.io.ObjectOutputStream$PutFieldImpl.writeFields(Unknown Source)
	at java.io.ObjectOutputStream.writeFields(Unknown Source)
	at java.util.Vector.writeObject(Unknown Source)
	at sun.reflect.NativeMethodAccessorImpl.invoke0(Native Method)
	at sun.reflect.NativeMethodAccessorImpl.invoke(Unknown Source)
	at sun.reflect.DelegatingMethodAccessorImpl.invoke(Unknown Source)
	at java.lang.reflect.Method.invoke(Unknown Source)
	at java.io.ObjectStreamClass.invokeWriteObject(Unknown Source)
	at java.io.ObjectOutputStream.writeSerialData(Unknown Source)
	at java.io.ObjectOutputStream.writeOrdinaryObject(Unknown Source)
	at java.io.ObjectOutputStream.writeObject0(Unknown Source)
	at java.io.ObjectOutputStream.writeObject(Unknown Source)
	at sun.rmi.server.UnicastRef.marshalValue(Unknown Source)
	at sun.rmi.server.UnicastServerRef.dispatch(Unknown Source)
	at sun.rmi.transport.Transport$1.run(Unknown Source)
	at sun.rmi.transport.Transport$1.run(Unknown Source)
	at java.security.AccessController.doPrivileged(Native Method)
	at sun.rmi.transport.Transport.serviceCall(Unknown Source)
	at sun.rmi.transport.tcp.TCPTransport.handleMessages(Unknown Source)
	at sun.rmi.transport.tcp.TCPTransport$ConnectionHandler.run0(Unknown Source)
	at sun.rmi.transport.tcp.TCPTransport$ConnectionHandler.lambda$run$0(Unknown Source)
	at java.security.AccessController.doPrivileged(Native Method)
	at sun.rmi.transport.tcp.TCPTransport$ConnectionHandler.run(Unknown Source)
	at java.util.concurrent.ThreadPoolExecutor.runWorker(Unknown Source)
	at java.util.concurrent.ThreadPoolExecutor$Worker.run(Unknown Source)
	... 1 more
2016-05-23 15:47:17 ERROR ControllerDetailview:152 - Aktion konnte nicht durchgeführt werden'
java.lang.ArrayIndexOutOfBoundsException: Array index out of range: 0
	at java.util.Vector.get(Unknown Source)
	at projekt.feukora.server.persister.FuelPersisterImpl.findFuelByName(FuelPersisterImpl.java:64)
	at projekt.feukora.server.business.FuelManagerImpl.findFuelByName(FuelManagerImpl.java:60)
	at projekt.feukora.server.rmi.FuelRMIImpl.findFuelByName(FuelRMIImpl.java:63)
	at sun.reflect.NativeMethodAccessorImpl.invoke0(Native Method)
	at sun.reflect.NativeMethodAccessorImpl.invoke(Unknown Source)
	at sun.reflect.DelegatingMethodAccessorImpl.invoke(Unknown Source)
	at java.lang.reflect.Method.invoke(Unknown Source)
	at sun.rmi.server.UnicastServerRef.dispatch(Unknown Source)
	at sun.rmi.transport.Transport$1.run(Unknown Source)
	at sun.rmi.transport.Transport$1.run(Unknown Source)
	at java.security.AccessController.doPrivileged(Native Method)
	at sun.rmi.transport.Transport.serviceCall(Unknown Source)
	at sun.rmi.transport.tcp.TCPTransport.handleMessages(Unknown Source)
	at sun.rmi.transport.tcp.TCPTransport$ConnectionHandler.run0(Unknown Source)
	at sun.rmi.transport.tcp.TCPTransport$ConnectionHandler.lambda$run$0(Unknown Source)
	at java.security.AccessController.doPrivileged(Native Method)
	at sun.rmi.transport.tcp.TCPTransport$ConnectionHandler.run(Unknown Source)
	at java.util.concurrent.ThreadPoolExecutor.runWorker(Unknown Source)
	at java.util.concurrent.ThreadPoolExecutor$Worker.run(Unknown Source)
	at java.lang.Thread.run(Unknown Source)
	at sun.rmi.transport.StreamRemoteCall.exceptionReceivedFromServer(Unknown Source)
	at sun.rmi.transport.StreamRemoteCall.executeCall(Unknown Source)
	at sun.rmi.server.UnicastRef.invoke(Unknown Source)
	at java.rmi.server.RemoteObjectInvocationHandler.invokeRemoteMethod(Unknown Source)
	at java.rmi.server.RemoteObjectInvocationHandler.invoke(Unknown Source)
	at com.sun.proxy.$Proxy19.findFuelByName(Unknown Source)
	at projekt.feukora.client.intern.ClientInternRMI.saveBlower(ClientInternRMI.java:202)
	at blower.controller.ControllerDetailview.ActionDetailviewSaveBlower(ControllerDetailview.java:137)
	at sun.reflect.NativeMethodAccessorImpl.invoke0(Native Method)
	at sun.reflect.NativeMethodAccessorImpl.invoke(Unknown Source)
	at sun.reflect.DelegatingMethodAccessorImpl.invoke(Unknown Source)
	at java.lang.reflect.Method.invoke(Unknown Source)
	at sun.reflect.misc.Trampoline.invoke(Unknown Source)
	at sun.reflect.GeneratedMethodAccessor1.invoke(Unknown Source)
	at sun.reflect.DelegatingMethodAccessorImpl.invoke(Unknown Source)
	at java.lang.reflect.Method.invoke(Unknown Source)
	at sun.reflect.misc.MethodUtil.invoke(Unknown Source)
	at javafx.fxml.FXMLLoader$MethodHandler.invoke(Unknown Source)
	at javafx.fxml.FXMLLoader$ControllerMethodEventHandler.handle(Unknown Source)
	at com.sun.javafx.event.CompositeEventHandler.dispatchBubblingEvent(Unknown Source)
	at com.sun.javafx.event.EventHandlerManager.dispatchBubblingEvent(Unknown Source)
	at com.sun.javafx.event.EventHandlerManager.dispatchBubblingEvent(Unknown Source)
	at com.sun.javafx.event.CompositeEventDispatcher.dispatchBubblingEvent(Unknown Source)
	at com.sun.javafx.event.BasicEventDispatcher.dispatchEvent(Unknown Source)
	at com.sun.javafx.event.EventDispatchChainImpl.dispatchEvent(Unknown Source)
	at com.sun.javafx.event.BasicEventDispatcher.dispatchEvent(Unknown Source)
	at com.sun.javafx.event.EventDispatchChainImpl.dispatchEvent(Unknown Source)
	at com.sun.javafx.event.BasicEventDispatcher.dispatchEvent(Unknown Source)
	at com.sun.javafx.event.EventDispatchChainImpl.dispatchEvent(Unknown Source)
	at com.sun.javafx.event.EventUtil.fireEventImpl(Unknown Source)
	at com.sun.javafx.event.EventUtil.fireEvent(Unknown Source)
	at javafx.event.Event.fireEvent(Unknown Source)
	at javafx.scene.Node.fireEvent(Unknown Source)
	at javafx.scene.control.Button.fire(Unknown Source)
	at com.sun.javafx.scene.control.behavior.ButtonBehavior.mouseReleased(Unknown Source)
	at com.sun.javafx.scene.control.skin.BehaviorSkinBase$1.handle(Unknown Source)
	at com.sun.javafx.scene.control.skin.BehaviorSkinBase$1.handle(Unknown Source)
	at com.sun.javafx.event.CompositeEventHandler$NormalEventHandlerRecord.handleBubblingEvent(Unknown Source)
	at com.sun.javafx.event.CompositeEventHandler.dispatchBubblingEvent(Unknown Source)
	at com.sun.javafx.event.EventHandlerManager.dispatchBubblingEvent(Unknown Source)
	at com.sun.javafx.event.EventHandlerManager.dispatchBubblingEvent(Unknown Source)
	at com.sun.javafx.event.CompositeEventDispatcher.dispatchBubblingEvent(Unknown Source)
	at com.sun.javafx.event.BasicEventDispatcher.dispatchEvent(Unknown Source)
	at com.sun.javafx.event.EventDispatchChainImpl.dispatchEvent(Unknown Source)
	at com.sun.javafx.event.BasicEventDispatcher.dispatchEvent(Unknown Source)
	at com.sun.javafx.event.EventDispatchChainImpl.dispatchEvent(Unknown Source)
	at com.sun.javafx.event.BasicEventDispatcher.dispatchEvent(Unknown Source)
	at com.sun.javafx.event.EventDispatchChainImpl.dispatchEvent(Unknown Source)
	at com.sun.javafx.event.EventUtil.fireEventImpl(Unknown Source)
	at com.sun.javafx.event.EventUtil.fireEvent(Unknown Source)
	at javafx.event.Event.fireEvent(Unknown Source)
	at javafx.scene.Scene$MouseHandler.process(Unknown Source)
	at javafx.scene.Scene$MouseHandler.access$1500(Unknown Source)
	at javafx.scene.Scene.impl_processMouseEvent(Unknown Source)
	at javafx.scene.Scene$ScenePeerListener.mouseEvent(Unknown Source)
	at com.sun.javafx.tk.quantum.GlassViewEventHandler$MouseEventNotification.run(Unknown Source)
	at com.sun.javafx.tk.quantum.GlassViewEventHandler$MouseEventNotification.run(Unknown Source)
	at java.security.AccessController.doPrivileged(Native Method)
	at com.sun.javafx.tk.quantum.GlassViewEventHandler.lambda$handleMouseEvent$354(Unknown Source)
	at com.sun.javafx.tk.quantum.QuantumToolkit.runWithoutRenderLock(Unknown Source)
	at com.sun.javafx.tk.quantum.GlassViewEventHandler.handleMouseEvent(Unknown Source)
	at com.sun.glass.ui.View.handleMouseEvent(Unknown Source)
	at com.sun.glass.ui.View.notifyMouse(Unknown Source)
	at com.sun.glass.ui.win.WinApplication._runLoop(Native Method)
	at com.sun.glass.ui.win.WinApplication.lambda$null$148(Unknown Source)
	at java.lang.Thread.run(Unknown Source)
2016-05-23 15:48:11 ERROR ControllerDetailview:144 - Aktion konnte nicht durchgeführt werden'
java.lang.ArrayIndexOutOfBoundsException: Array index out of range: 0
	at java.util.Vector.get(Unknown Source)
	at projekt.feukora.server.persister.FuelPersisterImpl.findFuelByName(FuelPersisterImpl.java:64)
	at projekt.feukora.server.business.FuelManagerImpl.findFuelByName(FuelManagerImpl.java:60)
	at projekt.feukora.server.rmi.FuelRMIImpl.findFuelByName(FuelRMIImpl.java:63)
	at sun.reflect.NativeMethodAccessorImpl.invoke0(Native Method)
	at sun.reflect.NativeMethodAccessorImpl.invoke(Unknown Source)
	at sun.reflect.DelegatingMethodAccessorImpl.invoke(Unknown Source)
	at java.lang.reflect.Method.invoke(Unknown Source)
	at sun.rmi.server.UnicastServerRef.dispatch(Unknown Source)
	at sun.rmi.transport.Transport$1.run(Unknown Source)
	at sun.rmi.transport.Transport$1.run(Unknown Source)
	at java.security.AccessController.doPrivileged(Native Method)
	at sun.rmi.transport.Transport.serviceCall(Unknown Source)
	at sun.rmi.transport.tcp.TCPTransport.handleMessages(Unknown Source)
	at sun.rmi.transport.tcp.TCPTransport$ConnectionHandler.run0(Unknown Source)
	at sun.rmi.transport.tcp.TCPTransport$ConnectionHandler.lambda$run$0(Unknown Source)
	at java.security.AccessController.doPrivileged(Native Method)
	at sun.rmi.transport.tcp.TCPTransport$ConnectionHandler.run(Unknown Source)
	at java.util.concurrent.ThreadPoolExecutor.runWorker(Unknown Source)
	at java.util.concurrent.ThreadPoolExecutor$Worker.run(Unknown Source)
	at java.lang.Thread.run(Unknown Source)
	at sun.rmi.transport.StreamRemoteCall.exceptionReceivedFromServer(Unknown Source)
	at sun.rmi.transport.StreamRemoteCall.executeCall(Unknown Source)
	at sun.rmi.server.UnicastRef.invoke(Unknown Source)
	at java.rmi.server.RemoteObjectInvocationHandler.invokeRemoteMethod(Unknown Source)
	at java.rmi.server.RemoteObjectInvocationHandler.invoke(Unknown Source)
	at com.sun.proxy.$Proxy19.findFuelByName(Unknown Source)
	at projekt.feukora.client.intern.ClientInternRMI.saveBlower(ClientInternRMI.java:202)
	at blower.controller.ControllerDetailview.ActionDetailviewSaveBlower(ControllerDetailview.java:137)
	at sun.reflect.NativeMethodAccessorImpl.invoke0(Native Method)
	at sun.reflect.NativeMethodAccessorImpl.invoke(Unknown Source)
	at sun.reflect.DelegatingMethodAccessorImpl.invoke(Unknown Source)
	at java.lang.reflect.Method.invoke(Unknown Source)
	at sun.reflect.misc.Trampoline.invoke(Unknown Source)
	at sun.reflect.GeneratedMethodAccessor1.invoke(Unknown Source)
	at sun.reflect.DelegatingMethodAccessorImpl.invoke(Unknown Source)
	at java.lang.reflect.Method.invoke(Unknown Source)
	at sun.reflect.misc.MethodUtil.invoke(Unknown Source)
	at javafx.fxml.FXMLLoader$MethodHandler.invoke(Unknown Source)
	at javafx.fxml.FXMLLoader$ControllerMethodEventHandler.handle(Unknown Source)
	at com.sun.javafx.event.CompositeEventHandler.dispatchBubblingEvent(Unknown Source)
	at com.sun.javafx.event.EventHandlerManager.dispatchBubblingEvent(Unknown Source)
	at com.sun.javafx.event.EventHandlerManager.dispatchBubblingEvent(Unknown Source)
	at com.sun.javafx.event.CompositeEventDispatcher.dispatchBubblingEvent(Unknown Source)
	at com.sun.javafx.event.BasicEventDispatcher.dispatchEvent(Unknown Source)
	at com.sun.javafx.event.EventDispatchChainImpl.dispatchEvent(Unknown Source)
	at com.sun.javafx.event.BasicEventDispatcher.dispatchEvent(Unknown Source)
	at com.sun.javafx.event.EventDispatchChainImpl.dispatchEvent(Unknown Source)
	at com.sun.javafx.event.BasicEventDispatcher.dispatchEvent(Unknown Source)
	at com.sun.javafx.event.EventDispatchChainImpl.dispatchEvent(Unknown Source)
	at com.sun.javafx.event.EventUtil.fireEventImpl(Unknown Source)
	at com.sun.javafx.event.EventUtil.fireEvent(Unknown Source)
	at javafx.event.Event.fireEvent(Unknown Source)
	at javafx.scene.Node.fireEvent(Unknown Source)
	at javafx.scene.control.Button.fire(Unknown Source)
	at com.sun.javafx.scene.control.behavior.ButtonBehavior.mouseReleased(Unknown Source)
	at com.sun.javafx.scene.control.skin.BehaviorSkinBase$1.handle(Unknown Source)
	at com.sun.javafx.scene.control.skin.BehaviorSkinBase$1.handle(Unknown Source)
	at com.sun.javafx.event.CompositeEventHandler$NormalEventHandlerRecord.handleBubblingEvent(Unknown Source)
	at com.sun.javafx.event.CompositeEventHandler.dispatchBubblingEvent(Unknown Source)
	at com.sun.javafx.event.EventHandlerManager.dispatchBubblingEvent(Unknown Source)
	at com.sun.javafx.event.EventHandlerManager.dispatchBubblingEvent(Unknown Source)
	at com.sun.javafx.event.CompositeEventDispatcher.dispatchBubblingEvent(Unknown Source)
	at com.sun.javafx.event.BasicEventDispatcher.dispatchEvent(Unknown Source)
	at com.sun.javafx.event.EventDispatchChainImpl.dispatchEvent(Unknown Source)
	at com.sun.javafx.event.BasicEventDispatcher.dispatchEvent(Unknown Source)
	at com.sun.javafx.event.EventDispatchChainImpl.dispatchEvent(Unknown Source)
	at com.sun.javafx.event.BasicEventDispatcher.dispatchEvent(Unknown Source)
	at com.sun.javafx.event.EventDispatchChainImpl.dispatchEvent(Unknown Source)
	at com.sun.javafx.event.EventUtil.fireEventImpl(Unknown Source)
	at com.sun.javafx.event.EventUtil.fireEvent(Unknown Source)
	at javafx.event.Event.fireEvent(Unknown Source)
	at javafx.scene.Scene$MouseHandler.process(Unknown Source)
	at javafx.scene.Scene$MouseHandler.access$1500(Unknown Source)
	at javafx.scene.Scene.impl_processMouseEvent(Unknown Source)
	at javafx.scene.Scene$ScenePeerListener.mouseEvent(Unknown Source)
	at com.sun.javafx.tk.quantum.GlassViewEventHandler$MouseEventNotification.run(Unknown Source)
	at com.sun.javafx.tk.quantum.GlassViewEventHandler$MouseEventNotification.run(Unknown Source)
	at java.security.AccessController.doPrivileged(Native Method)
	at com.sun.javafx.tk.quantum.GlassViewEventHandler.lambda$handleMouseEvent$354(Unknown Source)
	at com.sun.javafx.tk.quantum.QuantumToolkit.runWithoutRenderLock(Unknown Source)
	at com.sun.javafx.tk.quantum.GlassViewEventHandler.handleMouseEvent(Unknown Source)
	at com.sun.glass.ui.View.handleMouseEvent(Unknown Source)
	at com.sun.glass.ui.View.notifyMouse(Unknown Source)
	at com.sun.glass.ui.win.WinApplication._runLoop(Native Method)
	at com.sun.glass.ui.win.WinApplication.lambda$null$148(Unknown Source)
	at java.lang.Thread.run(Unknown Source)
2016-05-23 15:56:31 ERROR ControllerDetailview:149 - Aktion konnte nicht durchgeführt werden'
java.lang.ArrayIndexOutOfBoundsException: Array index out of range: 0
	at java.util.Vector.get(Unknown Source)
	at projekt.feukora.server.persister.FuelPersisterImpl.findFuelByName(FuelPersisterImpl.java:64)
	at projekt.feukora.server.business.FuelManagerImpl.findFuelByName(FuelManagerImpl.java:60)
	at projekt.feukora.server.rmi.FuelRMIImpl.findFuelByName(FuelRMIImpl.java:63)
	at sun.reflect.NativeMethodAccessorImpl.invoke0(Native Method)
	at sun.reflect.NativeMethodAccessorImpl.invoke(Unknown Source)
	at sun.reflect.DelegatingMethodAccessorImpl.invoke(Unknown Source)
	at java.lang.reflect.Method.invoke(Unknown Source)
	at sun.rmi.server.UnicastServerRef.dispatch(Unknown Source)
	at sun.rmi.transport.Transport$1.run(Unknown Source)
	at sun.rmi.transport.Transport$1.run(Unknown Source)
	at java.security.AccessController.doPrivileged(Native Method)
	at sun.rmi.transport.Transport.serviceCall(Unknown Source)
	at sun.rmi.transport.tcp.TCPTransport.handleMessages(Unknown Source)
	at sun.rmi.transport.tcp.TCPTransport$ConnectionHandler.run0(Unknown Source)
	at sun.rmi.transport.tcp.TCPTransport$ConnectionHandler.lambda$run$0(Unknown Source)
	at java.security.AccessController.doPrivileged(Native Method)
	at sun.rmi.transport.tcp.TCPTransport$ConnectionHandler.run(Unknown Source)
	at java.util.concurrent.ThreadPoolExecutor.runWorker(Unknown Source)
	at java.util.concurrent.ThreadPoolExecutor$Worker.run(Unknown Source)
	at java.lang.Thread.run(Unknown Source)
	at sun.rmi.transport.StreamRemoteCall.exceptionReceivedFromServer(Unknown Source)
	at sun.rmi.transport.StreamRemoteCall.executeCall(Unknown Source)
	at sun.rmi.server.UnicastRef.invoke(Unknown Source)
	at java.rmi.server.RemoteObjectInvocationHandler.invokeRemoteMethod(Unknown Source)
	at java.rmi.server.RemoteObjectInvocationHandler.invoke(Unknown Source)
	at com.sun.proxy.$Proxy19.findFuelByName(Unknown Source)
	at projekt.feukora.client.intern.ClientInternRMI.updateBlower(ClientInternRMI.java:227)
	at blower.controller.ControllerDetailview.ActionDetailviewSaveBlower(ControllerDetailview.java:144)
	at sun.reflect.NativeMethodAccessorImpl.invoke0(Native Method)
	at sun.reflect.NativeMethodAccessorImpl.invoke(Unknown Source)
	at sun.reflect.DelegatingMethodAccessorImpl.invoke(Unknown Source)
	at java.lang.reflect.Method.invoke(Unknown Source)
	at sun.reflect.misc.Trampoline.invoke(Unknown Source)
	at sun.reflect.GeneratedMethodAccessor1.invoke(Unknown Source)
	at sun.reflect.DelegatingMethodAccessorImpl.invoke(Unknown Source)
	at java.lang.reflect.Method.invoke(Unknown Source)
	at sun.reflect.misc.MethodUtil.invoke(Unknown Source)
	at javafx.fxml.FXMLLoader$MethodHandler.invoke(Unknown Source)
	at javafx.fxml.FXMLLoader$ControllerMethodEventHandler.handle(Unknown Source)
	at com.sun.javafx.event.CompositeEventHandler.dispatchBubblingEvent(Unknown Source)
	at com.sun.javafx.event.EventHandlerManager.dispatchBubblingEvent(Unknown Source)
	at com.sun.javafx.event.EventHandlerManager.dispatchBubblingEvent(Unknown Source)
	at com.sun.javafx.event.CompositeEventDispatcher.dispatchBubblingEvent(Unknown Source)
	at com.sun.javafx.event.BasicEventDispatcher.dispatchEvent(Unknown Source)
	at com.sun.javafx.event.EventDispatchChainImpl.dispatchEvent(Unknown Source)
	at com.sun.javafx.event.BasicEventDispatcher.dispatchEvent(Unknown Source)
	at com.sun.javafx.event.EventDispatchChainImpl.dispatchEvent(Unknown Source)
	at com.sun.javafx.event.BasicEventDispatcher.dispatchEvent(Unknown Source)
	at com.sun.javafx.event.EventDispatchChainImpl.dispatchEvent(Unknown Source)
	at com.sun.javafx.event.EventUtil.fireEventImpl(Unknown Source)
	at com.sun.javafx.event.EventUtil.fireEvent(Unknown Source)
	at javafx.event.Event.fireEvent(Unknown Source)
	at javafx.scene.Node.fireEvent(Unknown Source)
	at javafx.scene.control.Button.fire(Unknown Source)
	at com.sun.javafx.scene.control.behavior.ButtonBehavior.mouseReleased(Unknown Source)
	at com.sun.javafx.scene.control.skin.BehaviorSkinBase$1.handle(Unknown Source)
	at com.sun.javafx.scene.control.skin.BehaviorSkinBase$1.handle(Unknown Source)
	at com.sun.javafx.event.CompositeEventHandler$NormalEventHandlerRecord.handleBubblingEvent(Unknown Source)
	at com.sun.javafx.event.CompositeEventHandler.dispatchBubblingEvent(Unknown Source)
	at com.sun.javafx.event.EventHandlerManager.dispatchBubblingEvent(Unknown Source)
	at com.sun.javafx.event.EventHandlerManager.dispatchBubblingEvent(Unknown Source)
	at com.sun.javafx.event.CompositeEventDispatcher.dispatchBubblingEvent(Unknown Source)
	at com.sun.javafx.event.BasicEventDispatcher.dispatchEvent(Unknown Source)
	at com.sun.javafx.event.EventDispatchChainImpl.dispatchEvent(Unknown Source)
	at com.sun.javafx.event.BasicEventDispatcher.dispatchEvent(Unknown Source)
	at com.sun.javafx.event.EventDispatchChainImpl.dispatchEvent(Unknown Source)
	at com.sun.javafx.event.BasicEventDispatcher.dispatchEvent(Unknown Source)
	at com.sun.javafx.event.EventDispatchChainImpl.dispatchEvent(Unknown Source)
	at com.sun.javafx.event.EventUtil.fireEventImpl(Unknown Source)
	at com.sun.javafx.event.EventUtil.fireEvent(Unknown Source)
	at javafx.event.Event.fireEvent(Unknown Source)
	at javafx.scene.Scene$MouseHandler.process(Unknown Source)
	at javafx.scene.Scene$MouseHandler.access$1500(Unknown Source)
	at javafx.scene.Scene.impl_processMouseEvent(Unknown Source)
	at javafx.scene.Scene$ScenePeerListener.mouseEvent(Unknown Source)
	at com.sun.javafx.tk.quantum.GlassViewEventHandler$MouseEventNotification.run(Unknown Source)
	at com.sun.javafx.tk.quantum.GlassViewEventHandler$MouseEventNotification.run(Unknown Source)
	at java.security.AccessController.doPrivileged(Native Method)
	at com.sun.javafx.tk.quantum.GlassViewEventHandler.lambda$handleMouseEvent$354(Unknown Source)
	at com.sun.javafx.tk.quantum.QuantumToolkit.runWithoutRenderLock(Unknown Source)
	at com.sun.javafx.tk.quantum.GlassViewEventHandler.handleMouseEvent(Unknown Source)
	at com.sun.glass.ui.View.handleMouseEvent(Unknown Source)
	at com.sun.glass.ui.View.notifyMouse(Unknown Source)
	at com.sun.glass.ui.win.WinApplication._runLoop(Native Method)
	at com.sun.glass.ui.win.WinApplication.lambda$null$148(Unknown Source)
	at java.lang.Thread.run(Unknown Source)
2016-05-23 15:11:40 ERROR ControllerOverview:78 - Aktion konnte nicht durchgeführt werden'
java.rmi.UnmarshalException: error unmarshalling return; nested exception is: 
	java.io.WriteAbortedException: writing aborted; java.io.NotSerializableException: projekt.feukora.server.model.Fuel
	at sun.rmi.server.UnicastRef.invoke(Unknown Source)
	at java.rmi.server.RemoteObjectInvocationHandler.invokeRemoteMethod(Unknown Source)
	at java.rmi.server.RemoteObjectInvocationHandler.invoke(Unknown Source)
	at com.sun.proxy.$Proxy8.findAllBlowers(Unknown Source)
	at projekt.feukora.client.intern.ClientInternRMI.getBlowers(ClientInternRMI.java:334)
	at blower.controller.ControllerOverview.initialize(ControllerOverview.java:62)
	at sun.reflect.NativeMethodAccessorImpl.invoke0(Native Method)
	at sun.reflect.NativeMethodAccessorImpl.invoke(Unknown Source)
	at sun.reflect.DelegatingMethodAccessorImpl.invoke(Unknown Source)
	at java.lang.reflect.Method.invoke(Unknown Source)
	at sun.reflect.misc.Trampoline.invoke(Unknown Source)
	at sun.reflect.GeneratedMethodAccessor1.invoke(Unknown Source)
	at sun.reflect.DelegatingMethodAccessorImpl.invoke(Unknown Source)
	at java.lang.reflect.Method.invoke(Unknown Source)
	at sun.reflect.misc.MethodUtil.invoke(Unknown Source)
	at javafx.fxml.FXMLLoader.loadImpl(Unknown Source)
	at javafx.fxml.FXMLLoader.loadImpl(Unknown Source)
	at javafx.fxml.FXMLLoader.loadImpl(Unknown Source)
	at javafx.fxml.FXMLLoader.loadImpl(Unknown Source)
	at javafx.fxml.FXMLLoader.loadImpl(Unknown Source)
	at javafx.fxml.FXMLLoader.loadImpl(Unknown Source)
	at javafx.fxml.FXMLLoader.loadImpl(Unknown Source)
	at javafx.fxml.FXMLLoader.load(Unknown Source)
	at application.ControllerViewAdministrator.ActionBlowerWelcome(ControllerViewAdministrator.java:210)
	at sun.reflect.NativeMethodAccessorImpl.invoke0(Native Method)
	at sun.reflect.NativeMethodAccessorImpl.invoke(Unknown Source)
	at sun.reflect.DelegatingMethodAccessorImpl.invoke(Unknown Source)
	at java.lang.reflect.Method.invoke(Unknown Source)
	at sun.reflect.misc.Trampoline.invoke(Unknown Source)
	at sun.reflect.GeneratedMethodAccessor1.invoke(Unknown Source)
	at sun.reflect.DelegatingMethodAccessorImpl.invoke(Unknown Source)
	at java.lang.reflect.Method.invoke(Unknown Source)
	at sun.reflect.misc.MethodUtil.invoke(Unknown Source)
	at javafx.fxml.FXMLLoader$MethodHandler.invoke(Unknown Source)
	at javafx.fxml.FXMLLoader$ControllerMethodEventHandler.handle(Unknown Source)
	at com.sun.javafx.event.CompositeEventHandler.dispatchBubblingEvent(Unknown Source)
	at com.sun.javafx.event.EventHandlerManager.dispatchBubblingEvent(Unknown Source)
	at com.sun.javafx.event.EventHandlerManager.dispatchBubblingEvent(Unknown Source)
	at com.sun.javafx.event.CompositeEventDispatcher.dispatchBubblingEvent(Unknown Source)
	at com.sun.javafx.event.BasicEventDispatcher.dispatchEvent(Unknown Source)
	at com.sun.javafx.event.EventDispatchChainImpl.dispatchEvent(Unknown Source)
	at com.sun.javafx.event.BasicEventDispatcher.dispatchEvent(Unknown Source)
	at com.sun.javafx.event.EventDispatchChainImpl.dispatchEvent(Unknown Source)
	at com.sun.javafx.event.BasicEventDispatcher.dispatchEvent(Unknown Source)
	at com.sun.javafx.event.EventDispatchChainImpl.dispatchEvent(Unknown Source)
	at com.sun.javafx.event.EventUtil.fireEventImpl(Unknown Source)
	at com.sun.javafx.event.EventUtil.fireEvent(Unknown Source)
	at javafx.event.Event.fireEvent(Unknown Source)
	at javafx.scene.Node.fireEvent(Unknown Source)
	at javafx.scene.control.Button.fire(Unknown Source)
	at com.sun.javafx.scene.control.behavior.ButtonBehavior.mouseReleased(Unknown Source)
	at com.sun.javafx.scene.control.skin.BehaviorSkinBase$1.handle(Unknown Source)
	at com.sun.javafx.scene.control.skin.BehaviorSkinBase$1.handle(Unknown Source)
	at com.sun.javafx.event.CompositeEventHandler$NormalEventHandlerRecord.handleBubblingEvent(Unknown Source)
	at com.sun.javafx.event.CompositeEventHandler.dispatchBubblingEvent(Unknown Source)
	at com.sun.javafx.event.EventHandlerManager.dispatchBubblingEvent(Unknown Source)
	at com.sun.javafx.event.EventHandlerManager.dispatchBubblingEvent(Unknown Source)
	at com.sun.javafx.event.CompositeEventDispatcher.dispatchBubblingEvent(Unknown Source)
	at com.sun.javafx.event.BasicEventDispatcher.dispatchEvent(Unknown Source)
	at com.sun.javafx.event.EventDispatchChainImpl.dispatchEvent(Unknown Source)
	at com.sun.javafx.event.BasicEventDispatcher.dispatchEvent(Unknown Source)
	at com.sun.javafx.event.EventDispatchChainImpl.dispatchEvent(Unknown Source)
	at com.sun.javafx.event.BasicEventDispatcher.dispatchEvent(Unknown Source)
	at com.sun.javafx.event.EventDispatchChainImpl.dispatchEvent(Unknown Source)
	at com.sun.javafx.event.EventUtil.fireEventImpl(Unknown Source)
	at com.sun.javafx.event.EventUtil.fireEvent(Unknown Source)
	at javafx.event.Event.fireEvent(Unknown Source)
	at javafx.scene.Scene$MouseHandler.process(Unknown Source)
	at javafx.scene.Scene$MouseHandler.access$1500(Unknown Source)
	at javafx.scene.Scene.impl_processMouseEvent(Unknown Source)
	at javafx.scene.Scene$ScenePeerListener.mouseEvent(Unknown Source)
	at com.sun.javafx.tk.quantum.GlassViewEventHandler$MouseEventNotification.run(Unknown Source)
	at com.sun.javafx.tk.quantum.GlassViewEventHandler$MouseEventNotification.run(Unknown Source)
	at java.security.AccessController.doPrivileged(Native Method)
	at com.sun.javafx.tk.quantum.GlassViewEventHandler.lambda$handleMouseEvent$354(Unknown Source)
	at com.sun.javafx.tk.quantum.QuantumToolkit.runWithoutRenderLock(Unknown Source)
	at com.sun.javafx.tk.quantum.GlassViewEventHandler.handleMouseEvent(Unknown Source)
	at com.sun.glass.ui.View.handleMouseEvent(Unknown Source)
	at com.sun.glass.ui.View.notifyMouse(Unknown Source)
	at com.sun.glass.ui.win.WinApplication._runLoop(Native Method)
	at com.sun.glass.ui.win.WinApplication.lambda$null$148(Unknown Source)
	at java.lang.Thread.run(Unknown Source)
Caused by: java.io.WriteAbortedException: writing aborted; java.io.NotSerializableException: projekt.feukora.server.model.Fuel
	at java.io.ObjectInputStream.readObject0(Unknown Source)
	at java.io.ObjectInputStream.defaultReadFields(Unknown Source)
	at java.io.ObjectInputStream.readSerialData(Unknown Source)
	at java.io.ObjectInputStream.readOrdinaryObject(Unknown Source)
	at java.io.ObjectInputStream.readObject0(Unknown Source)
	at java.io.ObjectInputStream.readArray(Unknown Source)
	at java.io.ObjectInputStream.readObject0(Unknown Source)
	at java.io.ObjectInputStream.defaultReadFields(Unknown Source)
	at java.io.ObjectInputStream.readSerialData(Unknown Source)
	at java.io.ObjectInputStream.readOrdinaryObject(Unknown Source)
	at java.io.ObjectInputStream.readObject0(Unknown Source)
	at java.io.ObjectInputStream.readObject(Unknown Source)
	at sun.rmi.server.UnicastRef.unmarshalValue(Unknown Source)
	... 82 more
Caused by: java.io.NotSerializableException: projekt.feukora.server.model.Fuel
	at java.io.ObjectOutputStream.writeObject0(Unknown Source)
	at java.io.ObjectOutputStream.defaultWriteFields(Unknown Source)
	at java.io.ObjectOutputStream.writeSerialData(Unknown Source)
	at java.io.ObjectOutputStream.writeOrdinaryObject(Unknown Source)
	at java.io.ObjectOutputStream.writeObject0(Unknown Source)
	at java.io.ObjectOutputStream.writeArray(Unknown Source)
	at java.io.ObjectOutputStream.writeObject0(Unknown Source)
	at java.io.ObjectOutputStream.access$300(Unknown Source)
	at java.io.ObjectOutputStream$PutFieldImpl.writeFields(Unknown Source)
	at java.io.ObjectOutputStream.writeFields(Unknown Source)
	at java.util.Vector.writeObject(Unknown Source)
	at sun.reflect.NativeMethodAccessorImpl.invoke0(Native Method)
	at sun.reflect.NativeMethodAccessorImpl.invoke(Unknown Source)
	at sun.reflect.DelegatingMethodAccessorImpl.invoke(Unknown Source)
	at java.lang.reflect.Method.invoke(Unknown Source)
	at java.io.ObjectStreamClass.invokeWriteObject(Unknown Source)
	at java.io.ObjectOutputStream.writeSerialData(Unknown Source)
	at java.io.ObjectOutputStream.writeOrdinaryObject(Unknown Source)
	at java.io.ObjectOutputStream.writeObject0(Unknown Source)
	at java.io.ObjectOutputStream.writeObject(Unknown Source)
	at sun.rmi.server.UnicastRef.marshalValue(Unknown Source)
	at sun.rmi.server.UnicastServerRef.dispatch(Unknown Source)
	at sun.rmi.transport.Transport$1.run(Unknown Source)
	at sun.rmi.transport.Transport$1.run(Unknown Source)
	at java.security.AccessController.doPrivileged(Native Method)
	at sun.rmi.transport.Transport.serviceCall(Unknown Source)
	at sun.rmi.transport.tcp.TCPTransport.handleMessages(Unknown Source)
	at sun.rmi.transport.tcp.TCPTransport$ConnectionHandler.run0(Unknown Source)
	at sun.rmi.transport.tcp.TCPTransport$ConnectionHandler.lambda$run$0(Unknown Source)
	at java.security.AccessController.doPrivileged(Native Method)
	at sun.rmi.transport.tcp.TCPTransport$ConnectionHandler.run(Unknown Source)
	at java.util.concurrent.ThreadPoolExecutor.runWorker(Unknown Source)
	at java.util.concurrent.ThreadPoolExecutor$Worker.run(Unknown Source)
	... 1 more
2016-05-23 15:47:17 ERROR ControllerDetailview:152 - Aktion konnte nicht durchgeführt werden'
java.lang.ArrayIndexOutOfBoundsException: Array index out of range: 0
	at java.util.Vector.get(Unknown Source)
	at projekt.feukora.server.persister.FuelPersisterImpl.findFuelByName(FuelPersisterImpl.java:64)
	at projekt.feukora.server.business.FuelManagerImpl.findFuelByName(FuelManagerImpl.java:60)
	at projekt.feukora.server.rmi.FuelRMIImpl.findFuelByName(FuelRMIImpl.java:63)
	at sun.reflect.NativeMethodAccessorImpl.invoke0(Native Method)
	at sun.reflect.NativeMethodAccessorImpl.invoke(Unknown Source)
	at sun.reflect.DelegatingMethodAccessorImpl.invoke(Unknown Source)
	at java.lang.reflect.Method.invoke(Unknown Source)
	at sun.rmi.server.UnicastServerRef.dispatch(Unknown Source)
	at sun.rmi.transport.Transport$1.run(Unknown Source)
	at sun.rmi.transport.Transport$1.run(Unknown Source)
	at java.security.AccessController.doPrivileged(Native Method)
	at sun.rmi.transport.Transport.serviceCall(Unknown Source)
	at sun.rmi.transport.tcp.TCPTransport.handleMessages(Unknown Source)
	at sun.rmi.transport.tcp.TCPTransport$ConnectionHandler.run0(Unknown Source)
	at sun.rmi.transport.tcp.TCPTransport$ConnectionHandler.lambda$run$0(Unknown Source)
	at java.security.AccessController.doPrivileged(Native Method)
	at sun.rmi.transport.tcp.TCPTransport$ConnectionHandler.run(Unknown Source)
	at java.util.concurrent.ThreadPoolExecutor.runWorker(Unknown Source)
	at java.util.concurrent.ThreadPoolExecutor$Worker.run(Unknown Source)
	at java.lang.Thread.run(Unknown Source)
	at sun.rmi.transport.StreamRemoteCall.exceptionReceivedFromServer(Unknown Source)
	at sun.rmi.transport.StreamRemoteCall.executeCall(Unknown Source)
	at sun.rmi.server.UnicastRef.invoke(Unknown Source)
	at java.rmi.server.RemoteObjectInvocationHandler.invokeRemoteMethod(Unknown Source)
	at java.rmi.server.RemoteObjectInvocationHandler.invoke(Unknown Source)
	at com.sun.proxy.$Proxy19.findFuelByName(Unknown Source)
	at projekt.feukora.client.intern.ClientInternRMI.saveBlower(ClientInternRMI.java:202)
	at blower.controller.ControllerDetailview.ActionDetailviewSaveBlower(ControllerDetailview.java:137)
	at sun.reflect.NativeMethodAccessorImpl.invoke0(Native Method)
	at sun.reflect.NativeMethodAccessorImpl.invoke(Unknown Source)
	at sun.reflect.DelegatingMethodAccessorImpl.invoke(Unknown Source)
	at java.lang.reflect.Method.invoke(Unknown Source)
	at sun.reflect.misc.Trampoline.invoke(Unknown Source)
	at sun.reflect.GeneratedMethodAccessor1.invoke(Unknown Source)
	at sun.reflect.DelegatingMethodAccessorImpl.invoke(Unknown Source)
	at java.lang.reflect.Method.invoke(Unknown Source)
	at sun.reflect.misc.MethodUtil.invoke(Unknown Source)
	at javafx.fxml.FXMLLoader$MethodHandler.invoke(Unknown Source)
	at javafx.fxml.FXMLLoader$ControllerMethodEventHandler.handle(Unknown Source)
	at com.sun.javafx.event.CompositeEventHandler.dispatchBubblingEvent(Unknown Source)
	at com.sun.javafx.event.EventHandlerManager.dispatchBubblingEvent(Unknown Source)
	at com.sun.javafx.event.EventHandlerManager.dispatchBubblingEvent(Unknown Source)
	at com.sun.javafx.event.CompositeEventDispatcher.dispatchBubblingEvent(Unknown Source)
	at com.sun.javafx.event.BasicEventDispatcher.dispatchEvent(Unknown Source)
	at com.sun.javafx.event.EventDispatchChainImpl.dispatchEvent(Unknown Source)
	at com.sun.javafx.event.BasicEventDispatcher.dispatchEvent(Unknown Source)
	at com.sun.javafx.event.EventDispatchChainImpl.dispatchEvent(Unknown Source)
	at com.sun.javafx.event.BasicEventDispatcher.dispatchEvent(Unknown Source)
	at com.sun.javafx.event.EventDispatchChainImpl.dispatchEvent(Unknown Source)
	at com.sun.javafx.event.EventUtil.fireEventImpl(Unknown Source)
	at com.sun.javafx.event.EventUtil.fireEvent(Unknown Source)
	at javafx.event.Event.fireEvent(Unknown Source)
	at javafx.scene.Node.fireEvent(Unknown Source)
	at javafx.scene.control.Button.fire(Unknown Source)
	at com.sun.javafx.scene.control.behavior.ButtonBehavior.mouseReleased(Unknown Source)
	at com.sun.javafx.scene.control.skin.BehaviorSkinBase$1.handle(Unknown Source)
	at com.sun.javafx.scene.control.skin.BehaviorSkinBase$1.handle(Unknown Source)
	at com.sun.javafx.event.CompositeEventHandler$NormalEventHandlerRecord.handleBubblingEvent(Unknown Source)
	at com.sun.javafx.event.CompositeEventHandler.dispatchBubblingEvent(Unknown Source)
	at com.sun.javafx.event.EventHandlerManager.dispatchBubblingEvent(Unknown Source)
	at com.sun.javafx.event.EventHandlerManager.dispatchBubblingEvent(Unknown Source)
	at com.sun.javafx.event.CompositeEventDispatcher.dispatchBubblingEvent(Unknown Source)
	at com.sun.javafx.event.BasicEventDispatcher.dispatchEvent(Unknown Source)
	at com.sun.javafx.event.EventDispatchChainImpl.dispatchEvent(Unknown Source)
	at com.sun.javafx.event.BasicEventDispatcher.dispatchEvent(Unknown Source)
	at com.sun.javafx.event.EventDispatchChainImpl.dispatchEvent(Unknown Source)
	at com.sun.javafx.event.BasicEventDispatcher.dispatchEvent(Unknown Source)
	at com.sun.javafx.event.EventDispatchChainImpl.dispatchEvent(Unknown Source)
	at com.sun.javafx.event.EventUtil.fireEventImpl(Unknown Source)
	at com.sun.javafx.event.EventUtil.fireEvent(Unknown Source)
	at javafx.event.Event.fireEvent(Unknown Source)
	at javafx.scene.Scene$MouseHandler.process(Unknown Source)
	at javafx.scene.Scene$MouseHandler.access$1500(Unknown Source)
	at javafx.scene.Scene.impl_processMouseEvent(Unknown Source)
	at javafx.scene.Scene$ScenePeerListener.mouseEvent(Unknown Source)
	at com.sun.javafx.tk.quantum.GlassViewEventHandler$MouseEventNotification.run(Unknown Source)
	at com.sun.javafx.tk.quantum.GlassViewEventHandler$MouseEventNotification.run(Unknown Source)
	at java.security.AccessController.doPrivileged(Native Method)
	at com.sun.javafx.tk.quantum.GlassViewEventHandler.lambda$handleMouseEvent$354(Unknown Source)
	at com.sun.javafx.tk.quantum.QuantumToolkit.runWithoutRenderLock(Unknown Source)
	at com.sun.javafx.tk.quantum.GlassViewEventHandler.handleMouseEvent(Unknown Source)
	at com.sun.glass.ui.View.handleMouseEvent(Unknown Source)
	at com.sun.glass.ui.View.notifyMouse(Unknown Source)
	at com.sun.glass.ui.win.WinApplication._runLoop(Native Method)
	at com.sun.glass.ui.win.WinApplication.lambda$null$148(Unknown Source)
	at java.lang.Thread.run(Unknown Source)
2016-05-23 15:48:11 ERROR ControllerDetailview:144 - Aktion konnte nicht durchgeführt werden'
java.lang.ArrayIndexOutOfBoundsException: Array index out of range: 0
	at java.util.Vector.get(Unknown Source)
	at projekt.feukora.server.persister.FuelPersisterImpl.findFuelByName(FuelPersisterImpl.java:64)
	at projekt.feukora.server.business.FuelManagerImpl.findFuelByName(FuelManagerImpl.java:60)
	at projekt.feukora.server.rmi.FuelRMIImpl.findFuelByName(FuelRMIImpl.java:63)
	at sun.reflect.NativeMethodAccessorImpl.invoke0(Native Method)
	at sun.reflect.NativeMethodAccessorImpl.invoke(Unknown Source)
	at sun.reflect.DelegatingMethodAccessorImpl.invoke(Unknown Source)
	at java.lang.reflect.Method.invoke(Unknown Source)
	at sun.rmi.server.UnicastServerRef.dispatch(Unknown Source)
	at sun.rmi.transport.Transport$1.run(Unknown Source)
	at sun.rmi.transport.Transport$1.run(Unknown Source)
	at java.security.AccessController.doPrivileged(Native Method)
	at sun.rmi.transport.Transport.serviceCall(Unknown Source)
	at sun.rmi.transport.tcp.TCPTransport.handleMessages(Unknown Source)
	at sun.rmi.transport.tcp.TCPTransport$ConnectionHandler.run0(Unknown Source)
	at sun.rmi.transport.tcp.TCPTransport$ConnectionHandler.lambda$run$0(Unknown Source)
	at java.security.AccessController.doPrivileged(Native Method)
	at sun.rmi.transport.tcp.TCPTransport$ConnectionHandler.run(Unknown Source)
	at java.util.concurrent.ThreadPoolExecutor.runWorker(Unknown Source)
	at java.util.concurrent.ThreadPoolExecutor$Worker.run(Unknown Source)
	at java.lang.Thread.run(Unknown Source)
	at sun.rmi.transport.StreamRemoteCall.exceptionReceivedFromServer(Unknown Source)
	at sun.rmi.transport.StreamRemoteCall.executeCall(Unknown Source)
	at sun.rmi.server.UnicastRef.invoke(Unknown Source)
	at java.rmi.server.RemoteObjectInvocationHandler.invokeRemoteMethod(Unknown Source)
	at java.rmi.server.RemoteObjectInvocationHandler.invoke(Unknown Source)
	at com.sun.proxy.$Proxy19.findFuelByName(Unknown Source)
	at projekt.feukora.client.intern.ClientInternRMI.saveBlower(ClientInternRMI.java:202)
	at blower.controller.ControllerDetailview.ActionDetailviewSaveBlower(ControllerDetailview.java:137)
	at sun.reflect.NativeMethodAccessorImpl.invoke0(Native Method)
	at sun.reflect.NativeMethodAccessorImpl.invoke(Unknown Source)
	at sun.reflect.DelegatingMethodAccessorImpl.invoke(Unknown Source)
	at java.lang.reflect.Method.invoke(Unknown Source)
	at sun.reflect.misc.Trampoline.invoke(Unknown Source)
	at sun.reflect.GeneratedMethodAccessor1.invoke(Unknown Source)
	at sun.reflect.DelegatingMethodAccessorImpl.invoke(Unknown Source)
	at java.lang.reflect.Method.invoke(Unknown Source)
	at sun.reflect.misc.MethodUtil.invoke(Unknown Source)
	at javafx.fxml.FXMLLoader$MethodHandler.invoke(Unknown Source)
	at javafx.fxml.FXMLLoader$ControllerMethodEventHandler.handle(Unknown Source)
	at com.sun.javafx.event.CompositeEventHandler.dispatchBubblingEvent(Unknown Source)
	at com.sun.javafx.event.EventHandlerManager.dispatchBubblingEvent(Unknown Source)
	at com.sun.javafx.event.EventHandlerManager.dispatchBubblingEvent(Unknown Source)
	at com.sun.javafx.event.CompositeEventDispatcher.dispatchBubblingEvent(Unknown Source)
	at com.sun.javafx.event.BasicEventDispatcher.dispatchEvent(Unknown Source)
	at com.sun.javafx.event.EventDispatchChainImpl.dispatchEvent(Unknown Source)
	at com.sun.javafx.event.BasicEventDispatcher.dispatchEvent(Unknown Source)
	at com.sun.javafx.event.EventDispatchChainImpl.dispatchEvent(Unknown Source)
	at com.sun.javafx.event.BasicEventDispatcher.dispatchEvent(Unknown Source)
	at com.sun.javafx.event.EventDispatchChainImpl.dispatchEvent(Unknown Source)
	at com.sun.javafx.event.EventUtil.fireEventImpl(Unknown Source)
	at com.sun.javafx.event.EventUtil.fireEvent(Unknown Source)
	at javafx.event.Event.fireEvent(Unknown Source)
	at javafx.scene.Node.fireEvent(Unknown Source)
	at javafx.scene.control.Button.fire(Unknown Source)
	at com.sun.javafx.scene.control.behavior.ButtonBehavior.mouseReleased(Unknown Source)
	at com.sun.javafx.scene.control.skin.BehaviorSkinBase$1.handle(Unknown Source)
	at com.sun.javafx.scene.control.skin.BehaviorSkinBase$1.handle(Unknown Source)
	at com.sun.javafx.event.CompositeEventHandler$NormalEventHandlerRecord.handleBubblingEvent(Unknown Source)
	at com.sun.javafx.event.CompositeEventHandler.dispatchBubblingEvent(Unknown Source)
	at com.sun.javafx.event.EventHandlerManager.dispatchBubblingEvent(Unknown Source)
	at com.sun.javafx.event.EventHandlerManager.dispatchBubblingEvent(Unknown Source)
	at com.sun.javafx.event.CompositeEventDispatcher.dispatchBubblingEvent(Unknown Source)
	at com.sun.javafx.event.BasicEventDispatcher.dispatchEvent(Unknown Source)
	at com.sun.javafx.event.EventDispatchChainImpl.dispatchEvent(Unknown Source)
	at com.sun.javafx.event.BasicEventDispatcher.dispatchEvent(Unknown Source)
	at com.sun.javafx.event.EventDispatchChainImpl.dispatchEvent(Unknown Source)
	at com.sun.javafx.event.BasicEventDispatcher.dispatchEvent(Unknown Source)
	at com.sun.javafx.event.EventDispatchChainImpl.dispatchEvent(Unknown Source)
	at com.sun.javafx.event.EventUtil.fireEventImpl(Unknown Source)
	at com.sun.javafx.event.EventUtil.fireEvent(Unknown Source)
	at javafx.event.Event.fireEvent(Unknown Source)
	at javafx.scene.Scene$MouseHandler.process(Unknown Source)
	at javafx.scene.Scene$MouseHandler.access$1500(Unknown Source)
	at javafx.scene.Scene.impl_processMouseEvent(Unknown Source)
	at javafx.scene.Scene$ScenePeerListener.mouseEvent(Unknown Source)
	at com.sun.javafx.tk.quantum.GlassViewEventHandler$MouseEventNotification.run(Unknown Source)
	at com.sun.javafx.tk.quantum.GlassViewEventHandler$MouseEventNotification.run(Unknown Source)
	at java.security.AccessController.doPrivileged(Native Method)
	at com.sun.javafx.tk.quantum.GlassViewEventHandler.lambda$handleMouseEvent$354(Unknown Source)
	at com.sun.javafx.tk.quantum.QuantumToolkit.runWithoutRenderLock(Unknown Source)
	at com.sun.javafx.tk.quantum.GlassViewEventHandler.handleMouseEvent(Unknown Source)
	at com.sun.glass.ui.View.handleMouseEvent(Unknown Source)
	at com.sun.glass.ui.View.notifyMouse(Unknown Source)
	at com.sun.glass.ui.win.WinApplication._runLoop(Native Method)
	at com.sun.glass.ui.win.WinApplication.lambda$null$148(Unknown Source)
	at java.lang.Thread.run(Unknown Source)
2016-05-23 15:56:31 ERROR ControllerDetailview:149 - Aktion konnte nicht durchgeführt werden'
java.lang.ArrayIndexOutOfBoundsException: Array index out of range: 0
	at java.util.Vector.get(Unknown Source)
	at projekt.feukora.server.persister.FuelPersisterImpl.findFuelByName(FuelPersisterImpl.java:64)
	at projekt.feukora.server.business.FuelManagerImpl.findFuelByName(FuelManagerImpl.java:60)
	at projekt.feukora.server.rmi.FuelRMIImpl.findFuelByName(FuelRMIImpl.java:63)
	at sun.reflect.NativeMethodAccessorImpl.invoke0(Native Method)
	at sun.reflect.NativeMethodAccessorImpl.invoke(Unknown Source)
	at sun.reflect.DelegatingMethodAccessorImpl.invoke(Unknown Source)
	at java.lang.reflect.Method.invoke(Unknown Source)
	at sun.rmi.server.UnicastServerRef.dispatch(Unknown Source)
	at sun.rmi.transport.Transport$1.run(Unknown Source)
	at sun.rmi.transport.Transport$1.run(Unknown Source)
	at java.security.AccessController.doPrivileged(Native Method)
	at sun.rmi.transport.Transport.serviceCall(Unknown Source)
	at sun.rmi.transport.tcp.TCPTransport.handleMessages(Unknown Source)
	at sun.rmi.transport.tcp.TCPTransport$ConnectionHandler.run0(Unknown Source)
	at sun.rmi.transport.tcp.TCPTransport$ConnectionHandler.lambda$run$0(Unknown Source)
	at java.security.AccessController.doPrivileged(Native Method)
	at sun.rmi.transport.tcp.TCPTransport$ConnectionHandler.run(Unknown Source)
	at java.util.concurrent.ThreadPoolExecutor.runWorker(Unknown Source)
	at java.util.concurrent.ThreadPoolExecutor$Worker.run(Unknown Source)
	at java.lang.Thread.run(Unknown Source)
	at sun.rmi.transport.StreamRemoteCall.exceptionReceivedFromServer(Unknown Source)
	at sun.rmi.transport.StreamRemoteCall.executeCall(Unknown Source)
	at sun.rmi.server.UnicastRef.invoke(Unknown Source)
	at java.rmi.server.RemoteObjectInvocationHandler.invokeRemoteMethod(Unknown Source)
	at java.rmi.server.RemoteObjectInvocationHandler.invoke(Unknown Source)
	at com.sun.proxy.$Proxy19.findFuelByName(Unknown Source)
	at projekt.feukora.client.intern.ClientInternRMI.updateBlower(ClientInternRMI.java:227)
	at blower.controller.ControllerDetailview.ActionDetailviewSaveBlower(ControllerDetailview.java:144)
	at sun.reflect.NativeMethodAccessorImpl.invoke0(Native Method)
	at sun.reflect.NativeMethodAccessorImpl.invoke(Unknown Source)
	at sun.reflect.DelegatingMethodAccessorImpl.invoke(Unknown Source)
	at java.lang.reflect.Method.invoke(Unknown Source)
	at sun.reflect.misc.Trampoline.invoke(Unknown Source)
	at sun.reflect.GeneratedMethodAccessor1.invoke(Unknown Source)
	at sun.reflect.DelegatingMethodAccessorImpl.invoke(Unknown Source)
	at java.lang.reflect.Method.invoke(Unknown Source)
	at sun.reflect.misc.MethodUtil.invoke(Unknown Source)
	at javafx.fxml.FXMLLoader$MethodHandler.invoke(Unknown Source)
	at javafx.fxml.FXMLLoader$ControllerMethodEventHandler.handle(Unknown Source)
	at com.sun.javafx.event.CompositeEventHandler.dispatchBubblingEvent(Unknown Source)
	at com.sun.javafx.event.EventHandlerManager.dispatchBubblingEvent(Unknown Source)
	at com.sun.javafx.event.EventHandlerManager.dispatchBubblingEvent(Unknown Source)
	at com.sun.javafx.event.CompositeEventDispatcher.dispatchBubblingEvent(Unknown Source)
	at com.sun.javafx.event.BasicEventDispatcher.dispatchEvent(Unknown Source)
	at com.sun.javafx.event.EventDispatchChainImpl.dispatchEvent(Unknown Source)
	at com.sun.javafx.event.BasicEventDispatcher.dispatchEvent(Unknown Source)
	at com.sun.javafx.event.EventDispatchChainImpl.dispatchEvent(Unknown Source)
	at com.sun.javafx.event.BasicEventDispatcher.dispatchEvent(Unknown Source)
	at com.sun.javafx.event.EventDispatchChainImpl.dispatchEvent(Unknown Source)
	at com.sun.javafx.event.EventUtil.fireEventImpl(Unknown Source)
	at com.sun.javafx.event.EventUtil.fireEvent(Unknown Source)
	at javafx.event.Event.fireEvent(Unknown Source)
	at javafx.scene.Node.fireEvent(Unknown Source)
	at javafx.scene.control.Button.fire(Unknown Source)
	at com.sun.javafx.scene.control.behavior.ButtonBehavior.mouseReleased(Unknown Source)
	at com.sun.javafx.scene.control.skin.BehaviorSkinBase$1.handle(Unknown Source)
	at com.sun.javafx.scene.control.skin.BehaviorSkinBase$1.handle(Unknown Source)
	at com.sun.javafx.event.CompositeEventHandler$NormalEventHandlerRecord.handleBubblingEvent(Unknown Source)
	at com.sun.javafx.event.CompositeEventHandler.dispatchBubblingEvent(Unknown Source)
	at com.sun.javafx.event.EventHandlerManager.dispatchBubblingEvent(Unknown Source)
	at com.sun.javafx.event.EventHandlerManager.dispatchBubblingEvent(Unknown Source)
	at com.sun.javafx.event.CompositeEventDispatcher.dispatchBubblingEvent(Unknown Source)
	at com.sun.javafx.event.BasicEventDispatcher.dispatchEvent(Unknown Source)
	at com.sun.javafx.event.EventDispatchChainImpl.dispatchEvent(Unknown Source)
	at com.sun.javafx.event.BasicEventDispatcher.dispatchEvent(Unknown Source)
	at com.sun.javafx.event.EventDispatchChainImpl.dispatchEvent(Unknown Source)
	at com.sun.javafx.event.BasicEventDispatcher.dispatchEvent(Unknown Source)
	at com.sun.javafx.event.EventDispatchChainImpl.dispatchEvent(Unknown Source)
	at com.sun.javafx.event.EventUtil.fireEventImpl(Unknown Source)
	at com.sun.javafx.event.EventUtil.fireEvent(Unknown Source)
	at javafx.event.Event.fireEvent(Unknown Source)
	at javafx.scene.Scene$MouseHandler.process(Unknown Source)
	at javafx.scene.Scene$MouseHandler.access$1500(Unknown Source)
	at javafx.scene.Scene.impl_processMouseEvent(Unknown Source)
	at javafx.scene.Scene$ScenePeerListener.mouseEvent(Unknown Source)
	at com.sun.javafx.tk.quantum.GlassViewEventHandler$MouseEventNotification.run(Unknown Source)
	at com.sun.javafx.tk.quantum.GlassViewEventHandler$MouseEventNotification.run(Unknown Source)
	at java.security.AccessController.doPrivileged(Native Method)
	at com.sun.javafx.tk.quantum.GlassViewEventHandler.lambda$handleMouseEvent$354(Unknown Source)
	at com.sun.javafx.tk.quantum.QuantumToolkit.runWithoutRenderLock(Unknown Source)
	at com.sun.javafx.tk.quantum.GlassViewEventHandler.handleMouseEvent(Unknown Source)
	at com.sun.glass.ui.View.handleMouseEvent(Unknown Source)
	at com.sun.glass.ui.View.notifyMouse(Unknown Source)
	at com.sun.glass.ui.win.WinApplication._runLoop(Native Method)
	at com.sun.glass.ui.win.WinApplication.lambda$null$148(Unknown Source)
	at java.lang.Thread.run(Unknown Source)
2016-05-23 18:11:16 ERROR ControllerViewAdministrator:348 - Aktion konnte nicht durchgeführt werden'
javafx.fxml.LoadException: 
/C:/Users/Patrick/git/Feukora/project.feukora.client.intern/bin/rapport/view/Main.fxml:163

	at javafx.fxml.FXMLLoader.constructLoadException(Unknown Source)
	at javafx.fxml.FXMLLoader.loadImpl(Unknown Source)
	at javafx.fxml.FXMLLoader.loadImpl(Unknown Source)
	at javafx.fxml.FXMLLoader.loadImpl(Unknown Source)
	at javafx.fxml.FXMLLoader.loadImpl(Unknown Source)
	at javafx.fxml.FXMLLoader.loadImpl(Unknown Source)
	at javafx.fxml.FXMLLoader.loadImpl(Unknown Source)
	at javafx.fxml.FXMLLoader.loadImpl(Unknown Source)
	at javafx.fxml.FXMLLoader.load(Unknown Source)
	at application.ControllerViewAdministrator.ActionRapportNewMenuItem(ControllerViewAdministrator.java:343)
	at sun.reflect.NativeMethodAccessorImpl.invoke0(Native Method)
	at sun.reflect.NativeMethodAccessorImpl.invoke(Unknown Source)
	at sun.reflect.DelegatingMethodAccessorImpl.invoke(Unknown Source)
	at java.lang.reflect.Method.invoke(Unknown Source)
	at sun.reflect.misc.Trampoline.invoke(Unknown Source)
	at sun.reflect.GeneratedMethodAccessor1.invoke(Unknown Source)
	at sun.reflect.DelegatingMethodAccessorImpl.invoke(Unknown Source)
	at java.lang.reflect.Method.invoke(Unknown Source)
	at sun.reflect.misc.MethodUtil.invoke(Unknown Source)
	at javafx.fxml.FXMLLoader$MethodHandler.invoke(Unknown Source)
	at javafx.fxml.FXMLLoader$ControllerMethodEventHandler.handle(Unknown Source)
	at com.sun.javafx.event.CompositeEventHandler.dispatchBubblingEvent(Unknown Source)
	at com.sun.javafx.event.EventHandlerManager.dispatchBubblingEvent(Unknown Source)
	at com.sun.javafx.event.EventHandlerManager.dispatchBubblingEvent(Unknown Source)
	at com.sun.javafx.event.BasicEventDispatcher.dispatchEvent(Unknown Source)
	at com.sun.javafx.event.EventDispatchChainImpl.dispatchEvent(Unknown Source)
	at com.sun.javafx.event.EventUtil.fireEventImpl(Unknown Source)
	at com.sun.javafx.event.EventUtil.fireEvent(Unknown Source)
	at javafx.event.Event.fireEvent(Unknown Source)
	at javafx.scene.control.MenuItem.fire(Unknown Source)
	at com.sun.javafx.scene.control.skin.ContextMenuContent$MenuItemContainer.doSelect(Unknown Source)
	at com.sun.javafx.scene.control.skin.ContextMenuContent$MenuItemContainer.lambda$createChildren$343(Unknown Source)
	at com.sun.javafx.event.CompositeEventHandler$NormalEventHandlerRecord.handleBubblingEvent(Unknown Source)
	at com.sun.javafx.event.CompositeEventHandler.dispatchBubblingEvent(Unknown Source)
	at com.sun.javafx.event.EventHandlerManager.dispatchBubblingEvent(Unknown Source)
	at com.sun.javafx.event.EventHandlerManager.dispatchBubblingEvent(Unknown Source)
	at com.sun.javafx.event.CompositeEventDispatcher.dispatchBubblingEvent(Unknown Source)
	at com.sun.javafx.event.BasicEventDispatcher.dispatchEvent(Unknown Source)
	at com.sun.javafx.event.EventDispatchChainImpl.dispatchEvent(Unknown Source)
	at com.sun.javafx.event.BasicEventDispatcher.dispatchEvent(Unknown Source)
	at com.sun.javafx.event.EventDispatchChainImpl.dispatchEvent(Unknown Source)
	at com.sun.javafx.event.BasicEventDispatcher.dispatchEvent(Unknown Source)
	at com.sun.javafx.event.EventDispatchChainImpl.dispatchEvent(Unknown Source)
	at com.sun.javafx.event.BasicEventDispatcher.dispatchEvent(Unknown Source)
	at com.sun.javafx.event.EventDispatchChainImpl.dispatchEvent(Unknown Source)
	at com.sun.javafx.event.EventUtil.fireEventImpl(Unknown Source)
	at com.sun.javafx.event.EventUtil.fireEvent(Unknown Source)
	at javafx.event.Event.fireEvent(Unknown Source)
	at javafx.scene.Scene$MouseHandler.process(Unknown Source)
	at javafx.scene.Scene$MouseHandler.access$1500(Unknown Source)
	at javafx.scene.Scene.impl_processMouseEvent(Unknown Source)
	at javafx.scene.Scene$ScenePeerListener.mouseEvent(Unknown Source)
	at com.sun.javafx.tk.quantum.GlassViewEventHandler$MouseEventNotification.run(Unknown Source)
	at com.sun.javafx.tk.quantum.GlassViewEventHandler$MouseEventNotification.run(Unknown Source)
	at java.security.AccessController.doPrivileged(Native Method)
	at com.sun.javafx.tk.quantum.GlassViewEventHandler.lambda$handleMouseEvent$355(Unknown Source)
	at com.sun.javafx.tk.quantum.QuantumToolkit.runWithoutRenderLock(Unknown Source)
	at com.sun.javafx.tk.quantum.GlassViewEventHandler.handleMouseEvent(Unknown Source)
	at com.sun.glass.ui.View.handleMouseEvent(Unknown Source)
	at com.sun.glass.ui.View.notifyMouse(Unknown Source)
	at com.sun.glass.ui.win.WinApplication._runLoop(Native Method)
	at com.sun.glass.ui.win.WinApplication.lambda$null$149(Unknown Source)
	at java.lang.Thread.run(Unknown Source)
Caused by: java.lang.IllegalArgumentException: Can not set javafx.scene.control.RadioButton field rapport.controller.ControllerMain.radiooilpartyes1 to javafx.scene.control.Tab
	at sun.reflect.UnsafeFieldAccessorImpl.throwSetIllegalArgumentException(Unknown Source)
	at sun.reflect.UnsafeFieldAccessorImpl.throwSetIllegalArgumentException(Unknown Source)
	at sun.reflect.UnsafeObjectFieldAccessorImpl.set(Unknown Source)
	at java.lang.reflect.Field.set(Unknown Source)
	at javafx.fxml.FXMLLoader.injectFields(Unknown Source)
	at javafx.fxml.FXMLLoader.access$1600(Unknown Source)
	at javafx.fxml.FXMLLoader$ValueElement.processValue(Unknown Source)
	at javafx.fxml.FXMLLoader$ValueElement.processStartElement(Unknown Source)
	at javafx.fxml.FXMLLoader.processStartElement(Unknown Source)
	... 62 more
2016-05-23 18:13:36 ERROR ControllerViewAdministrator:348 - Aktion konnte nicht durchgeführt werden'
javafx.fxml.LoadException: 
/C:/Users/Patrick/git/Feukora/project.feukora.client.intern/bin/rapport/view/Main.fxml:163

	at javafx.fxml.FXMLLoader.constructLoadException(Unknown Source)
	at javafx.fxml.FXMLLoader.loadImpl(Unknown Source)
	at javafx.fxml.FXMLLoader.loadImpl(Unknown Source)
	at javafx.fxml.FXMLLoader.loadImpl(Unknown Source)
	at javafx.fxml.FXMLLoader.loadImpl(Unknown Source)
	at javafx.fxml.FXMLLoader.loadImpl(Unknown Source)
	at javafx.fxml.FXMLLoader.loadImpl(Unknown Source)
	at javafx.fxml.FXMLLoader.loadImpl(Unknown Source)
	at javafx.fxml.FXMLLoader.load(Unknown Source)
	at application.ControllerViewAdministrator.ActionRapportNewMenuItem(ControllerViewAdministrator.java:343)
	at sun.reflect.NativeMethodAccessorImpl.invoke0(Native Method)
	at sun.reflect.NativeMethodAccessorImpl.invoke(Unknown Source)
	at sun.reflect.DelegatingMethodAccessorImpl.invoke(Unknown Source)
	at java.lang.reflect.Method.invoke(Unknown Source)
	at sun.reflect.misc.Trampoline.invoke(Unknown Source)
	at sun.reflect.GeneratedMethodAccessor1.invoke(Unknown Source)
	at sun.reflect.DelegatingMethodAccessorImpl.invoke(Unknown Source)
	at java.lang.reflect.Method.invoke(Unknown Source)
	at sun.reflect.misc.MethodUtil.invoke(Unknown Source)
	at javafx.fxml.FXMLLoader$MethodHandler.invoke(Unknown Source)
	at javafx.fxml.FXMLLoader$ControllerMethodEventHandler.handle(Unknown Source)
	at com.sun.javafx.event.CompositeEventHandler.dispatchBubblingEvent(Unknown Source)
	at com.sun.javafx.event.EventHandlerManager.dispatchBubblingEvent(Unknown Source)
	at com.sun.javafx.event.EventHandlerManager.dispatchBubblingEvent(Unknown Source)
	at com.sun.javafx.event.BasicEventDispatcher.dispatchEvent(Unknown Source)
	at com.sun.javafx.event.EventDispatchChainImpl.dispatchEvent(Unknown Source)
	at com.sun.javafx.event.EventUtil.fireEventImpl(Unknown Source)
	at com.sun.javafx.event.EventUtil.fireEvent(Unknown Source)
	at javafx.event.Event.fireEvent(Unknown Source)
	at javafx.scene.control.MenuItem.fire(Unknown Source)
	at com.sun.javafx.scene.control.skin.ContextMenuContent$MenuItemContainer.doSelect(Unknown Source)
	at com.sun.javafx.scene.control.skin.ContextMenuContent$MenuItemContainer.lambda$createChildren$343(Unknown Source)
	at com.sun.javafx.event.CompositeEventHandler$NormalEventHandlerRecord.handleBubblingEvent(Unknown Source)
	at com.sun.javafx.event.CompositeEventHandler.dispatchBubblingEvent(Unknown Source)
	at com.sun.javafx.event.EventHandlerManager.dispatchBubblingEvent(Unknown Source)
	at com.sun.javafx.event.EventHandlerManager.dispatchBubblingEvent(Unknown Source)
	at com.sun.javafx.event.CompositeEventDispatcher.dispatchBubblingEvent(Unknown Source)
	at com.sun.javafx.event.BasicEventDispatcher.dispatchEvent(Unknown Source)
	at com.sun.javafx.event.EventDispatchChainImpl.dispatchEvent(Unknown Source)
	at com.sun.javafx.event.BasicEventDispatcher.dispatchEvent(Unknown Source)
	at com.sun.javafx.event.EventDispatchChainImpl.dispatchEvent(Unknown Source)
	at com.sun.javafx.event.BasicEventDispatcher.dispatchEvent(Unknown Source)
	at com.sun.javafx.event.EventDispatchChainImpl.dispatchEvent(Unknown Source)
	at com.sun.javafx.event.BasicEventDispatcher.dispatchEvent(Unknown Source)
	at com.sun.javafx.event.EventDispatchChainImpl.dispatchEvent(Unknown Source)
	at com.sun.javafx.event.EventUtil.fireEventImpl(Unknown Source)
	at com.sun.javafx.event.EventUtil.fireEvent(Unknown Source)
	at javafx.event.Event.fireEvent(Unknown Source)
	at javafx.scene.Scene$MouseHandler.process(Unknown Source)
	at javafx.scene.Scene$MouseHandler.access$1500(Unknown Source)
	at javafx.scene.Scene.impl_processMouseEvent(Unknown Source)
	at javafx.scene.Scene$ScenePeerListener.mouseEvent(Unknown Source)
	at com.sun.javafx.tk.quantum.GlassViewEventHandler$MouseEventNotification.run(Unknown Source)
	at com.sun.javafx.tk.quantum.GlassViewEventHandler$MouseEventNotification.run(Unknown Source)
	at java.security.AccessController.doPrivileged(Native Method)
	at com.sun.javafx.tk.quantum.GlassViewEventHandler.lambda$handleMouseEvent$355(Unknown Source)
	at com.sun.javafx.tk.quantum.QuantumToolkit.runWithoutRenderLock(Unknown Source)
	at com.sun.javafx.tk.quantum.GlassViewEventHandler.handleMouseEvent(Unknown Source)
	at com.sun.glass.ui.View.handleMouseEvent(Unknown Source)
	at com.sun.glass.ui.View.notifyMouse(Unknown Source)
	at com.sun.glass.ui.win.WinApplication._runLoop(Native Method)
	at com.sun.glass.ui.win.WinApplication.lambda$null$149(Unknown Source)
	at java.lang.Thread.run(Unknown Source)
Caused by: java.lang.IllegalArgumentException: Can not set javafx.scene.control.RadioButton field rapport.controller.ControllerMain.radiooilpartyes1 to javafx.scene.control.Tab
	at sun.reflect.UnsafeFieldAccessorImpl.throwSetIllegalArgumentException(Unknown Source)
	at sun.reflect.UnsafeFieldAccessorImpl.throwSetIllegalArgumentException(Unknown Source)
	at sun.reflect.UnsafeObjectFieldAccessorImpl.set(Unknown Source)
	at java.lang.reflect.Field.set(Unknown Source)
	at javafx.fxml.FXMLLoader.injectFields(Unknown Source)
	at javafx.fxml.FXMLLoader.access$1600(Unknown Source)
	at javafx.fxml.FXMLLoader$ValueElement.processValue(Unknown Source)
	at javafx.fxml.FXMLLoader$ValueElement.processStartElement(Unknown Source)
	at javafx.fxml.FXMLLoader.processStartElement(Unknown Source)
	... 62 more
2016-05-23 18:34:54 ERROR ControllerViewAdministrator:348 - Aktion konnte nicht durchgeführt werden'
javafx.fxml.LoadException: 
/C:/Users/Patrick/git/Feukora/project.feukora.client.intern/bin/rapport/view/Main.fxml:163

	at javafx.fxml.FXMLLoader.constructLoadException(Unknown Source)
	at javafx.fxml.FXMLLoader.loadImpl(Unknown Source)
	at javafx.fxml.FXMLLoader.loadImpl(Unknown Source)
	at javafx.fxml.FXMLLoader.loadImpl(Unknown Source)
	at javafx.fxml.FXMLLoader.loadImpl(Unknown Source)
	at javafx.fxml.FXMLLoader.loadImpl(Unknown Source)
	at javafx.fxml.FXMLLoader.loadImpl(Unknown Source)
	at javafx.fxml.FXMLLoader.loadImpl(Unknown Source)
	at javafx.fxml.FXMLLoader.load(Unknown Source)
	at application.ControllerViewAdministrator.ActionRapportNewMenuItem(ControllerViewAdministrator.java:343)
	at sun.reflect.NativeMethodAccessorImpl.invoke0(Native Method)
	at sun.reflect.NativeMethodAccessorImpl.invoke(Unknown Source)
	at sun.reflect.DelegatingMethodAccessorImpl.invoke(Unknown Source)
	at java.lang.reflect.Method.invoke(Unknown Source)
	at sun.reflect.misc.Trampoline.invoke(Unknown Source)
	at sun.reflect.GeneratedMethodAccessor1.invoke(Unknown Source)
	at sun.reflect.DelegatingMethodAccessorImpl.invoke(Unknown Source)
	at java.lang.reflect.Method.invoke(Unknown Source)
	at sun.reflect.misc.MethodUtil.invoke(Unknown Source)
	at javafx.fxml.FXMLLoader$MethodHandler.invoke(Unknown Source)
	at javafx.fxml.FXMLLoader$ControllerMethodEventHandler.handle(Unknown Source)
	at com.sun.javafx.event.CompositeEventHandler.dispatchBubblingEvent(Unknown Source)
	at com.sun.javafx.event.EventHandlerManager.dispatchBubblingEvent(Unknown Source)
	at com.sun.javafx.event.EventHandlerManager.dispatchBubblingEvent(Unknown Source)
	at com.sun.javafx.event.BasicEventDispatcher.dispatchEvent(Unknown Source)
	at com.sun.javafx.event.EventDispatchChainImpl.dispatchEvent(Unknown Source)
	at com.sun.javafx.event.EventUtil.fireEventImpl(Unknown Source)
	at com.sun.javafx.event.EventUtil.fireEvent(Unknown Source)
	at javafx.event.Event.fireEvent(Unknown Source)
	at javafx.scene.control.MenuItem.fire(Unknown Source)
	at com.sun.javafx.scene.control.skin.ContextMenuContent$MenuItemContainer.doSelect(Unknown Source)
	at com.sun.javafx.scene.control.skin.ContextMenuContent$MenuItemContainer.lambda$createChildren$343(Unknown Source)
	at com.sun.javafx.event.CompositeEventHandler$NormalEventHandlerRecord.handleBubblingEvent(Unknown Source)
	at com.sun.javafx.event.CompositeEventHandler.dispatchBubblingEvent(Unknown Source)
	at com.sun.javafx.event.EventHandlerManager.dispatchBubblingEvent(Unknown Source)
	at com.sun.javafx.event.EventHandlerManager.dispatchBubblingEvent(Unknown Source)
	at com.sun.javafx.event.CompositeEventDispatcher.dispatchBubblingEvent(Unknown Source)
	at com.sun.javafx.event.BasicEventDispatcher.dispatchEvent(Unknown Source)
	at com.sun.javafx.event.EventDispatchChainImpl.dispatchEvent(Unknown Source)
	at com.sun.javafx.event.BasicEventDispatcher.dispatchEvent(Unknown Source)
	at com.sun.javafx.event.EventDispatchChainImpl.dispatchEvent(Unknown Source)
	at com.sun.javafx.event.BasicEventDispatcher.dispatchEvent(Unknown Source)
	at com.sun.javafx.event.EventDispatchChainImpl.dispatchEvent(Unknown Source)
	at com.sun.javafx.event.BasicEventDispatcher.dispatchEvent(Unknown Source)
	at com.sun.javafx.event.EventDispatchChainImpl.dispatchEvent(Unknown Source)
	at com.sun.javafx.event.EventUtil.fireEventImpl(Unknown Source)
	at com.sun.javafx.event.EventUtil.fireEvent(Unknown Source)
	at javafx.event.Event.fireEvent(Unknown Source)
	at javafx.scene.Scene$MouseHandler.process(Unknown Source)
	at javafx.scene.Scene$MouseHandler.access$1500(Unknown Source)
	at javafx.scene.Scene.impl_processMouseEvent(Unknown Source)
	at javafx.scene.Scene$ScenePeerListener.mouseEvent(Unknown Source)
	at com.sun.javafx.tk.quantum.GlassViewEventHandler$MouseEventNotification.run(Unknown Source)
	at com.sun.javafx.tk.quantum.GlassViewEventHandler$MouseEventNotification.run(Unknown Source)
	at java.security.AccessController.doPrivileged(Native Method)
	at com.sun.javafx.tk.quantum.GlassViewEventHandler.lambda$handleMouseEvent$355(Unknown Source)
	at com.sun.javafx.tk.quantum.QuantumToolkit.runWithoutRenderLock(Unknown Source)
	at com.sun.javafx.tk.quantum.GlassViewEventHandler.handleMouseEvent(Unknown Source)
	at com.sun.glass.ui.View.handleMouseEvent(Unknown Source)
	at com.sun.glass.ui.View.notifyMouse(Unknown Source)
	at com.sun.glass.ui.win.WinApplication._runLoop(Native Method)
	at com.sun.glass.ui.win.WinApplication.lambda$null$149(Unknown Source)
	at java.lang.Thread.run(Unknown Source)
Caused by: java.lang.IllegalArgumentException: Can not set javafx.scene.control.RadioButton field rapport.controller.ControllerMain.radiooilpartyes1 to javafx.scene.control.Tab
	at sun.reflect.UnsafeFieldAccessorImpl.throwSetIllegalArgumentException(Unknown Source)
	at sun.reflect.UnsafeFieldAccessorImpl.throwSetIllegalArgumentException(Unknown Source)
	at sun.reflect.UnsafeObjectFieldAccessorImpl.set(Unknown Source)
	at java.lang.reflect.Field.set(Unknown Source)
	at javafx.fxml.FXMLLoader.injectFields(Unknown Source)
	at javafx.fxml.FXMLLoader.access$1600(Unknown Source)
	at javafx.fxml.FXMLLoader$ValueElement.processValue(Unknown Source)
	at javafx.fxml.FXMLLoader$ValueElement.processStartElement(Unknown Source)
	at javafx.fxml.FXMLLoader.processStartElement(Unknown Source)
	... 62 more
2016-05-23 18:36:29 ERROR ControllerViewAdministrator:348 - Aktion konnte nicht durchgeführt werden'
javafx.fxml.LoadException: Error resolving onAction='#SetAdditionalstepsNo', either the event handler is not in the Namespace or there is an error in the script.
/C:/Users/Patrick/git/Feukora/project.feukora.client.intern/bin/rapport/view/Main.fxml:878

	at javafx.fxml.FXMLLoader.constructLoadException(Unknown Source)
	at javafx.fxml.FXMLLoader.access$100(Unknown Source)
	at javafx.fxml.FXMLLoader$Element.processEventHandlerAttributes(Unknown Source)
	at javafx.fxml.FXMLLoader$ValueElement.processEndElement(Unknown Source)
	at javafx.fxml.FXMLLoader.processEndElement(Unknown Source)
	at javafx.fxml.FXMLLoader.loadImpl(Unknown Source)
	at javafx.fxml.FXMLLoader.loadImpl(Unknown Source)
	at javafx.fxml.FXMLLoader.loadImpl(Unknown Source)
	at javafx.fxml.FXMLLoader.loadImpl(Unknown Source)
	at javafx.fxml.FXMLLoader.loadImpl(Unknown Source)
	at javafx.fxml.FXMLLoader.loadImpl(Unknown Source)
	at javafx.fxml.FXMLLoader.loadImpl(Unknown Source)
	at javafx.fxml.FXMLLoader.load(Unknown Source)
	at application.ControllerViewAdministrator.ActionRapportNewMenuItem(ControllerViewAdministrator.java:343)
	at sun.reflect.NativeMethodAccessorImpl.invoke0(Native Method)
	at sun.reflect.NativeMethodAccessorImpl.invoke(Unknown Source)
	at sun.reflect.DelegatingMethodAccessorImpl.invoke(Unknown Source)
	at java.lang.reflect.Method.invoke(Unknown Source)
	at sun.reflect.misc.Trampoline.invoke(Unknown Source)
	at sun.reflect.GeneratedMethodAccessor1.invoke(Unknown Source)
	at sun.reflect.DelegatingMethodAccessorImpl.invoke(Unknown Source)
	at java.lang.reflect.Method.invoke(Unknown Source)
	at sun.reflect.misc.MethodUtil.invoke(Unknown Source)
	at javafx.fxml.FXMLLoader$MethodHandler.invoke(Unknown Source)
	at javafx.fxml.FXMLLoader$ControllerMethodEventHandler.handle(Unknown Source)
	at com.sun.javafx.event.CompositeEventHandler.dispatchBubblingEvent(Unknown Source)
	at com.sun.javafx.event.EventHandlerManager.dispatchBubblingEvent(Unknown Source)
	at com.sun.javafx.event.EventHandlerManager.dispatchBubblingEvent(Unknown Source)
	at com.sun.javafx.event.BasicEventDispatcher.dispatchEvent(Unknown Source)
	at com.sun.javafx.event.EventDispatchChainImpl.dispatchEvent(Unknown Source)
	at com.sun.javafx.event.EventUtil.fireEventImpl(Unknown Source)
	at com.sun.javafx.event.EventUtil.fireEvent(Unknown Source)
	at javafx.event.Event.fireEvent(Unknown Source)
	at javafx.scene.control.MenuItem.fire(Unknown Source)
	at com.sun.javafx.scene.control.skin.ContextMenuContent$MenuItemContainer.doSelect(Unknown Source)
	at com.sun.javafx.scene.control.skin.ContextMenuContent$MenuItemContainer.lambda$createChildren$343(Unknown Source)
	at com.sun.javafx.event.CompositeEventHandler$NormalEventHandlerRecord.handleBubblingEvent(Unknown Source)
	at com.sun.javafx.event.CompositeEventHandler.dispatchBubblingEvent(Unknown Source)
	at com.sun.javafx.event.EventHandlerManager.dispatchBubblingEvent(Unknown Source)
	at com.sun.javafx.event.EventHandlerManager.dispatchBubblingEvent(Unknown Source)
	at com.sun.javafx.event.CompositeEventDispatcher.dispatchBubblingEvent(Unknown Source)
	at com.sun.javafx.event.BasicEventDispatcher.dispatchEvent(Unknown Source)
	at com.sun.javafx.event.EventDispatchChainImpl.dispatchEvent(Unknown Source)
	at com.sun.javafx.event.BasicEventDispatcher.dispatchEvent(Unknown Source)
	at com.sun.javafx.event.EventDispatchChainImpl.dispatchEvent(Unknown Source)
	at com.sun.javafx.event.BasicEventDispatcher.dispatchEvent(Unknown Source)
	at com.sun.javafx.event.EventDispatchChainImpl.dispatchEvent(Unknown Source)
	at com.sun.javafx.event.BasicEventDispatcher.dispatchEvent(Unknown Source)
	at com.sun.javafx.event.EventDispatchChainImpl.dispatchEvent(Unknown Source)
	at com.sun.javafx.event.EventUtil.fireEventImpl(Unknown Source)
	at com.sun.javafx.event.EventUtil.fireEvent(Unknown Source)
	at javafx.event.Event.fireEvent(Unknown Source)
	at javafx.scene.Scene$MouseHandler.process(Unknown Source)
	at javafx.scene.Scene$MouseHandler.access$1500(Unknown Source)
	at javafx.scene.Scene.impl_processMouseEvent(Unknown Source)
	at javafx.scene.Scene$ScenePeerListener.mouseEvent(Unknown Source)
	at com.sun.javafx.tk.quantum.GlassViewEventHandler$MouseEventNotification.run(Unknown Source)
	at com.sun.javafx.tk.quantum.GlassViewEventHandler$MouseEventNotification.run(Unknown Source)
	at java.security.AccessController.doPrivileged(Native Method)
	at com.sun.javafx.tk.quantum.GlassViewEventHandler.lambda$handleMouseEvent$355(Unknown Source)
	at com.sun.javafx.tk.quantum.QuantumToolkit.runWithoutRenderLock(Unknown Source)
	at com.sun.javafx.tk.quantum.GlassViewEventHandler.handleMouseEvent(Unknown Source)
	at com.sun.glass.ui.View.handleMouseEvent(Unknown Source)
	at com.sun.glass.ui.View.notifyMouse(Unknown Source)
	at com.sun.glass.ui.win.WinApplication._runLoop(Native Method)
	at com.sun.glass.ui.win.WinApplication.lambda$null$149(Unknown Source)
	at java.lang.Thread.run(Unknown Source)
